running egg_info
writing ../../build/my_tutorials/my_tutorials.egg-info/PKG-INFO
writing dependency_links to ../../build/my_tutorials/my_tutorials.egg-info/dependency_links.txt
writing entry points to ../../build/my_tutorials/my_tutorials.egg-info/entry_points.txt
writing requirements to ../../build/my_tutorials/my_tutorials.egg-info/requires.txt
writing top-level names to ../../build/my_tutorials/my_tutorials.egg-info/top_level.txt
reading manifest file '../../build/my_tutorials/my_tutorials.egg-info/SOURCES.txt'
writing manifest file '../../build/my_tutorials/my_tutorials.egg-info/SOURCES.txt'
running build
running build_py
running install
running install_lib
running install_data
running install_egg_info
removing '/home/sagar/Developer/Robotics/Getting-Started-with-ROS2-A-Tutorial-Series/workspace/ros2_ws/install/my_tutorials/lib/python3.10/site-packages/my_tutorials-0.0.0-py3.10.egg-info' (and everything under it)
Copying ../../build/my_tutorials/my_tutorials.egg-info to /home/sagar/Developer/Robotics/Getting-Started-with-ROS2-A-Tutorial-Series/workspace/ros2_ws/install/my_tutorials/lib/python3.10/site-packages/my_tutorials-0.0.0-py3.10.egg-info
running install_scripts
Installing publisher script to /home/sagar/Developer/Robotics/Getting-Started-with-ROS2-A-Tutorial-Series/workspace/ros2_ws/install/my_tutorials/lib/my_tutorials
Installing subscriber script to /home/sagar/Developer/Robotics/Getting-Started-with-ROS2-A-Tutorial-Series/workspace/ros2_ws/install/my_tutorials/lib/my_tutorials
writing list of installed files to '/home/sagar/Developer/Robotics/Getting-Started-with-ROS2-A-Tutorial-Series/workspace/ros2_ws/build/my_tutorials/install.log'
