running egg_info
creating ../../build/my_tutorials/my_tutorials.egg-info
writing ../../build/my_tutorials/my_tutorials.egg-info/PKG-INFO
writing dependency_links to ../../build/my_tutorials/my_tutorials.egg-info/dependency_links.txt
writing entry points to ../../build/my_tutorials/my_tutorials.egg-info/entry_points.txt
writing requirements to ../../build/my_tutorials/my_tutorials.egg-info/requires.txt
writing top-level names to ../../build/my_tutorials/my_tutorials.egg-info/top_level.txt
writing manifest file '../../build/my_tutorials/my_tutorials.egg-info/SOURCES.txt'
reading manifest file '../../build/my_tutorials/my_tutorials.egg-info/SOURCES.txt'
writing manifest file '../../build/my_tutorials/my_tutorials.egg-info/SOURCES.txt'
running build
running build_py
creating /home/sagar/Developer/Robotics/Getting-Started-with-ROS2-A-Tutorial-Series/workspace/ros2_ws/build/my_tutorials/build
creating /home/sagar/Developer/Robotics/Getting-Started-with-ROS2-A-Tutorial-Series/workspace/ros2_ws/build/my_tutorials/build/lib
creating /home/sagar/Developer/Robotics/Getting-Started-with-ROS2-A-Tutorial-Series/workspace/ros2_ws/build/my_tutorials/build/lib/my_tutorials
copying my_tutorials/__init__.py -> /home/sagar/Developer/Robotics/Getting-Started-with-ROS2-A-Tutorial-Series/workspace/ros2_ws/build/my_tutorials/build/lib/my_tutorials
running install
running install_lib
creating /home/sagar/Developer/Robotics/Getting-Started-with-ROS2-A-Tutorial-Series/workspace/ros2_ws/install/my_tutorials/lib/python3.10/site-packages/my_tutorials
copying /home/sagar/Developer/Robotics/Getting-Started-with-ROS2-A-Tutorial-Series/workspace/ros2_ws/build/my_tutorials/build/lib/my_tutorials/__init__.py -> /home/sagar/Developer/Robotics/Getting-Started-with-ROS2-A-Tutorial-Series/workspace/ros2_ws/install/my_tutorials/lib/python3.10/site-packages/my_tutorials
byte-compiling /home/sagar/Developer/Robotics/Getting-Started-with-ROS2-A-Tutorial-Series/workspace/ros2_ws/install/my_tutorials/lib/python3.10/site-packages/my_tutorials/__init__.py to __init__.cpython-310.pyc
running install_data
creating /home/sagar/Developer/Robotics/Getting-Started-with-ROS2-A-Tutorial-Series/workspace/ros2_ws/install/my_tutorials/share/ament_index
creating /home/sagar/Developer/Robotics/Getting-Started-with-ROS2-A-Tutorial-Series/workspace/ros2_ws/install/my_tutorials/share/ament_index/resource_index
creating /home/sagar/Developer/Robotics/Getting-Started-with-ROS2-A-Tutorial-Series/workspace/ros2_ws/install/my_tutorials/share/ament_index/resource_index/packages
copying resource/my_tutorials -> /home/sagar/Developer/Robotics/Getting-Started-with-ROS2-A-Tutorial-Series/workspace/ros2_ws/install/my_tutorials/share/ament_index/resource_index/packages
copying package.xml -> /home/sagar/Developer/Robotics/Getting-Started-with-ROS2-A-Tutorial-Series/workspace/ros2_ws/install/my_tutorials/share/my_tutorials
running install_egg_info
Copying ../../build/my_tutorials/my_tutorials.egg-info to /home/sagar/Developer/Robotics/Getting-Started-with-ROS2-A-Tutorial-Series/workspace/ros2_ws/install/my_tutorials/lib/python3.10/site-packages/my_tutorials-0.0.0-py3.10.egg-info
running install_scripts
writing list of installed files to '/home/sagar/Developer/Robotics/Getting-Started-with-ROS2-A-Tutorial-Series/workspace/ros2_ws/build/my_tutorials/install.log'
