[0.378s] DEBUG:colcon:Command line arguments: ['/usr/bin/colcon', 'build']
[0.378s] DEBUG:colcon:Parsed command line arguments: Namespace(log_base=None, log_level=None, verb_name='build', build_base='build', install_base='install', merge_install=False, symlink_install=False, test_result_base=None, continue_on_error=False, executor='parallel', parallel_workers=4, event_handlers=None, ignore_user_meta=False, metas=['./colcon.meta'], base_paths=['.'], packages_ignore=None, packages_ignore_regex=None, paths=None, packages_up_to=None, packages_up_to_regex=None, packages_above=None, packages_above_and_dependencies=None, packages_above_depth=None, packages_select_by_dep=None, packages_skip_by_dep=None, packages_skip_up_to=None, packages_select_build_failed=False, packages_skip_build_finished=False, packages_select_test_failures=False, packages_skip_test_passed=False, packages_select=None, packages_skip=None, packages_select_regex=None, packages_skip_regex=None, packages_start=None, packages_end=None, allow_overriding=[], cmake_args=None, cmake_target=None, cmake_target_skip_unavailable=False, cmake_clean_cache=False, cmake_clean_first=False, cmake_force_configure=False, ament_cmake_args=None, catkin_cmake_args=None, catkin_skip_building_tests=False, mixin_files=None, mixin=None, verb_parser=<colcon_mixin.mixin.mixin_argument.MixinArgumentDecorator object at 0x70ea40b42200>, verb_extension=<colcon_core.verb.build.BuildVerb object at 0x70ea40cab8b0>, main=<bound method BuildVerb.main of <colcon_core.verb.build.BuildVerb object at 0x70ea40cab8b0>>, mixin_verb=('build',))
[1.033s] Level 1:colcon.colcon_core.package_discovery:discover_packages(colcon_meta) check parameters
[1.034s] Level 1:colcon.colcon_core.package_discovery:discover_packages(recursive) check parameters
[1.034s] Level 1:colcon.colcon_core.package_discovery:discover_packages(ignore) check parameters
[1.034s] Level 1:colcon.colcon_core.package_discovery:discover_packages(path) check parameters
[1.034s] Level 1:colcon.colcon_core.package_discovery:discover_packages(colcon_meta) discover
[1.034s] Level 1:colcon.colcon_core.package_discovery:discover_packages(recursive) discover
[1.034s] INFO:colcon.colcon_core.package_discovery:Crawling recursively for packages in '/home/sagar/Developer/Robotics/Getting-Started-with-ROS2-A-Tutorial-Series/workspace/ros2_ws'
[1.035s] Level 1:colcon.colcon_core.package_identification:_identify(.) by extensions ['ignore', 'ignore_ament_install']
[1.035s] Level 1:colcon.colcon_core.package_identification:_identify(.) by extension 'ignore'
[1.035s] Level 1:colcon.colcon_core.package_identification:_identify(.) by extension 'ignore_ament_install'
[1.035s] Level 1:colcon.colcon_core.package_identification:_identify(.) by extensions ['colcon_pkg']
[1.035s] Level 1:colcon.colcon_core.package_identification:_identify(.) by extension 'colcon_pkg'
[1.036s] Level 1:colcon.colcon_core.package_identification:_identify(.) by extensions ['colcon_meta']
[1.036s] Level 1:colcon.colcon_core.package_identification:_identify(.) by extension 'colcon_meta'
[1.036s] Level 1:colcon.colcon_core.package_identification:_identify(.) by extensions ['ros']
[1.036s] Level 1:colcon.colcon_core.package_identification:_identify(.) by extension 'ros'
[1.076s] Level 1:colcon.colcon_core.package_identification:_identify(.) by extensions ['cmake', 'python']
[1.076s] Level 1:colcon.colcon_core.package_identification:_identify(.) by extension 'cmake'
[1.076s] Level 1:colcon.colcon_core.package_identification:_identify(.) by extension 'python'
[1.076s] Level 1:colcon.colcon_core.package_identification:_identify(.) by extensions ['python_setup_py']
[1.077s] Level 1:colcon.colcon_core.package_identification:_identify(.) by extension 'python_setup_py'
[1.077s] Level 1:colcon.colcon_core.package_identification:_identify(build) by extensions ['ignore', 'ignore_ament_install']
[1.077s] Level 1:colcon.colcon_core.package_identification:_identify(build) by extension 'ignore'
[1.077s] Level 1:colcon.colcon_core.package_identification:_identify(build) ignored
[1.078s] Level 1:colcon.colcon_core.package_identification:_identify(install) by extensions ['ignore', 'ignore_ament_install']
[1.078s] Level 1:colcon.colcon_core.package_identification:_identify(install) by extension 'ignore'
[1.078s] Level 1:colcon.colcon_core.package_identification:_identify(install) ignored
[1.078s] Level 1:colcon.colcon_core.package_identification:_identify(log) by extensions ['ignore', 'ignore_ament_install']
[1.079s] Level 1:colcon.colcon_core.package_identification:_identify(log) by extension 'ignore'
[1.079s] Level 1:colcon.colcon_core.package_identification:_identify(log) ignored
[1.079s] Level 1:colcon.colcon_core.package_identification:_identify(src) by extensions ['ignore', 'ignore_ament_install']
[1.079s] Level 1:colcon.colcon_core.package_identification:_identify(src) by extension 'ignore'
[1.079s] Level 1:colcon.colcon_core.package_identification:_identify(src) by extension 'ignore_ament_install'
[1.080s] Level 1:colcon.colcon_core.package_identification:_identify(src) by extensions ['colcon_pkg']
[1.080s] Level 1:colcon.colcon_core.package_identification:_identify(src) by extension 'colcon_pkg'
[1.080s] Level 1:colcon.colcon_core.package_identification:_identify(src) by extensions ['colcon_meta']
[1.080s] Level 1:colcon.colcon_core.package_identification:_identify(src) by extension 'colcon_meta'
[1.080s] Level 1:colcon.colcon_core.package_identification:_identify(src) by extensions ['ros']
[1.080s] Level 1:colcon.colcon_core.package_identification:_identify(src) by extension 'ros'
[1.081s] Level 1:colcon.colcon_core.package_identification:_identify(src) by extensions ['cmake', 'python']
[1.081s] Level 1:colcon.colcon_core.package_identification:_identify(src) by extension 'cmake'
[1.081s] Level 1:colcon.colcon_core.package_identification:_identify(src) by extension 'python'
[1.081s] Level 1:colcon.colcon_core.package_identification:_identify(src) by extensions ['python_setup_py']
[1.081s] Level 1:colcon.colcon_core.package_identification:_identify(src) by extension 'python_setup_py'
[1.082s] Level 1:colcon.colcon_core.package_identification:_identify(src/rpi_robo_imageprocessing) by extensions ['ignore', 'ignore_ament_install']
[1.082s] Level 1:colcon.colcon_core.package_identification:_identify(src/rpi_robo_imageprocessing) by extension 'ignore'
[1.082s] Level 1:colcon.colcon_core.package_identification:_identify(src/rpi_robo_imageprocessing) by extension 'ignore_ament_install'
[1.082s] Level 1:colcon.colcon_core.package_identification:_identify(src/rpi_robo_imageprocessing) by extensions ['colcon_pkg']
[1.083s] Level 1:colcon.colcon_core.package_identification:_identify(src/rpi_robo_imageprocessing) by extension 'colcon_pkg'
[1.083s] Level 1:colcon.colcon_core.package_identification:_identify(src/rpi_robo_imageprocessing) by extensions ['colcon_meta']
[1.083s] Level 1:colcon.colcon_core.package_identification:_identify(src/rpi_robo_imageprocessing) by extension 'colcon_meta'
[1.083s] Level 1:colcon.colcon_core.package_identification:_identify(src/rpi_robo_imageprocessing) by extensions ['ros']
[1.083s] Level 1:colcon.colcon_core.package_identification:_identify(src/rpi_robo_imageprocessing) by extension 'ros'
[1.092s] DEBUG:colcon.colcon_core.package_identification:Package 'src/rpi_robo_imageprocessing' with type 'ros.ament_python' and name 'rpi_robo_imageprocessing'
[1.092s] Level 1:colcon.colcon_core.package_discovery:discover_packages(recursive) using defaults
[1.092s] Level 1:colcon.colcon_core.package_discovery:discover_packages(ignore) discover
[1.093s] Level 1:colcon.colcon_core.package_discovery:discover_packages(ignore) using defaults
[1.093s] Level 1:colcon.colcon_core.package_discovery:discover_packages(path) discover
[1.093s] Level 1:colcon.colcon_core.package_discovery:discover_packages(path) using defaults
[1.194s] Level 1:colcon.colcon_core.package_discovery:discover_packages(prefix_path) check parameters
[1.194s] Level 1:colcon.colcon_core.package_discovery:discover_packages(prefix_path) discover
[1.200s] DEBUG:colcon.colcon_installed_package_information.package_discovery:Found 1 installed packages in /home/sagar/Developer/Robotics/Getting-Started-with-ROS2-A-Tutorial-Series/workspace/ros2_ws/install
[1.205s] DEBUG:colcon.colcon_installed_package_information.package_discovery:Found 296 installed packages in /opt/ros/humble
[1.213s] Level 1:colcon.colcon_core.package_discovery:discover_packages(prefix_path) using defaults
[1.383s] Level 5:colcon.colcon_core.verb:set package 'rpi_robo_imageprocessing' build argument 'cmake_args' from command line to 'None'
[1.383s] Level 5:colcon.colcon_core.verb:set package 'rpi_robo_imageprocessing' build argument 'cmake_target' from command line to 'None'
[1.383s] Level 5:colcon.colcon_core.verb:set package 'rpi_robo_imageprocessing' build argument 'cmake_target_skip_unavailable' from command line to 'False'
[1.383s] Level 5:colcon.colcon_core.verb:set package 'rpi_robo_imageprocessing' build argument 'cmake_clean_cache' from command line to 'False'
[1.383s] Level 5:colcon.colcon_core.verb:set package 'rpi_robo_imageprocessing' build argument 'cmake_clean_first' from command line to 'False'
[1.383s] Level 5:colcon.colcon_core.verb:set package 'rpi_robo_imageprocessing' build argument 'cmake_force_configure' from command line to 'False'
[1.383s] Level 5:colcon.colcon_core.verb:set package 'rpi_robo_imageprocessing' build argument 'ament_cmake_args' from command line to 'None'
[1.383s] Level 5:colcon.colcon_core.verb:set package 'rpi_robo_imageprocessing' build argument 'catkin_cmake_args' from command line to 'None'
[1.384s] Level 5:colcon.colcon_core.verb:set package 'rpi_robo_imageprocessing' build argument 'catkin_skip_building_tests' from command line to 'False'
[1.384s] DEBUG:colcon.colcon_core.verb:Building package 'rpi_robo_imageprocessing' with the following arguments: {'ament_cmake_args': None, 'build_base': '/home/sagar/Developer/Robotics/Getting-Started-with-ROS2-A-Tutorial-Series/workspace/ros2_ws/build/rpi_robo_imageprocessing', 'catkin_cmake_args': None, 'catkin_skip_building_tests': False, 'cmake_args': None, 'cmake_clean_cache': False, 'cmake_clean_first': False, 'cmake_force_configure': False, 'cmake_target': None, 'cmake_target_skip_unavailable': False, 'install_base': '/home/sagar/Developer/Robotics/Getting-Started-with-ROS2-A-Tutorial-Series/workspace/ros2_ws/install/rpi_robo_imageprocessing', 'merge_install': False, 'path': '/home/sagar/Developer/Robotics/Getting-Started-with-ROS2-A-Tutorial-Series/workspace/ros2_ws/src/rpi_robo_imageprocessing', 'symlink_install': False, 'test_result_base': None}
[1.384s] INFO:colcon.colcon_core.executor:Executing jobs using 'parallel' executor
[1.388s] DEBUG:colcon.colcon_parallel_executor.executor.parallel:run_until_complete
[1.388s] INFO:colcon.colcon_ros.task.ament_python.build:Building ROS package in '/home/sagar/Developer/Robotics/Getting-Started-with-ROS2-A-Tutorial-Series/workspace/ros2_ws/src/rpi_robo_imageprocessing' with build type 'ament_python'
[1.389s] Level 1:colcon.colcon_core.shell:create_environment_hook('rpi_robo_imageprocessing', 'ament_prefix_path')
[1.396s] INFO:colcon.colcon_core.plugin_system:Skipping extension 'colcon_core.shell.bat': Not used on non-Windows systems
[1.397s] INFO:colcon.colcon_core.shell:Creating environment hook '/home/sagar/Developer/Robotics/Getting-Started-with-ROS2-A-Tutorial-Series/workspace/ros2_ws/install/rpi_robo_imageprocessing/share/rpi_robo_imageprocessing/hook/ament_prefix_path.ps1'
[1.399s] INFO:colcon.colcon_core.shell:Creating environment descriptor '/home/sagar/Developer/Robotics/Getting-Started-with-ROS2-A-Tutorial-Series/workspace/ros2_ws/install/rpi_robo_imageprocessing/share/rpi_robo_imageprocessing/hook/ament_prefix_path.dsv'
[1.401s] INFO:colcon.colcon_core.shell:Creating environment hook '/home/sagar/Developer/Robotics/Getting-Started-with-ROS2-A-Tutorial-Series/workspace/ros2_ws/install/rpi_robo_imageprocessing/share/rpi_robo_imageprocessing/hook/ament_prefix_path.sh'
[1.405s] INFO:colcon.colcon_core.shell:Skip shell extension 'powershell' for command environment: Not usable outside of PowerShell
[1.405s] DEBUG:colcon.colcon_core.shell:Skip shell extension 'dsv' for command environment
[2.446s] INFO:colcon.colcon_core.task.python.build:Building Python package in '/home/sagar/Developer/Robotics/Getting-Started-with-ROS2-A-Tutorial-Series/workspace/ros2_ws/src/rpi_robo_imageprocessing'
[2.448s] INFO:colcon.colcon_core.shell:Skip shell extension 'powershell' for command environment: Not usable outside of PowerShell
[2.448s] DEBUG:colcon.colcon_core.shell:Skip shell extension 'dsv' for command environment
[3.788s] DEBUG:colcon.colcon_core.event_handler.log_command:Invoking command in '/home/sagar/Developer/Robotics/Getting-Started-with-ROS2-A-Tutorial-Series/workspace/ros2_ws/src/rpi_robo_imageprocessing': PYTHONPATH=/home/sagar/Developer/Robotics/Getting-Started-with-ROS2-A-Tutorial-Series/workspace/ros2_ws/build/rpi_robo_imageprocessing/prefix_override:/home/sagar/Developer/Robotics/Getting-Started-with-ROS2-A-Tutorial-Series/workspace/ros2_ws/install/rpi_robo_imageprocessing/lib/python3.10/site-packages:${PYTHONPATH} /usr/bin/python3 -W ignore:setup.py install is deprecated setup.py egg_info --egg-base ../../build/rpi_robo_imageprocessing build --build-base /home/sagar/Developer/Robotics/Getting-Started-with-ROS2-A-Tutorial-Series/workspace/ros2_ws/build/rpi_robo_imageprocessing/build install --record /home/sagar/Developer/Robotics/Getting-Started-with-ROS2-A-Tutorial-Series/workspace/ros2_ws/build/rpi_robo_imageprocessing/install.log --single-version-externally-managed install_data
[4.867s] DEBUG:colcon.colcon_core.event_handler.log_command:Invoked command in '/home/sagar/Developer/Robotics/Getting-Started-with-ROS2-A-Tutorial-Series/workspace/ros2_ws/src/rpi_robo_imageprocessing' returned '0': PYTHONPATH=/home/sagar/Developer/Robotics/Getting-Started-with-ROS2-A-Tutorial-Series/workspace/ros2_ws/build/rpi_robo_imageprocessing/prefix_override:/home/sagar/Developer/Robotics/Getting-Started-with-ROS2-A-Tutorial-Series/workspace/ros2_ws/install/rpi_robo_imageprocessing/lib/python3.10/site-packages:${PYTHONPATH} /usr/bin/python3 -W ignore:setup.py install is deprecated setup.py egg_info --egg-base ../../build/rpi_robo_imageprocessing build --build-base /home/sagar/Developer/Robotics/Getting-Started-with-ROS2-A-Tutorial-Series/workspace/ros2_ws/build/rpi_robo_imageprocessing/build install --record /home/sagar/Developer/Robotics/Getting-Started-with-ROS2-A-Tutorial-Series/workspace/ros2_ws/build/rpi_robo_imageprocessing/install.log --single-version-externally-managed install_data
[4.876s] Level 1:colcon.colcon_core.environment:checking '/home/sagar/Developer/Robotics/Getting-Started-with-ROS2-A-Tutorial-Series/workspace/ros2_ws/install/rpi_robo_imageprocessing' for CMake module files
[4.880s] Level 1:colcon.colcon_core.environment:checking '/home/sagar/Developer/Robotics/Getting-Started-with-ROS2-A-Tutorial-Series/workspace/ros2_ws/install/rpi_robo_imageprocessing' for CMake config files
[4.884s] Level 1:colcon.colcon_core.environment:checking '/home/sagar/Developer/Robotics/Getting-Started-with-ROS2-A-Tutorial-Series/workspace/ros2_ws/install/rpi_robo_imageprocessing/lib'
[4.885s] Level 1:colcon.colcon_core.environment:checking '/home/sagar/Developer/Robotics/Getting-Started-with-ROS2-A-Tutorial-Series/workspace/ros2_ws/install/rpi_robo_imageprocessing/bin'
[4.885s] Level 1:colcon.colcon_core.environment:checking '/home/sagar/Developer/Robotics/Getting-Started-with-ROS2-A-Tutorial-Series/workspace/ros2_ws/install/rpi_robo_imageprocessing/lib/pkgconfig/rpi_robo_imageprocessing.pc'
[4.887s] Level 1:colcon.colcon_core.environment:checking '/home/sagar/Developer/Robotics/Getting-Started-with-ROS2-A-Tutorial-Series/workspace/ros2_ws/install/rpi_robo_imageprocessing/lib/python3.10/site-packages'
[4.887s] Level 1:colcon.colcon_core.shell:create_environment_hook('rpi_robo_imageprocessing', 'pythonpath')
[4.889s] INFO:colcon.colcon_core.shell:Creating environment hook '/home/sagar/Developer/Robotics/Getting-Started-with-ROS2-A-Tutorial-Series/workspace/ros2_ws/install/rpi_robo_imageprocessing/share/rpi_robo_imageprocessing/hook/pythonpath.ps1'
[4.891s] INFO:colcon.colcon_core.shell:Creating environment descriptor '/home/sagar/Developer/Robotics/Getting-Started-with-ROS2-A-Tutorial-Series/workspace/ros2_ws/install/rpi_robo_imageprocessing/share/rpi_robo_imageprocessing/hook/pythonpath.dsv'
[4.893s] INFO:colcon.colcon_core.shell:Creating environment hook '/home/sagar/Developer/Robotics/Getting-Started-with-ROS2-A-Tutorial-Series/workspace/ros2_ws/install/rpi_robo_imageprocessing/share/rpi_robo_imageprocessing/hook/pythonpath.sh'
[4.896s] Level 1:colcon.colcon_core.environment:checking '/home/sagar/Developer/Robotics/Getting-Started-with-ROS2-A-Tutorial-Series/workspace/ros2_ws/install/rpi_robo_imageprocessing/bin'
[4.897s] Level 1:colcon.colcon_core.environment:create_environment_scripts_only(rpi_robo_imageprocessing)
[4.899s] INFO:colcon.colcon_core.shell:Creating package script '/home/sagar/Developer/Robotics/Getting-Started-with-ROS2-A-Tutorial-Series/workspace/ros2_ws/install/rpi_robo_imageprocessing/share/rpi_robo_imageprocessing/package.ps1'
[4.905s] INFO:colcon.colcon_core.shell:Creating package descriptor '/home/sagar/Developer/Robotics/Getting-Started-with-ROS2-A-Tutorial-Series/workspace/ros2_ws/install/rpi_robo_imageprocessing/share/rpi_robo_imageprocessing/package.dsv'
[4.910s] INFO:colcon.colcon_core.shell:Creating package script '/home/sagar/Developer/Robotics/Getting-Started-with-ROS2-A-Tutorial-Series/workspace/ros2_ws/install/rpi_robo_imageprocessing/share/rpi_robo_imageprocessing/package.sh'
[4.915s] INFO:colcon.colcon_core.shell:Creating package script '/home/sagar/Developer/Robotics/Getting-Started-with-ROS2-A-Tutorial-Series/workspace/ros2_ws/install/rpi_robo_imageprocessing/share/rpi_robo_imageprocessing/package.bash'
[4.919s] INFO:colcon.colcon_core.shell:Creating package script '/home/sagar/Developer/Robotics/Getting-Started-with-ROS2-A-Tutorial-Series/workspace/ros2_ws/install/rpi_robo_imageprocessing/share/rpi_robo_imageprocessing/package.zsh'
[4.922s] Level 1:colcon.colcon_core.environment:create_file_with_runtime_dependencies(/home/sagar/Developer/Robotics/Getting-Started-with-ROS2-A-Tutorial-Series/workspace/ros2_ws/install/rpi_robo_imageprocessing/share/colcon-core/packages/rpi_robo_imageprocessing)
[4.923s] DEBUG:colcon.colcon_parallel_executor.executor.parallel:closing loop
[4.924s] DEBUG:colcon.colcon_parallel_executor.executor.parallel:loop closed
[4.924s] DEBUG:colcon.colcon_parallel_executor.executor.parallel:run_until_complete finished with '0'
[4.925s] DEBUG:colcon.colcon_core.event_reactor:joining thread
[4.946s] INFO:colcon.colcon_core.plugin_system:Skipping extension 'colcon_notification.desktop_notification.terminal_notifier': Not used on non-Darwin systems
[4.946s] INFO:colcon.colcon_core.plugin_system:Skipping extension 'colcon_notification.desktop_notification.win32': Not used on non-Windows systems
[4.947s] INFO:colcon.colcon_notification.desktop_notification:Sending desktop notification using 'notify2'
[5.527s] DEBUG:colcon.colcon_core.event_reactor:joined thread
[5.529s] INFO:colcon.colcon_core.shell:Creating prefix script '/home/sagar/Developer/Robotics/Getting-Started-with-ROS2-A-Tutorial-Series/workspace/ros2_ws/install/local_setup.ps1'
[5.533s] INFO:colcon.colcon_core.shell:Creating prefix util module '/home/sagar/Developer/Robotics/Getting-Started-with-ROS2-A-Tutorial-Series/workspace/ros2_ws/install/_local_setup_util_ps1.py'
[5.540s] INFO:colcon.colcon_core.shell:Creating prefix chain script '/home/sagar/Developer/Robotics/Getting-Started-with-ROS2-A-Tutorial-Series/workspace/ros2_ws/install/setup.ps1'
[5.544s] INFO:colcon.colcon_core.shell:Creating prefix script '/home/sagar/Developer/Robotics/Getting-Started-with-ROS2-A-Tutorial-Series/workspace/ros2_ws/install/local_setup.sh'
[5.547s] INFO:colcon.colcon_core.shell:Creating prefix util module '/home/sagar/Developer/Robotics/Getting-Started-with-ROS2-A-Tutorial-Series/workspace/ros2_ws/install/_local_setup_util_sh.py'
[5.549s] INFO:colcon.colcon_core.shell:Creating prefix chain script '/home/sagar/Developer/Robotics/Getting-Started-with-ROS2-A-Tutorial-Series/workspace/ros2_ws/install/setup.sh'
[5.554s] INFO:colcon.colcon_core.shell:Creating prefix script '/home/sagar/Developer/Robotics/Getting-Started-with-ROS2-A-Tutorial-Series/workspace/ros2_ws/install/local_setup.bash'
[5.556s] INFO:colcon.colcon_core.shell:Creating prefix chain script '/home/sagar/Developer/Robotics/Getting-Started-with-ROS2-A-Tutorial-Series/workspace/ros2_ws/install/setup.bash'
[5.561s] INFO:colcon.colcon_core.shell:Creating prefix script '/home/sagar/Developer/Robotics/Getting-Started-with-ROS2-A-Tutorial-Series/workspace/ros2_ws/install/local_setup.zsh'
[5.563s] INFO:colcon.colcon_core.shell:Creating prefix chain script '/home/sagar/Developer/Robotics/Getting-Started-with-ROS2-A-Tutorial-Series/workspace/ros2_ws/install/setup.zsh'
