running egg_info
creating ../../build/simple_node_example/simple_node_example.egg-info
writing ../../build/simple_node_example/simple_node_example.egg-info/PKG-INFO
writing dependency_links to ../../build/simple_node_example/simple_node_example.egg-info/dependency_links.txt
writing entry points to ../../build/simple_node_example/simple_node_example.egg-info/entry_points.txt
writing requirements to ../../build/simple_node_example/simple_node_example.egg-info/requires.txt
writing top-level names to ../../build/simple_node_example/simple_node_example.egg-info/top_level.txt
writing manifest file '../../build/simple_node_example/simple_node_example.egg-info/SOURCES.txt'
reading manifest file '../../build/simple_node_example/simple_node_example.egg-info/SOURCES.txt'
writing manifest file '../../build/simple_node_example/simple_node_example.egg-info/SOURCES.txt'
running build
running build_py
creating /home/sagar/Developer/Robotics/Getting-Started-with-ROS2-A-Tutorial-Series/workspace/ros2_ws/build/simple_node_example/build
creating /home/sagar/Developer/Robotics/Getting-Started-with-ROS2-A-Tutorial-Series/workspace/ros2_ws/build/simple_node_example/build/lib
creating /home/sagar/Developer/Robotics/Getting-Started-with-ROS2-A-Tutorial-Series/workspace/ros2_ws/build/simple_node_example/build/lib/simple_node_example
copying simple_node_example/simple_subscriber.py -> /home/sagar/Developer/Robotics/Getting-Started-with-ROS2-A-Tutorial-Series/workspace/ros2_ws/build/simple_node_example/build/lib/simple_node_example
copying simple_node_example/simple_publisher.py -> /home/sagar/Developer/Robotics/Getting-Started-with-ROS2-A-Tutorial-Series/workspace/ros2_ws/build/simple_node_example/build/lib/simple_node_example
copying simple_node_example/__init__.py -> /home/sagar/Developer/Robotics/Getting-Started-with-ROS2-A-Tutorial-Series/workspace/ros2_ws/build/simple_node_example/build/lib/simple_node_example
running install
running install_lib
creating /home/sagar/Developer/Robotics/Getting-Started-with-ROS2-A-Tutorial-Series/workspace/ros2_ws/install/simple_node_example/lib/python3.10/site-packages/simple_node_example
copying /home/sagar/Developer/Robotics/Getting-Started-with-ROS2-A-Tutorial-Series/workspace/ros2_ws/build/simple_node_example/build/lib/simple_node_example/simple_subscriber.py -> /home/sagar/Developer/Robotics/Getting-Started-with-ROS2-A-Tutorial-Series/workspace/ros2_ws/install/simple_node_example/lib/python3.10/site-packages/simple_node_example
copying /home/sagar/Developer/Robotics/Getting-Started-with-ROS2-A-Tutorial-Series/workspace/ros2_ws/build/simple_node_example/build/lib/simple_node_example/simple_publisher.py -> /home/sagar/Developer/Robotics/Getting-Started-with-ROS2-A-Tutorial-Series/workspace/ros2_ws/install/simple_node_example/lib/python3.10/site-packages/simple_node_example
copying /home/sagar/Developer/Robotics/Getting-Started-with-ROS2-A-Tutorial-Series/workspace/ros2_ws/build/simple_node_example/build/lib/simple_node_example/__init__.py -> /home/sagar/Developer/Robotics/Getting-Started-with-ROS2-A-Tutorial-Series/workspace/ros2_ws/install/simple_node_example/lib/python3.10/site-packages/simple_node_example
byte-compiling /home/sagar/Developer/Robotics/Getting-Started-with-ROS2-A-Tutorial-Series/workspace/ros2_ws/install/simple_node_example/lib/python3.10/site-packages/simple_node_example/simple_subscriber.py to simple_subscriber.cpython-310.pyc
byte-compiling /home/sagar/Developer/Robotics/Getting-Started-with-ROS2-A-Tutorial-Series/workspace/ros2_ws/install/simple_node_example/lib/python3.10/site-packages/simple_node_example/simple_publisher.py to simple_publisher.cpython-310.pyc
byte-compiling /home/sagar/Developer/Robotics/Getting-Started-with-ROS2-A-Tutorial-Series/workspace/ros2_ws/install/simple_node_example/lib/python3.10/site-packages/simple_node_example/__init__.py to __init__.cpython-310.pyc
running install_data
creating /home/sagar/Developer/Robotics/Getting-Started-with-ROS2-A-Tutorial-Series/workspace/ros2_ws/install/simple_node_example/share/ament_index
creating /home/sagar/Developer/Robotics/Getting-Started-with-ROS2-A-Tutorial-Series/workspace/ros2_ws/install/simple_node_example/share/ament_index/resource_index
creating /home/sagar/Developer/Robotics/Getting-Started-with-ROS2-A-Tutorial-Series/workspace/ros2_ws/install/simple_node_example/share/ament_index/resource_index/packages
copying resource/simple_node_example -> /home/sagar/Developer/Robotics/Getting-Started-with-ROS2-A-Tutorial-Series/workspace/ros2_ws/install/simple_node_example/share/ament_index/resource_index/packages
copying package.xml -> /home/sagar/Developer/Robotics/Getting-Started-with-ROS2-A-Tutorial-Series/workspace/ros2_ws/install/simple_node_example/share/simple_node_example
running install_egg_info
Copying ../../build/simple_node_example/simple_node_example.egg-info to /home/sagar/Developer/Robotics/Getting-Started-with-ROS2-A-Tutorial-Series/workspace/ros2_ws/install/simple_node_example/lib/python3.10/site-packages/simple_node_example-0.0.0-py3.10.egg-info
running install_scripts
Installing publisher script to /home/sagar/Developer/Robotics/Getting-Started-with-ROS2-A-Tutorial-Series/workspace/ros2_ws/install/simple_node_example/lib/simple_node_example
Installing subscriber script to /home/sagar/Developer/Robotics/Getting-Started-with-ROS2-A-Tutorial-Series/workspace/ros2_ws/install/simple_node_example/lib/simple_node_example
writing list of installed files to '/home/sagar/Developer/Robotics/Getting-Started-with-ROS2-A-Tutorial-Series/workspace/ros2_ws/build/simple_node_example/install.log'
