[2.343s] Invoking command in '/home/sagar/Developer/Robotics/Getting-Started-with-ROS2-A-Tutorial-Series/workspace/ros2_ws/src/battery_status': PYTHONPATH=/home/sagar/Developer/Robotics/Getting-Started-with-ROS2-A-Tutorial-Series/workspace/ros2_ws/build/battery_status/prefix_override:/home/sagar/Developer/Robotics/Getting-Started-with-ROS2-A-Tutorial-Series/workspace/ros2_ws/install/battery_status/lib/python3.10/site-packages:${PYTHONPATH} /usr/bin/python3 -W ignore:setup.py install is deprecated setup.py egg_info --egg-base ../../build/battery_status build --build-base /home/sagar/Developer/Robotics/Getting-Started-with-ROS2-A-Tutorial-Series/workspace/ros2_ws/build/battery_status/build install --record /home/sagar/Developer/Robotics/Getting-Started-with-ROS2-A-Tutorial-Series/workspace/ros2_ws/build/battery_status/install.log --single-version-externally-managed install_data
[3.191s] running egg_info
[3.193s] creating ../../build/battery_status/battery_status.egg-info
[3.194s] writing ../../build/battery_status/battery_status.egg-info/PKG-INFO
[3.194s] writing dependency_links to ../../build/battery_status/battery_status.egg-info/dependency_links.txt
[3.195s] writing entry points to ../../build/battery_status/battery_status.egg-info/entry_points.txt
[3.195s] writing requirements to ../../build/battery_status/battery_status.egg-info/requires.txt
[3.195s] writing top-level names to ../../build/battery_status/battery_status.egg-info/top_level.txt
[3.203s] writing manifest file '../../build/battery_status/battery_status.egg-info/SOURCES.txt'
[3.210s] reading manifest file '../../build/battery_status/battery_status.egg-info/SOURCES.txt'
[3.213s] writing manifest file '../../build/battery_status/battery_status.egg-info/SOURCES.txt'
[3.213s] running build
[3.214s] running build_py
[3.214s] creating /home/sagar/Developer/Robotics/Getting-Started-with-ROS2-A-Tutorial-Series/workspace/ros2_ws/build/battery_status/build
[3.215s] creating /home/sagar/Developer/Robotics/Getting-Started-with-ROS2-A-Tutorial-Series/workspace/ros2_ws/build/battery_status/build/lib
[3.215s] creating /home/sagar/Developer/Robotics/Getting-Started-with-ROS2-A-Tutorial-Series/workspace/ros2_ws/build/battery_status/build/lib/battery_status
[3.215s] copying battery_status/battery_service.py -> /home/sagar/Developer/Robotics/Getting-Started-with-ROS2-A-Tutorial-Series/workspace/ros2_ws/build/battery_status/build/lib/battery_status
[3.216s] copying battery_status/battery_client.py -> /home/sagar/Developer/Robotics/Getting-Started-with-ROS2-A-Tutorial-Series/workspace/ros2_ws/build/battery_status/build/lib/battery_status
[3.216s] copying battery_status/__init__.py -> /home/sagar/Developer/Robotics/Getting-Started-with-ROS2-A-Tutorial-Series/workspace/ros2_ws/build/battery_status/build/lib/battery_status
[3.216s] running install
[3.217s] running install_lib
[3.220s] creating /home/sagar/Developer/Robotics/Getting-Started-with-ROS2-A-Tutorial-Series/workspace/ros2_ws/install/battery_status/lib/python3.10/site-packages/battery_status
[3.220s] copying /home/sagar/Developer/Robotics/Getting-Started-with-ROS2-A-Tutorial-Series/workspace/ros2_ws/build/battery_status/build/lib/battery_status/battery_service.py -> /home/sagar/Developer/Robotics/Getting-Started-with-ROS2-A-Tutorial-Series/workspace/ros2_ws/install/battery_status/lib/python3.10/site-packages/battery_status
[3.220s] copying /home/sagar/Developer/Robotics/Getting-Started-with-ROS2-A-Tutorial-Series/workspace/ros2_ws/build/battery_status/build/lib/battery_status/battery_client.py -> /home/sagar/Developer/Robotics/Getting-Started-with-ROS2-A-Tutorial-Series/workspace/ros2_ws/install/battery_status/lib/python3.10/site-packages/battery_status
[3.220s] copying /home/sagar/Developer/Robotics/Getting-Started-with-ROS2-A-Tutorial-Series/workspace/ros2_ws/build/battery_status/build/lib/battery_status/__init__.py -> /home/sagar/Developer/Robotics/Getting-Started-with-ROS2-A-Tutorial-Series/workspace/ros2_ws/install/battery_status/lib/python3.10/site-packages/battery_status
[3.222s] byte-compiling /home/sagar/Developer/Robotics/Getting-Started-with-ROS2-A-Tutorial-Series/workspace/ros2_ws/install/battery_status/lib/python3.10/site-packages/battery_status/battery_service.py to battery_service.cpython-310.pyc
[3.223s] byte-compiling /home/sagar/Developer/Robotics/Getting-Started-with-ROS2-A-Tutorial-Series/workspace/ros2_ws/install/battery_status/lib/python3.10/site-packages/battery_status/battery_client.py to battery_client.cpython-310.pyc
[3.225s] byte-compiling /home/sagar/Developer/Robotics/Getting-Started-with-ROS2-A-Tutorial-Series/workspace/ros2_ws/install/battery_status/lib/python3.10/site-packages/battery_status/__init__.py to __init__.cpython-310.pyc
[3.225s] running install_data
[3.225s] creating /home/sagar/Developer/Robotics/Getting-Started-with-ROS2-A-Tutorial-Series/workspace/ros2_ws/install/battery_status/share/ament_index
[3.226s] creating /home/sagar/Developer/Robotics/Getting-Started-with-ROS2-A-Tutorial-Series/workspace/ros2_ws/install/battery_status/share/ament_index/resource_index
[3.226s] creating /home/sagar/Developer/Robotics/Getting-Started-with-ROS2-A-Tutorial-Series/workspace/ros2_ws/install/battery_status/share/ament_index/resource_index/packages
[3.226s] copying resource/battery_status -> /home/sagar/Developer/Robotics/Getting-Started-with-ROS2-A-Tutorial-Series/workspace/ros2_ws/install/battery_status/share/ament_index/resource_index/packages
[3.226s] copying package.xml -> /home/sagar/Developer/Robotics/Getting-Started-with-ROS2-A-Tutorial-Series/workspace/ros2_ws/install/battery_status/share/battery_status
[3.227s] running install_egg_info
[3.232s] Copying ../../build/battery_status/battery_status.egg-info to /home/sagar/Developer/Robotics/Getting-Started-with-ROS2-A-Tutorial-Series/workspace/ros2_ws/install/battery_status/lib/python3.10/site-packages/battery_status-0.0.0-py3.10.egg-info
[3.234s] running install_scripts
[3.296s] Installing battery_client script to /home/sagar/Developer/Robotics/Getting-Started-with-ROS2-A-Tutorial-Series/workspace/ros2_ws/install/battery_status/lib/battery_status
[3.296s] Installing battery_service script to /home/sagar/Developer/Robotics/Getting-Started-with-ROS2-A-Tutorial-Series/workspace/ros2_ws/install/battery_status/lib/battery_status
[3.297s] writing list of installed files to '/home/sagar/Developer/Robotics/Getting-Started-with-ROS2-A-Tutorial-Series/workspace/ros2_ws/build/battery_status/install.log'
[3.386s] Invoked command in '/home/sagar/Developer/Robotics/Getting-Started-with-ROS2-A-Tutorial-Series/workspace/ros2_ws/src/battery_status' returned '0': PYTHONPATH=/home/sagar/Developer/Robotics/Getting-Started-with-ROS2-A-Tutorial-Series/workspace/ros2_ws/build/battery_status/prefix_override:/home/sagar/Developer/Robotics/Getting-Started-with-ROS2-A-Tutorial-Series/workspace/ros2_ws/install/battery_status/lib/python3.10/site-packages:${PYTHONPATH} /usr/bin/python3 -W ignore:setup.py install is deprecated setup.py egg_info --egg-base ../../build/battery_status build --build-base /home/sagar/Developer/Robotics/Getting-Started-with-ROS2-A-Tutorial-Series/workspace/ros2_ws/build/battery_status/build install --record /home/sagar/Developer/Robotics/Getting-Started-with-ROS2-A-Tutorial-Series/workspace/ros2_ws/build/battery_status/install.log --single-version-externally-managed install_data
