[2.302s] Invoking command in '/home/sagar/Developer/Robotics/Getting-Started-with-ROS2-A-Tutorial-Series/workspace/ros2_ws/src/rpi_robo_imu': PYTHONPATH=/home/sagar/Developer/Robotics/Getting-Started-with-ROS2-A-Tutorial-Series/workspace/ros2_ws/build/rpi_robo_imu/prefix_override:/home/sagar/Developer/Robotics/Getting-Started-with-ROS2-A-Tutorial-Series/workspace/ros2_ws/install/rpi_robo_imu/lib/python3.10/site-packages:${PYTHONPATH} /usr/bin/python3 -W ignore:setup.py install is deprecated setup.py egg_info --egg-base ../../build/rpi_robo_imu build --build-base /home/sagar/Developer/Robotics/Getting-Started-with-ROS2-A-Tutorial-Series/workspace/ros2_ws/build/rpi_robo_imu/build install --record /home/sagar/Developer/Robotics/Getting-Started-with-ROS2-A-Tutorial-Series/workspace/ros2_ws/build/rpi_robo_imu/install.log --single-version-externally-managed install_data
[3.105s] running egg_info
[3.108s] writing ../../build/rpi_robo_imu/rpi_robo_imu.egg-info/PKG-INFO
[3.109s] writing dependency_links to ../../build/rpi_robo_imu/rpi_robo_imu.egg-info/dependency_links.txt
[3.109s] writing entry points to ../../build/rpi_robo_imu/rpi_robo_imu.egg-info/entry_points.txt
[3.109s] writing requirements to ../../build/rpi_robo_imu/rpi_robo_imu.egg-info/requires.txt
[3.110s] writing top-level names to ../../build/rpi_robo_imu/rpi_robo_imu.egg-info/top_level.txt
[3.125s] reading manifest file '../../build/rpi_robo_imu/rpi_robo_imu.egg-info/SOURCES.txt'
[3.129s] writing manifest file '../../build/rpi_robo_imu/rpi_robo_imu.egg-info/SOURCES.txt'
[3.129s] running build
[3.129s] running build_py
[3.131s] copying rpi_robo_imu/imu_subscriber.py -> /home/sagar/Developer/Robotics/Getting-Started-with-ROS2-A-Tutorial-Series/workspace/ros2_ws/build/rpi_robo_imu/build/lib/rpi_robo_imu
[3.131s] running install
[3.132s] running install_lib
[3.135s] copying /home/sagar/Developer/Robotics/Getting-Started-with-ROS2-A-Tutorial-Series/workspace/ros2_ws/build/rpi_robo_imu/build/lib/rpi_robo_imu/imu_subscriber.py -> /home/sagar/Developer/Robotics/Getting-Started-with-ROS2-A-Tutorial-Series/workspace/ros2_ws/install/rpi_robo_imu/lib/python3.10/site-packages/rpi_robo_imu
[3.137s] byte-compiling /home/sagar/Developer/Robotics/Getting-Started-with-ROS2-A-Tutorial-Series/workspace/ros2_ws/install/rpi_robo_imu/lib/python3.10/site-packages/rpi_robo_imu/imu_subscriber.py to imu_subscriber.cpython-310.pyc
[3.140s] running install_data
[3.141s] running install_egg_info
[3.147s] removing '/home/sagar/Developer/Robotics/Getting-Started-with-ROS2-A-Tutorial-Series/workspace/ros2_ws/install/rpi_robo_imu/lib/python3.10/site-packages/rpi_robo_imu-0.0.0-py3.10.egg-info' (and everything under it)
[3.148s] Copying ../../build/rpi_robo_imu/rpi_robo_imu.egg-info to /home/sagar/Developer/Robotics/Getting-Started-with-ROS2-A-Tutorial-Series/workspace/ros2_ws/install/rpi_robo_imu/lib/python3.10/site-packages/rpi_robo_imu-0.0.0-py3.10.egg-info
[3.151s] running install_scripts
[3.209s] Installing imu_subscriber script to /home/sagar/Developer/Robotics/Getting-Started-with-ROS2-A-Tutorial-Series/workspace/ros2_ws/install/rpi_robo_imu/lib/rpi_robo_imu
[3.210s] writing list of installed files to '/home/sagar/Developer/Robotics/Getting-Started-with-ROS2-A-Tutorial-Series/workspace/ros2_ws/build/rpi_robo_imu/install.log'
[3.298s] Invoked command in '/home/sagar/Developer/Robotics/Getting-Started-with-ROS2-A-Tutorial-Series/workspace/ros2_ws/src/rpi_robo_imu' returned '0': PYTHONPATH=/home/sagar/Developer/Robotics/Getting-Started-with-ROS2-A-Tutorial-Series/workspace/ros2_ws/build/rpi_robo_imu/prefix_override:/home/sagar/Developer/Robotics/Getting-Started-with-ROS2-A-Tutorial-Series/workspace/ros2_ws/install/rpi_robo_imu/lib/python3.10/site-packages:${PYTHONPATH} /usr/bin/python3 -W ignore:setup.py install is deprecated setup.py egg_info --egg-base ../../build/rpi_robo_imu build --build-base /home/sagar/Developer/Robotics/Getting-Started-with-ROS2-A-Tutorial-Series/workspace/ros2_ws/build/rpi_robo_imu/build install --record /home/sagar/Developer/Robotics/Getting-Started-with-ROS2-A-Tutorial-Series/workspace/ros2_ws/build/rpi_robo_imu/install.log --single-version-externally-managed install_data
