[2.643s] DEBUG:colcon:Command line arguments: ['/usr/bin/colcon', 'build']
[2.644s] DEBUG:colcon:Parsed command line arguments: Namespace(log_base=None, log_level=None, verb_name='build', build_base='build', install_base='install', merge_install=False, symlink_install=False, test_result_base=None, continue_on_error=False, executor='parallel', parallel_workers=4, event_handlers=None, ignore_user_meta=False, metas=['./colcon.meta'], base_paths=['.'], packages_ignore=None, packages_ignore_regex=None, paths=None, packages_up_to=None, packages_up_to_regex=None, packages_above=None, packages_above_and_dependencies=None, packages_above_depth=None, packages_select_by_dep=None, packages_skip_by_dep=None, packages_skip_up_to=None, packages_select_build_failed=False, packages_skip_build_finished=False, packages_select_test_failures=False, packages_skip_test_passed=False, packages_select=None, packages_skip=None, packages_select_regex=None, packages_skip_regex=None, packages_start=None, packages_end=None, allow_overriding=[], cmake_args=None, cmake_target=None, cmake_target_skip_unavailable=False, cmake_clean_cache=False, cmake_clean_first=False, cmake_force_configure=False, ament_cmake_args=None, catkin_cmake_args=None, catkin_skip_building_tests=False, mixin_files=None, mixin=None, verb_parser=<colcon_mixin.mixin.mixin_argument.MixinArgumentDecorator object at 0xffff9057a680>, verb_extension=<colcon_core.verb.build.BuildVerb object at 0xffff9057a1d0>, main=<bound method BuildVerb.main of <colcon_core.verb.build.BuildVerb object at 0xffff9057a1d0>>, mixin_verb=('build',))
[7.776s] Level 1:colcon.colcon_core.package_discovery:discover_packages(colcon_meta) check parameters
[7.778s] Level 1:colcon.colcon_core.package_discovery:discover_packages(recursive) check parameters
[7.778s] Level 1:colcon.colcon_core.package_discovery:discover_packages(ignore) check parameters
[7.779s] Level 1:colcon.colcon_core.package_discovery:discover_packages(path) check parameters
[7.779s] Level 1:colcon.colcon_core.package_discovery:discover_packages(colcon_meta) discover
[7.780s] Level 1:colcon.colcon_core.package_discovery:discover_packages(recursive) discover
[7.781s] INFO:colcon.colcon_core.package_discovery:Crawling recursively for packages in '/home/ubuntu/ros2_ws_rpi'
[7.783s] Level 1:colcon.colcon_core.package_identification:_identify(.) by extensions ['ignore', 'ignore_ament_install']
[7.787s] Level 1:colcon.colcon_core.package_identification:_identify(.) by extension 'ignore'
[7.788s] Level 1:colcon.colcon_core.package_identification:_identify(.) by extension 'ignore_ament_install'
[7.789s] Level 1:colcon.colcon_core.package_identification:_identify(.) by extensions ['colcon_pkg']
[7.790s] Level 1:colcon.colcon_core.package_identification:_identify(.) by extension 'colcon_pkg'
[7.791s] Level 1:colcon.colcon_core.package_identification:_identify(.) by extensions ['colcon_meta']
[7.791s] Level 1:colcon.colcon_core.package_identification:_identify(.) by extension 'colcon_meta'
[7.792s] Level 1:colcon.colcon_core.package_identification:_identify(.) by extensions ['ros']
[7.793s] Level 1:colcon.colcon_core.package_identification:_identify(.) by extension 'ros'
[8.100s] Level 1:colcon.colcon_core.package_identification:_identify(.) by extensions ['cmake', 'python']
[8.101s] Level 1:colcon.colcon_core.package_identification:_identify(.) by extension 'cmake'
[8.102s] Level 1:colcon.colcon_core.package_identification:_identify(.) by extension 'python'
[8.103s] Level 1:colcon.colcon_core.package_identification:_identify(.) by extensions ['python_setup_py']
[8.103s] Level 1:colcon.colcon_core.package_identification:_identify(.) by extension 'python_setup_py'
[8.105s] Level 1:colcon.colcon_core.package_identification:_identify(build) by extensions ['ignore', 'ignore_ament_install']
[8.107s] Level 1:colcon.colcon_core.package_identification:_identify(build) by extension 'ignore'
[8.108s] Level 1:colcon.colcon_core.package_identification:_identify(build) ignored
[8.110s] Level 1:colcon.colcon_core.package_identification:_identify(install) by extensions ['ignore', 'ignore_ament_install']
[8.112s] Level 1:colcon.colcon_core.package_identification:_identify(install) by extension 'ignore'
[8.113s] Level 1:colcon.colcon_core.package_identification:_identify(install) ignored
[8.115s] Level 1:colcon.colcon_core.package_identification:_identify(log) by extensions ['ignore', 'ignore_ament_install']
[8.116s] Level 1:colcon.colcon_core.package_identification:_identify(log) by extension 'ignore'
[8.117s] Level 1:colcon.colcon_core.package_identification:_identify(log) ignored
[8.119s] Level 1:colcon.colcon_core.package_identification:_identify(src) by extensions ['ignore', 'ignore_ament_install']
[8.120s] Level 1:colcon.colcon_core.package_identification:_identify(src) by extension 'ignore'
[8.121s] Level 1:colcon.colcon_core.package_identification:_identify(src) by extension 'ignore_ament_install'
[8.122s] Level 1:colcon.colcon_core.package_identification:_identify(src) by extensions ['colcon_pkg']
[8.123s] Level 1:colcon.colcon_core.package_identification:_identify(src) by extension 'colcon_pkg'
[8.124s] Level 1:colcon.colcon_core.package_identification:_identify(src) by extensions ['colcon_meta']
[8.124s] Level 1:colcon.colcon_core.package_identification:_identify(src) by extension 'colcon_meta'
[8.125s] Level 1:colcon.colcon_core.package_identification:_identify(src) by extensions ['ros']
[8.126s] Level 1:colcon.colcon_core.package_identification:_identify(src) by extension 'ros'
[8.128s] Level 1:colcon.colcon_core.package_identification:_identify(src) by extensions ['cmake', 'python']
[8.128s] Level 1:colcon.colcon_core.package_identification:_identify(src) by extension 'cmake'
[8.129s] Level 1:colcon.colcon_core.package_identification:_identify(src) by extension 'python'
[8.130s] Level 1:colcon.colcon_core.package_identification:_identify(src) by extensions ['python_setup_py']
[8.131s] Level 1:colcon.colcon_core.package_identification:_identify(src) by extension 'python_setup_py'
[8.133s] Level 1:colcon.colcon_core.package_identification:_identify(src/mpu6050_ros) by extensions ['ignore', 'ignore_ament_install']
[8.134s] Level 1:colcon.colcon_core.package_identification:_identify(src/mpu6050_ros) by extension 'ignore'
[8.135s] Level 1:colcon.colcon_core.package_identification:_identify(src/mpu6050_ros) by extension 'ignore_ament_install'
[8.137s] Level 1:colcon.colcon_core.package_identification:_identify(src/mpu6050_ros) by extensions ['colcon_pkg']
[8.137s] Level 1:colcon.colcon_core.package_identification:_identify(src/mpu6050_ros) by extension 'colcon_pkg'
[8.138s] Level 1:colcon.colcon_core.package_identification:_identify(src/mpu6050_ros) by extensions ['colcon_meta']
[8.139s] Level 1:colcon.colcon_core.package_identification:_identify(src/mpu6050_ros) by extension 'colcon_meta'
[8.140s] Level 1:colcon.colcon_core.package_identification:_identify(src/mpu6050_ros) by extensions ['ros']
[8.140s] Level 1:colcon.colcon_core.package_identification:_identify(src/mpu6050_ros) by extension 'ros'
[8.187s] DEBUG:colcon.colcon_core.package_identification:Package 'src/mpu6050_ros' with type 'ros.ament_python' and name 'mpu6050_ros'
[8.188s] Level 1:colcon.colcon_core.package_discovery:discover_packages(recursive) using defaults
[8.190s] Level 1:colcon.colcon_core.package_discovery:discover_packages(ignore) discover
[8.190s] Level 1:colcon.colcon_core.package_discovery:discover_packages(ignore) using defaults
[8.191s] Level 1:colcon.colcon_core.package_discovery:discover_packages(path) discover
[8.191s] Level 1:colcon.colcon_core.package_discovery:discover_packages(path) using defaults
[8.626s] Level 1:colcon.colcon_core.package_discovery:discover_packages(prefix_path) check parameters
[8.627s] Level 1:colcon.colcon_core.package_discovery:discover_packages(prefix_path) discover
[8.674s] DEBUG:colcon.colcon_installed_package_information.package_discovery:Found 1 installed packages in /home/ubuntu/ros2_ws_rpi/install
[8.715s] DEBUG:colcon.colcon_installed_package_information.package_discovery:Found 293 installed packages in /opt/ros/humble
[8.762s] Level 1:colcon.colcon_core.package_discovery:discover_packages(prefix_path) using defaults
[9.813s] Level 5:colcon.colcon_core.verb:set package 'mpu6050_ros' build argument 'cmake_args' from command line to 'None'
[9.814s] Level 5:colcon.colcon_core.verb:set package 'mpu6050_ros' build argument 'cmake_target' from command line to 'None'
[9.814s] Level 5:colcon.colcon_core.verb:set package 'mpu6050_ros' build argument 'cmake_target_skip_unavailable' from command line to 'False'
[9.815s] Level 5:colcon.colcon_core.verb:set package 'mpu6050_ros' build argument 'cmake_clean_cache' from command line to 'False'
[9.815s] Level 5:colcon.colcon_core.verb:set package 'mpu6050_ros' build argument 'cmake_clean_first' from command line to 'False'
[9.816s] Level 5:colcon.colcon_core.verb:set package 'mpu6050_ros' build argument 'cmake_force_configure' from command line to 'False'
[9.816s] Level 5:colcon.colcon_core.verb:set package 'mpu6050_ros' build argument 'ament_cmake_args' from command line to 'None'
[9.817s] Level 5:colcon.colcon_core.verb:set package 'mpu6050_ros' build argument 'catkin_cmake_args' from command line to 'None'
[9.817s] Level 5:colcon.colcon_core.verb:set package 'mpu6050_ros' build argument 'catkin_skip_building_tests' from command line to 'False'
[9.818s] DEBUG:colcon.colcon_core.verb:Building package 'mpu6050_ros' with the following arguments: {'ament_cmake_args': None, 'build_base': '/home/ubuntu/ros2_ws_rpi/build/mpu6050_ros', 'catkin_cmake_args': None, 'catkin_skip_building_tests': False, 'cmake_args': None, 'cmake_clean_cache': False, 'cmake_clean_first': False, 'cmake_force_configure': False, 'cmake_target': None, 'cmake_target_skip_unavailable': False, 'install_base': '/home/ubuntu/ros2_ws_rpi/install/mpu6050_ros', 'merge_install': False, 'path': '/home/ubuntu/ros2_ws_rpi/src/mpu6050_ros', 'symlink_install': False, 'test_result_base': None}
[9.820s] INFO:colcon.colcon_core.executor:Executing jobs using 'parallel' executor
[9.833s] DEBUG:colcon.colcon_parallel_executor.executor.parallel:run_until_complete
[9.835s] INFO:colcon.colcon_ros.task.ament_python.build:Building ROS package in '/home/ubuntu/ros2_ws_rpi/src/mpu6050_ros' with build type 'ament_python'
[9.838s] Level 1:colcon.colcon_core.shell:create_environment_hook('mpu6050_ros', 'ament_prefix_path')
[9.904s] INFO:colcon.colcon_core.plugin_system:Skipping extension 'colcon_core.shell.bat': Not used on non-Windows systems
[9.907s] INFO:colcon.colcon_core.shell:Creating environment hook '/home/ubuntu/ros2_ws_rpi/install/mpu6050_ros/share/mpu6050_ros/hook/ament_prefix_path.ps1'
[9.920s] INFO:colcon.colcon_core.shell:Creating environment descriptor '/home/ubuntu/ros2_ws_rpi/install/mpu6050_ros/share/mpu6050_ros/hook/ament_prefix_path.dsv'
[9.932s] INFO:colcon.colcon_core.shell:Creating environment hook '/home/ubuntu/ros2_ws_rpi/install/mpu6050_ros/share/mpu6050_ros/hook/ament_prefix_path.sh'
[9.950s] INFO:colcon.colcon_core.shell:Skip shell extension 'powershell' for command environment: Not usable outside of PowerShell
[9.952s] DEBUG:colcon.colcon_core.shell:Skip shell extension 'dsv' for command environment
[15.599s] INFO:colcon.colcon_core.task.python.build:Building Python package in '/home/ubuntu/ros2_ws_rpi/src/mpu6050_ros'
[15.603s] INFO:colcon.colcon_core.shell:Skip shell extension 'powershell' for command environment: Not usable outside of PowerShell
[15.604s] DEBUG:colcon.colcon_core.shell:Skip shell extension 'dsv' for command environment
[26.086s] DEBUG:colcon.colcon_core.event_handler.log_command:Invoking command in '/home/ubuntu/ros2_ws_rpi/src/mpu6050_ros': PYTHONPATH=/home/ubuntu/ros2_ws_rpi/build/mpu6050_ros/prefix_override:/usr/lib/python3/dist-packages/colcon_core/task/python/colcon_distutils_commands:/home/ubuntu/ros2_ws_rpi/install/mpu6050_ros/lib/python3.10/site-packages:${PYTHONPATH} /usr/bin/python3 -W ignore:setup.py install is deprecated setup.py egg_info --egg-base ../../build/mpu6050_ros build --build-base /home/ubuntu/ros2_ws_rpi/build/mpu6050_ros/build install --record /home/ubuntu/ros2_ws_rpi/build/mpu6050_ros/install.log --single-version-externally-managed install_data
[32.411s] DEBUG:colcon.colcon_core.event_handler.log_command:Invoked command in '/home/ubuntu/ros2_ws_rpi/src/mpu6050_ros' returned '0': PYTHONPATH=/home/ubuntu/ros2_ws_rpi/build/mpu6050_ros/prefix_override:/usr/lib/python3/dist-packages/colcon_core/task/python/colcon_distutils_commands:/home/ubuntu/ros2_ws_rpi/install/mpu6050_ros/lib/python3.10/site-packages:${PYTHONPATH} /usr/bin/python3 -W ignore:setup.py install is deprecated setup.py egg_info --egg-base ../../build/mpu6050_ros build --build-base /home/ubuntu/ros2_ws_rpi/build/mpu6050_ros/build install --record /home/ubuntu/ros2_ws_rpi/build/mpu6050_ros/install.log --single-version-externally-managed install_data
[32.489s] Level 1:colcon.colcon_core.environment:checking '/home/ubuntu/ros2_ws_rpi/install/mpu6050_ros' for CMake module files
[32.499s] Level 1:colcon.colcon_core.environment:checking '/home/ubuntu/ros2_ws_rpi/install/mpu6050_ros' for CMake config files
[32.515s] Level 1:colcon.colcon_core.environment:checking '/home/ubuntu/ros2_ws_rpi/install/mpu6050_ros/lib'
[32.518s] Level 1:colcon.colcon_core.environment:checking '/home/ubuntu/ros2_ws_rpi/install/mpu6050_ros/bin'
[32.519s] Level 1:colcon.colcon_core.environment:checking '/home/ubuntu/ros2_ws_rpi/install/mpu6050_ros/lib/pkgconfig/mpu6050_ros.pc'
[32.523s] Level 1:colcon.colcon_core.environment:checking '/home/ubuntu/ros2_ws_rpi/install/mpu6050_ros/lib/python3.10/site-packages'
[32.524s] Level 1:colcon.colcon_core.shell:create_environment_hook('mpu6050_ros', 'pythonpath')
[32.529s] INFO:colcon.colcon_core.shell:Creating environment hook '/home/ubuntu/ros2_ws_rpi/install/mpu6050_ros/share/mpu6050_ros/hook/pythonpath.ps1'
[32.535s] INFO:colcon.colcon_core.shell:Creating environment descriptor '/home/ubuntu/ros2_ws_rpi/install/mpu6050_ros/share/mpu6050_ros/hook/pythonpath.dsv'
[32.543s] INFO:colcon.colcon_core.shell:Creating environment hook '/home/ubuntu/ros2_ws_rpi/install/mpu6050_ros/share/mpu6050_ros/hook/pythonpath.sh'
[32.553s] Level 1:colcon.colcon_core.environment:checking '/home/ubuntu/ros2_ws_rpi/install/mpu6050_ros/bin'
[32.555s] Level 1:colcon.colcon_core.environment:create_environment_scripts_only(mpu6050_ros)
[32.561s] INFO:colcon.colcon_core.shell:Creating package script '/home/ubuntu/ros2_ws_rpi/install/mpu6050_ros/share/mpu6050_ros/package.ps1'
[32.577s] INFO:colcon.colcon_core.shell:Creating package descriptor '/home/ubuntu/ros2_ws_rpi/install/mpu6050_ros/share/mpu6050_ros/package.dsv'
[32.590s] INFO:colcon.colcon_core.shell:Creating package script '/home/ubuntu/ros2_ws_rpi/install/mpu6050_ros/share/mpu6050_ros/package.sh'
[32.606s] INFO:colcon.colcon_core.shell:Creating package script '/home/ubuntu/ros2_ws_rpi/install/mpu6050_ros/share/mpu6050_ros/package.bash'
[32.623s] INFO:colcon.colcon_core.shell:Creating package script '/home/ubuntu/ros2_ws_rpi/install/mpu6050_ros/share/mpu6050_ros/package.zsh'
[32.641s] Level 1:colcon.colcon_core.environment:create_file_with_runtime_dependencies(/home/ubuntu/ros2_ws_rpi/install/mpu6050_ros/share/colcon-core/packages/mpu6050_ros)
[32.647s] DEBUG:colcon.colcon_parallel_executor.executor.parallel:closing loop
[32.651s] DEBUG:colcon.colcon_parallel_executor.executor.parallel:loop closed
[32.653s] DEBUG:colcon.colcon_parallel_executor.executor.parallel:run_until_complete finished with '0'
[32.655s] DEBUG:colcon.colcon_core.event_reactor:joining thread
[32.763s] INFO:colcon.colcon_core.plugin_system:Skipping extension 'colcon_notification.desktop_notification.notify_send': Could not find 'notify-send'
[32.764s] INFO:colcon.colcon_core.plugin_system:Skipping extension 'colcon_notification.desktop_notification.terminal_notifier': Not used on non-Darwin systems
[32.766s] INFO:colcon.colcon_core.plugin_system:Skipping extension 'colcon_notification.desktop_notification.win32': Not used on non-Windows systems
[32.766s] INFO:colcon.colcon_notification.desktop_notification:Sending desktop notification using 'notify2'
[33.020s] DEBUG:colcon.colcon_notification.desktop_notification.notify2:Failed to initialize notify2: org.freedesktop.DBus.Error.ServiceUnknown: The name org.freedesktop.Notifications was not provided by any .service files
[33.022s] DEBUG:colcon.colcon_core.event_reactor:joined thread
[33.026s] INFO:colcon.colcon_core.shell:Creating prefix script '/home/ubuntu/ros2_ws_rpi/install/local_setup.ps1'
[33.043s] INFO:colcon.colcon_core.shell:Creating prefix util module '/home/ubuntu/ros2_ws_rpi/install/_local_setup_util_ps1.py'
[33.072s] INFO:colcon.colcon_core.shell:Creating prefix chain script '/home/ubuntu/ros2_ws_rpi/install/setup.ps1'
[33.091s] INFO:colcon.colcon_core.shell:Creating prefix script '/home/ubuntu/ros2_ws_rpi/install/local_setup.sh'
[33.103s] INFO:colcon.colcon_core.shell:Creating prefix util module '/home/ubuntu/ros2_ws_rpi/install/_local_setup_util_sh.py'
[33.112s] INFO:colcon.colcon_core.shell:Creating prefix chain script '/home/ubuntu/ros2_ws_rpi/install/setup.sh'
[33.132s] INFO:colcon.colcon_core.shell:Creating prefix script '/home/ubuntu/ros2_ws_rpi/install/local_setup.bash'
[33.144s] INFO:colcon.colcon_core.shell:Creating prefix chain script '/home/ubuntu/ros2_ws_rpi/install/setup.bash'
[33.168s] INFO:colcon.colcon_core.shell:Creating prefix script '/home/ubuntu/ros2_ws_rpi/install/local_setup.zsh'
[33.180s] INFO:colcon.colcon_core.shell:Creating prefix chain script '/home/ubuntu/ros2_ws_rpi/install/setup.zsh'
