running egg_info
creating ../../build/pub_sub_tutorial/pub_sub_tutorial.egg-info
writing ../../build/pub_sub_tutorial/pub_sub_tutorial.egg-info/PKG-INFO
writing dependency_links to ../../build/pub_sub_tutorial/pub_sub_tutorial.egg-info/dependency_links.txt
writing entry points to ../../build/pub_sub_tutorial/pub_sub_tutorial.egg-info/entry_points.txt
writing requirements to ../../build/pub_sub_tutorial/pub_sub_tutorial.egg-info/requires.txt
writing top-level names to ../../build/pub_sub_tutorial/pub_sub_tutorial.egg-info/top_level.txt
writing manifest file '../../build/pub_sub_tutorial/pub_sub_tutorial.egg-info/SOURCES.txt'
reading manifest file '../../build/pub_sub_tutorial/pub_sub_tutorial.egg-info/SOURCES.txt'
writing manifest file '../../build/pub_sub_tutorial/pub_sub_tutorial.egg-info/SOURCES.txt'
running build
running build_py
creating /home/sagar/Developer/Robotics/Getting-Started-with-ROS2-A-Tutorial-Series/workspace/ros2_ws/build/pub_sub_tutorial/build
creating /home/sagar/Developer/Robotics/Getting-Started-with-ROS2-A-Tutorial-Series/workspace/ros2_ws/build/pub_sub_tutorial/build/lib
creating /home/sagar/Developer/Robotics/Getting-Started-with-ROS2-A-Tutorial-Series/workspace/ros2_ws/build/pub_sub_tutorial/build/lib/pub_sub_tutorial
copying pub_sub_tutorial/led_publisher.py -> /home/sagar/Developer/Robotics/Getting-Started-with-ROS2-A-Tutorial-Series/workspace/ros2_ws/build/pub_sub_tutorial/build/lib/pub_sub_tutorial
copying pub_sub_tutorial/led_subscriber.py -> /home/sagar/Developer/Robotics/Getting-Started-with-ROS2-A-Tutorial-Series/workspace/ros2_ws/build/pub_sub_tutorial/build/lib/pub_sub_tutorial
copying pub_sub_tutorial/__init__.py -> /home/sagar/Developer/Robotics/Getting-Started-with-ROS2-A-Tutorial-Series/workspace/ros2_ws/build/pub_sub_tutorial/build/lib/pub_sub_tutorial
running install
running install_lib
creating /home/sagar/Developer/Robotics/Getting-Started-with-ROS2-A-Tutorial-Series/workspace/ros2_ws/install/pub_sub_tutorial/lib/python3.10/site-packages/pub_sub_tutorial
copying /home/sagar/Developer/Robotics/Getting-Started-with-ROS2-A-Tutorial-Series/workspace/ros2_ws/build/pub_sub_tutorial/build/lib/pub_sub_tutorial/led_publisher.py -> /home/sagar/Developer/Robotics/Getting-Started-with-ROS2-A-Tutorial-Series/workspace/ros2_ws/install/pub_sub_tutorial/lib/python3.10/site-packages/pub_sub_tutorial
copying /home/sagar/Developer/Robotics/Getting-Started-with-ROS2-A-Tutorial-Series/workspace/ros2_ws/build/pub_sub_tutorial/build/lib/pub_sub_tutorial/led_subscriber.py -> /home/sagar/Developer/Robotics/Getting-Started-with-ROS2-A-Tutorial-Series/workspace/ros2_ws/install/pub_sub_tutorial/lib/python3.10/site-packages/pub_sub_tutorial
copying /home/sagar/Developer/Robotics/Getting-Started-with-ROS2-A-Tutorial-Series/workspace/ros2_ws/build/pub_sub_tutorial/build/lib/pub_sub_tutorial/__init__.py -> /home/sagar/Developer/Robotics/Getting-Started-with-ROS2-A-Tutorial-Series/workspace/ros2_ws/install/pub_sub_tutorial/lib/python3.10/site-packages/pub_sub_tutorial
byte-compiling /home/sagar/Developer/Robotics/Getting-Started-with-ROS2-A-Tutorial-Series/workspace/ros2_ws/install/pub_sub_tutorial/lib/python3.10/site-packages/pub_sub_tutorial/led_publisher.py to led_publisher.cpython-310.pyc
byte-compiling /home/sagar/Developer/Robotics/Getting-Started-with-ROS2-A-Tutorial-Series/workspace/ros2_ws/install/pub_sub_tutorial/lib/python3.10/site-packages/pub_sub_tutorial/led_subscriber.py to led_subscriber.cpython-310.pyc
byte-compiling /home/sagar/Developer/Robotics/Getting-Started-with-ROS2-A-Tutorial-Series/workspace/ros2_ws/install/pub_sub_tutorial/lib/python3.10/site-packages/pub_sub_tutorial/__init__.py to __init__.cpython-310.pyc
running install_data
creating /home/sagar/Developer/Robotics/Getting-Started-with-ROS2-A-Tutorial-Series/workspace/ros2_ws/install/pub_sub_tutorial/share/ament_index
creating /home/sagar/Developer/Robotics/Getting-Started-with-ROS2-A-Tutorial-Series/workspace/ros2_ws/install/pub_sub_tutorial/share/ament_index/resource_index
creating /home/sagar/Developer/Robotics/Getting-Started-with-ROS2-A-Tutorial-Series/workspace/ros2_ws/install/pub_sub_tutorial/share/ament_index/resource_index/packages
copying resource/pub_sub_tutorial -> /home/sagar/Developer/Robotics/Getting-Started-with-ROS2-A-Tutorial-Series/workspace/ros2_ws/install/pub_sub_tutorial/share/ament_index/resource_index/packages
copying package.xml -> /home/sagar/Developer/Robotics/Getting-Started-with-ROS2-A-Tutorial-Series/workspace/ros2_ws/install/pub_sub_tutorial/share/pub_sub_tutorial
running install_egg_info
Copying ../../build/pub_sub_tutorial/pub_sub_tutorial.egg-info to /home/sagar/Developer/Robotics/Getting-Started-with-ROS2-A-Tutorial-Series/workspace/ros2_ws/install/pub_sub_tutorial/lib/python3.10/site-packages/pub_sub_tutorial-0.0.0-py3.10.egg-info
running install_scripts
writing list of installed files to '/home/sagar/Developer/Robotics/Getting-Started-with-ROS2-A-Tutorial-Series/workspace/ros2_ws/build/pub_sub_tutorial/install.log'
