[2.104s] Invoking command in '/home/sagar/Developer/Robotics/Getting-Started-with-ROS2-A-Tutorial-Series/workspace/ros2_ws/src/rpi_robo_imageprocessing': PYTHONPATH=/home/sagar/Developer/Robotics/Getting-Started-with-ROS2-A-Tutorial-Series/workspace/ros2_ws/build/rpi_robo_imageprocessing/prefix_override:/home/sagar/Developer/Robotics/Getting-Started-with-ROS2-A-Tutorial-Series/workspace/ros2_ws/install/rpi_robo_imageprocessing/lib/python3.10/site-packages:${PYTHONPATH} /usr/bin/python3 -W ignore:setup.py install is deprecated setup.py egg_info --egg-base ../../build/rpi_robo_imageprocessing build --build-base /home/sagar/Developer/Robotics/Getting-Started-with-ROS2-A-Tutorial-Series/workspace/ros2_ws/build/rpi_robo_imageprocessing/build install --record /home/sagar/Developer/Robotics/Getting-Started-with-ROS2-A-Tutorial-Series/workspace/ros2_ws/build/rpi_robo_imageprocessing/install.log --single-version-externally-managed install_data
[2.894s] running egg_info
[2.896s] writing ../../build/rpi_robo_imageprocessing/rpi_robo_imageprocessing.egg-info/PKG-INFO
[2.897s] writing dependency_links to ../../build/rpi_robo_imageprocessing/rpi_robo_imageprocessing.egg-info/dependency_links.txt
[2.897s] writing entry points to ../../build/rpi_robo_imageprocessing/rpi_robo_imageprocessing.egg-info/entry_points.txt
[2.897s] writing requirements to ../../build/rpi_robo_imageprocessing/rpi_robo_imageprocessing.egg-info/requires.txt
[2.898s] writing top-level names to ../../build/rpi_robo_imageprocessing/rpi_robo_imageprocessing.egg-info/top_level.txt
[2.910s] reading manifest file '../../build/rpi_robo_imageprocessing/rpi_robo_imageprocessing.egg-info/SOURCES.txt'
[2.913s] writing manifest file '../../build/rpi_robo_imageprocessing/rpi_robo_imageprocessing.egg-info/SOURCES.txt'
[2.914s] running build
[2.914s] running build_py
[2.914s] copying rpi_robo_imageprocessing/image_subscriber.py -> /home/sagar/Developer/Robotics/Getting-Started-with-ROS2-A-Tutorial-Series/workspace/ros2_ws/build/rpi_robo_imageprocessing/build/lib/rpi_robo_imageprocessing
[2.915s] running install
[2.916s] running install_lib
[2.918s] copying /home/sagar/Developer/Robotics/Getting-Started-with-ROS2-A-Tutorial-Series/workspace/ros2_ws/build/rpi_robo_imageprocessing/build/lib/rpi_robo_imageprocessing/image_subscriber.py -> /home/sagar/Developer/Robotics/Getting-Started-with-ROS2-A-Tutorial-Series/workspace/ros2_ws/install/rpi_robo_imageprocessing/lib/python3.10/site-packages/rpi_robo_imageprocessing
[2.919s] byte-compiling /home/sagar/Developer/Robotics/Getting-Started-with-ROS2-A-Tutorial-Series/workspace/ros2_ws/install/rpi_robo_imageprocessing/lib/python3.10/site-packages/rpi_robo_imageprocessing/image_subscriber.py to image_subscriber.cpython-310.pyc
[2.921s] running install_data
[2.921s] running install_egg_info
[2.926s] removing '/home/sagar/Developer/Robotics/Getting-Started-with-ROS2-A-Tutorial-Series/workspace/ros2_ws/install/rpi_robo_imageprocessing/lib/python3.10/site-packages/rpi_robo_imageprocessing-0.0.0-py3.10.egg-info' (and everything under it)
[2.927s] Copying ../../build/rpi_robo_imageprocessing/rpi_robo_imageprocessing.egg-info to /home/sagar/Developer/Robotics/Getting-Started-with-ROS2-A-Tutorial-Series/workspace/ros2_ws/install/rpi_robo_imageprocessing/lib/python3.10/site-packages/rpi_robo_imageprocessing-0.0.0-py3.10.egg-info
[2.930s] running install_scripts
[2.989s] Installing imageprocessing script to /home/sagar/Developer/Robotics/Getting-Started-with-ROS2-A-Tutorial-Series/workspace/ros2_ws/install/rpi_robo_imageprocessing/lib/rpi_robo_imageprocessing
[2.989s] writing list of installed files to '/home/sagar/Developer/Robotics/Getting-Started-with-ROS2-A-Tutorial-Series/workspace/ros2_ws/build/rpi_robo_imageprocessing/install.log'
[3.078s] Invoked command in '/home/sagar/Developer/Robotics/Getting-Started-with-ROS2-A-Tutorial-Series/workspace/ros2_ws/src/rpi_robo_imageprocessing' returned '0': PYTHONPATH=/home/sagar/Developer/Robotics/Getting-Started-with-ROS2-A-Tutorial-Series/workspace/ros2_ws/build/rpi_robo_imageprocessing/prefix_override:/home/sagar/Developer/Robotics/Getting-Started-with-ROS2-A-Tutorial-Series/workspace/ros2_ws/install/rpi_robo_imageprocessing/lib/python3.10/site-packages:${PYTHONPATH} /usr/bin/python3 -W ignore:setup.py install is deprecated setup.py egg_info --egg-base ../../build/rpi_robo_imageprocessing build --build-base /home/sagar/Developer/Robotics/Getting-Started-with-ROS2-A-Tutorial-Series/workspace/ros2_ws/build/rpi_robo_imageprocessing/build install --record /home/sagar/Developer/Robotics/Getting-Started-with-ROS2-A-Tutorial-Series/workspace/ros2_ws/build/rpi_robo_imageprocessing/install.log --single-version-externally-managed install_data
