running egg_info
writing ../../build/pub_sub_tutorial/pub_sub_tutorial.egg-info/PKG-INFO
writing dependency_links to ../../build/pub_sub_tutorial/pub_sub_tutorial.egg-info/dependency_links.txt
writing entry points to ../../build/pub_sub_tutorial/pub_sub_tutorial.egg-info/entry_points.txt
writing requirements to ../../build/pub_sub_tutorial/pub_sub_tutorial.egg-info/requires.txt
writing top-level names to ../../build/pub_sub_tutorial/pub_sub_tutorial.egg-info/top_level.txt
reading manifest file '../../build/pub_sub_tutorial/pub_sub_tutorial.egg-info/SOURCES.txt'
writing manifest file '../../build/pub_sub_tutorial/pub_sub_tutorial.egg-info/SOURCES.txt'
running build
running build_py
running install
running install_lib
running install_data
running install_egg_info
removing '/home/sagar/Developer/Robotics/Getting-Started-with-ROS2-A-Tutorial-Series/workspace/ros2_ws/install/pub_sub_tutorial/lib/python3.10/site-packages/pub_sub_tutorial-0.0.0-py3.10.egg-info' (and everything under it)
Copying ../../build/pub_sub_tutorial/pub_sub_tutorial.egg-info to /home/sagar/Developer/Robotics/Getting-Started-with-ROS2-A-Tutorial-Series/workspace/ros2_ws/install/pub_sub_tutorial/lib/python3.10/site-packages/pub_sub_tutorial-0.0.0-py3.10.egg-info
running install_scripts
Installing led_publisher script to /home/sagar/Developer/Robotics/Getting-Started-with-ROS2-A-Tutorial-Series/workspace/ros2_ws/install/pub_sub_tutorial/lib/pub_sub_tutorial
Installing led_subscriber script to /home/sagar/Developer/Robotics/Getting-Started-with-ROS2-A-Tutorial-Series/workspace/ros2_ws/install/pub_sub_tutorial/lib/pub_sub_tutorial
writing list of installed files to '/home/sagar/Developer/Robotics/Getting-Started-with-ROS2-A-Tutorial-Series/workspace/ros2_ws/build/pub_sub_tutorial/install.log'
