[2.168s] Invoking command in '/home/sagar/Developer/Robotics/Getting-Started-with-ROS2-A-Tutorial-Series/workspace/ros2_ws/src/pub_sub_tutorial': PYTHONPATH=/home/sagar/Developer/Robotics/Getting-Started-with-ROS2-A-Tutorial-Series/workspace/ros2_ws/build/pub_sub_tutorial/prefix_override:/home/sagar/Developer/Robotics/Getting-Started-with-ROS2-A-Tutorial-Series/workspace/ros2_ws/install/pub_sub_tutorial/lib/python3.10/site-packages:${PYTHONPATH} /usr/bin/python3 -W ignore:setup.py install is deprecated setup.py egg_info --egg-base ../../build/pub_sub_tutorial build --build-base /home/sagar/Developer/Robotics/Getting-Started-with-ROS2-A-Tutorial-Series/workspace/ros2_ws/build/pub_sub_tutorial/build install --record /home/sagar/Developer/Robotics/Getting-Started-with-ROS2-A-Tutorial-Series/workspace/ros2_ws/build/pub_sub_tutorial/install.log --single-version-externally-managed install_data
[2.988s] running egg_info
[2.990s] writing ../../build/pub_sub_tutorial/pub_sub_tutorial.egg-info/PKG-INFO
[2.991s] writing dependency_links to ../../build/pub_sub_tutorial/pub_sub_tutorial.egg-info/dependency_links.txt
[2.991s] writing entry points to ../../build/pub_sub_tutorial/pub_sub_tutorial.egg-info/entry_points.txt
[2.992s] writing requirements to ../../build/pub_sub_tutorial/pub_sub_tutorial.egg-info/requires.txt
[2.992s] writing top-level names to ../../build/pub_sub_tutorial/pub_sub_tutorial.egg-info/top_level.txt
[3.008s] reading manifest file '../../build/pub_sub_tutorial/pub_sub_tutorial.egg-info/SOURCES.txt'
[3.012s] writing manifest file '../../build/pub_sub_tutorial/pub_sub_tutorial.egg-info/SOURCES.txt'
[3.013s] running build
[3.013s] running build_py
[3.014s] running install
[3.015s] running install_lib
[3.018s] running install_data
[3.019s] running install_egg_info
[3.024s] removing '/home/sagar/Developer/Robotics/Getting-Started-with-ROS2-A-Tutorial-Series/workspace/ros2_ws/install/pub_sub_tutorial/lib/python3.10/site-packages/pub_sub_tutorial-0.0.0-py3.10.egg-info' (and everything under it)
[3.025s] Copying ../../build/pub_sub_tutorial/pub_sub_tutorial.egg-info to /home/sagar/Developer/Robotics/Getting-Started-with-ROS2-A-Tutorial-Series/workspace/ros2_ws/install/pub_sub_tutorial/lib/python3.10/site-packages/pub_sub_tutorial-0.0.0-py3.10.egg-info
[3.028s] running install_scripts
[3.094s] Installing led_publisher script to /home/sagar/Developer/Robotics/Getting-Started-with-ROS2-A-Tutorial-Series/workspace/ros2_ws/install/pub_sub_tutorial/lib/pub_sub_tutorial
[3.094s] Installing led_subscriber script to /home/sagar/Developer/Robotics/Getting-Started-with-ROS2-A-Tutorial-Series/workspace/ros2_ws/install/pub_sub_tutorial/lib/pub_sub_tutorial
[3.095s] writing list of installed files to '/home/sagar/Developer/Robotics/Getting-Started-with-ROS2-A-Tutorial-Series/workspace/ros2_ws/build/pub_sub_tutorial/install.log'
[3.187s] Invoked command in '/home/sagar/Developer/Robotics/Getting-Started-with-ROS2-A-Tutorial-Series/workspace/ros2_ws/src/pub_sub_tutorial' returned '0': PYTHONPATH=/home/sagar/Developer/Robotics/Getting-Started-with-ROS2-A-Tutorial-Series/workspace/ros2_ws/build/pub_sub_tutorial/prefix_override:/home/sagar/Developer/Robotics/Getting-Started-with-ROS2-A-Tutorial-Series/workspace/ros2_ws/install/pub_sub_tutorial/lib/python3.10/site-packages:${PYTHONPATH} /usr/bin/python3 -W ignore:setup.py install is deprecated setup.py egg_info --egg-base ../../build/pub_sub_tutorial build --build-base /home/sagar/Developer/Robotics/Getting-Started-with-ROS2-A-Tutorial-Series/workspace/ros2_ws/build/pub_sub_tutorial/build install --record /home/sagar/Developer/Robotics/Getting-Started-with-ROS2-A-Tutorial-Series/workspace/ros2_ws/build/pub_sub_tutorial/install.log --single-version-externally-managed install_data
