running egg_info
creating ../../build/battery_status/battery_status.egg-info
writing ../../build/battery_status/battery_status.egg-info/PKG-INFO
writing dependency_links to ../../build/battery_status/battery_status.egg-info/dependency_links.txt
writing entry points to ../../build/battery_status/battery_status.egg-info/entry_points.txt
writing requirements to ../../build/battery_status/battery_status.egg-info/requires.txt
writing top-level names to ../../build/battery_status/battery_status.egg-info/top_level.txt
writing manifest file '../../build/battery_status/battery_status.egg-info/SOURCES.txt'
writing manifest file '../../build/battery_status/battery_status.egg-info/SOURCES.txt'
running build
running build_py
creating /home/sagar/Developer/Robotics/Getting-Started-with-ROS2-A-Tutorial-Series/workspace/ros2_ws/build/battery_status/build
creating /home/sagar/Developer/Robotics/Getting-Started-with-ROS2-A-Tutorial-Series/workspace/ros2_ws/build/battery_status/build/lib
creating /home/sagar/Developer/Robotics/Getting-Started-with-ROS2-A-Tutorial-Series/workspace/ros2_ws/build/battery_status/build/lib/battery_status
copying battery_status/battery_service.py -> /home/sagar/Developer/Robotics/Getting-Started-with-ROS2-A-Tutorial-Series/workspace/ros2_ws/build/battery_status/build/lib/battery_status
copying battery_status/battery_client.py -> /home/sagar/Developer/Robotics/Getting-Started-with-ROS2-A-Tutorial-Series/workspace/ros2_ws/build/battery_status/build/lib/battery_status
copying battery_status/__init__.py -> /home/sagar/Developer/Robotics/Getting-Started-with-ROS2-A-Tutorial-Series/workspace/ros2_ws/build/battery_status/build/lib/battery_status
running install
running install_lib
creating /home/sagar/Developer/Robotics/Getting-Started-with-ROS2-A-Tutorial-Series/workspace/ros2_ws/install/battery_status/lib/python3.10/site-packages/battery_status
copying /home/sagar/Developer/Robotics/Getting-Started-with-ROS2-A-Tutorial-Series/workspace/ros2_ws/build/battery_status/build/lib/battery_status/battery_service.py -> /home/sagar/Developer/Robotics/Getting-Started-with-ROS2-A-Tutorial-Series/workspace/ros2_ws/install/battery_status/lib/python3.10/site-packages/battery_status
copying /home/sagar/Developer/Robotics/Getting-Started-with-ROS2-A-Tutorial-Series/workspace/ros2_ws/build/battery_status/build/lib/battery_status/battery_client.py -> /home/sagar/Developer/Robotics/Getting-Started-with-ROS2-A-Tutorial-Series/workspace/ros2_ws/install/battery_status/lib/python3.10/site-packages/battery_status
copying /home/sagar/Developer/Robotics/Getting-Started-with-ROS2-A-Tutorial-Series/workspace/ros2_ws/build/battery_status/build/lib/battery_status/__init__.py -> /home/sagar/Developer/Robotics/Getting-Started-with-ROS2-A-Tutorial-Series/workspace/ros2_ws/install/battery_status/lib/python3.10/site-packages/battery_status
byte-compiling /home/sagar/Developer/Robotics/Getting-Started-with-ROS2-A-Tutorial-Series/workspace/ros2_ws/install/battery_status/lib/python3.10/site-packages/battery_status/battery_service.py to battery_service.cpython-310.pyc
byte-compiling /home/sagar/Developer/Robotics/Getting-Started-with-ROS2-A-Tutorial-Series/workspace/ros2_ws/install/battery_status/lib/python3.10/site-packages/battery_status/battery_client.py to battery_client.cpython-310.pyc
byte-compiling /home/sagar/Developer/Robotics/Getting-Started-with-ROS2-A-Tutorial-Series/workspace/ros2_ws/install/battery_status/lib/python3.10/site-packages/battery_status/__init__.py to __init__.cpython-310.pyc
running install_data
creating /home/sagar/Developer/Robotics/Getting-Started-with-ROS2-A-Tutorial-Series/workspace/ros2_ws/install/battery_status/share/ament_index
creating /home/sagar/Developer/Robotics/Getting-Started-with-ROS2-A-Tutorial-Series/workspace/ros2_ws/install/battery_status/share/ament_index/resource_index
creating /home/sagar/Developer/Robotics/Getting-Started-with-ROS2-A-Tutorial-Series/workspace/ros2_ws/install/battery_status/share/ament_index/resource_index/packages
copying resource/battery_status -> /home/sagar/Developer/Robotics/Getting-Started-with-ROS2-A-Tutorial-Series/workspace/ros2_ws/install/battery_status/share/ament_index/resource_index/packages
copying package.xml -> /home/sagar/Developer/Robotics/Getting-Started-with-ROS2-A-Tutorial-Series/workspace/ros2_ws/install/battery_status/share/battery_status
running install_egg_info
Copying ../../build/battery_status/battery_status.egg-info to /home/sagar/Developer/Robotics/Getting-Started-with-ROS2-A-Tutorial-Series/workspace/ros2_ws/install/battery_status/lib/python3.10/site-packages/battery_status-0.0.0-py3.10.egg-info
running install_scripts
Installing battery_client script to /home/sagar/Developer/Robotics/Getting-Started-with-ROS2-A-Tutorial-Series/workspace/ros2_ws/install/battery_status/lib/battery_status
Installing battery_service script to /home/sagar/Developer/Robotics/Getting-Started-with-ROS2-A-Tutorial-Series/workspace/ros2_ws/install/battery_status/lib/battery_status
writing list of installed files to '/home/sagar/Developer/Robotics/Getting-Started-with-ROS2-A-Tutorial-Series/workspace/ros2_ws/build/battery_status/install.log'
