[5.710s] Invoking command in '/home/sagar/Developer/Robotics/Getting-Started-with-ROS2-A-Tutorial-Series/workspace/ros2_ws/src/rotate_turtle_action_client': PYTHONPATH=/home/sagar/Developer/Robotics/Getting-Started-with-ROS2-A-Tutorial-Series/workspace/ros2_ws/build/rotate_turtle_action_client/prefix_override:/home/sagar/Developer/Robotics/Getting-Started-with-ROS2-A-Tutorial-Series/workspace/ros2_ws/install/rotate_turtle_action_client/lib/python3.10/site-packages:${PYTHONPATH} /usr/bin/python3 -W ignore:setup.py install is deprecated setup.py egg_info --egg-base ../../build/rotate_turtle_action_client build --build-base /home/sagar/Developer/Robotics/Getting-Started-with-ROS2-A-Tutorial-Series/workspace/ros2_ws/build/rotate_turtle_action_client/build install --record /home/sagar/Developer/Robotics/Getting-Started-with-ROS2-A-Tutorial-Series/workspace/ros2_ws/build/rotate_turtle_action_client/install.log --single-version-externally-managed install_data
[6.847s] running egg_info
[6.850s] writing ../../build/rotate_turtle_action_client/rotate_turtle_action_client.egg-info/PKG-INFO
[6.855s] writing dependency_links to ../../build/rotate_turtle_action_client/rotate_turtle_action_client.egg-info/dependency_links.txt
[6.856s] writing entry points to ../../build/rotate_turtle_action_client/rotate_turtle_action_client.egg-info/entry_points.txt
[6.856s] writing requirements to ../../build/rotate_turtle_action_client/rotate_turtle_action_client.egg-info/requires.txt
[6.856s] writing top-level names to ../../build/rotate_turtle_action_client/rotate_turtle_action_client.egg-info/top_level.txt
[6.873s] reading manifest file '../../build/rotate_turtle_action_client/rotate_turtle_action_client.egg-info/SOURCES.txt'
[6.881s] writing manifest file '../../build/rotate_turtle_action_client/rotate_turtle_action_client.egg-info/SOURCES.txt'
[6.881s] running build
[6.882s] running build_py
[6.882s] running install
[6.883s] running install_lib
[6.887s] running install_data
[6.889s] running install_egg_info
[6.902s] removing '/home/sagar/Developer/Robotics/Getting-Started-with-ROS2-A-Tutorial-Series/workspace/ros2_ws/install/rotate_turtle_action_client/lib/python3.10/site-packages/rotate_turtle_action_client-0.0.0-py3.10.egg-info' (and everything under it)
[6.903s] Copying ../../build/rotate_turtle_action_client/rotate_turtle_action_client.egg-info to /home/sagar/Developer/Robotics/Getting-Started-with-ROS2-A-Tutorial-Series/workspace/ros2_ws/install/rotate_turtle_action_client/lib/python3.10/site-packages/rotate_turtle_action_client-0.0.0-py3.10.egg-info
[6.908s] running install_scripts
[7.002s] Installing rotate_turtle_action_client script to /home/sagar/Developer/Robotics/Getting-Started-with-ROS2-A-Tutorial-Series/workspace/ros2_ws/install/rotate_turtle_action_client/lib/rotate_turtle_action_client
[7.006s] writing list of installed files to '/home/sagar/Developer/Robotics/Getting-Started-with-ROS2-A-Tutorial-Series/workspace/ros2_ws/build/rotate_turtle_action_client/install.log'
[7.158s] Invoked command in '/home/sagar/Developer/Robotics/Getting-Started-with-ROS2-A-Tutorial-Series/workspace/ros2_ws/src/rotate_turtle_action_client' returned '0': PYTHONPATH=/home/sagar/Developer/Robotics/Getting-Started-with-ROS2-A-Tutorial-Series/workspace/ros2_ws/build/rotate_turtle_action_client/prefix_override:/home/sagar/Developer/Robotics/Getting-Started-with-ROS2-A-Tutorial-Series/workspace/ros2_ws/install/rotate_turtle_action_client/lib/python3.10/site-packages:${PYTHONPATH} /usr/bin/python3 -W ignore:setup.py install is deprecated setup.py egg_info --egg-base ../../build/rotate_turtle_action_client build --build-base /home/sagar/Developer/Robotics/Getting-Started-with-ROS2-A-Tutorial-Series/workspace/ros2_ws/build/rotate_turtle_action_client/build install --record /home/sagar/Developer/Robotics/Getting-Started-with-ROS2-A-Tutorial-Series/workspace/ros2_ws/build/rotate_turtle_action_client/install.log --single-version-externally-managed install_data
