[0.378s] DEBUG:colcon:Command line arguments: ['/usr/bin/colcon', 'build', '--packages-select', 'rotate_turtle_action_client']
[0.378s] DEBUG:colcon:Parsed command line arguments: Namespace(log_base=None, log_level=None, verb_name='build', build_base='build', install_base='install', merge_install=False, symlink_install=False, test_result_base=None, continue_on_error=False, executor='parallel', parallel_workers=4, event_handlers=None, ignore_user_meta=False, metas=['./colcon.meta'], base_paths=['.'], packages_ignore=None, packages_ignore_regex=None, paths=None, packages_up_to=None, packages_up_to_regex=None, packages_above=None, packages_above_and_dependencies=None, packages_above_depth=None, packages_select_by_dep=None, packages_skip_by_dep=None, packages_skip_up_to=None, packages_select_build_failed=False, packages_skip_build_finished=False, packages_select_test_failures=False, packages_skip_test_passed=False, packages_select=['rotate_turtle_action_client'], packages_skip=None, packages_select_regex=None, packages_skip_regex=None, packages_start=None, packages_end=None, allow_overriding=[], cmake_args=None, cmake_target=None, cmake_target_skip_unavailable=False, cmake_clean_cache=False, cmake_clean_first=False, cmake_force_configure=False, ament_cmake_args=None, catkin_cmake_args=None, catkin_skip_building_tests=False, mixin_files=None, mixin=None, verb_parser=<colcon_mixin.mixin.mixin_argument.MixinArgumentDecorator object at 0x72728cc46a70>, verb_extension=<colcon_core.verb.build.BuildVerb object at 0x72728cdbbf70>, main=<bound method BuildVerb.main of <colcon_core.verb.build.BuildVerb object at 0x72728cdbbf70>>, mixin_verb=('build',))
[1.002s] Level 1:colcon.colcon_core.package_discovery:discover_packages(colcon_meta) check parameters
[1.003s] Level 1:colcon.colcon_core.package_discovery:discover_packages(recursive) check parameters
[1.003s] Level 1:colcon.colcon_core.package_discovery:discover_packages(ignore) check parameters
[1.003s] Level 1:colcon.colcon_core.package_discovery:discover_packages(path) check parameters
[1.003s] Level 1:colcon.colcon_core.package_discovery:discover_packages(colcon_meta) discover
[1.003s] Level 1:colcon.colcon_core.package_discovery:discover_packages(recursive) discover
[1.003s] INFO:colcon.colcon_core.package_discovery:Crawling recursively for packages in '/home/sagar/Developer/Robotics/Getting-Started-with-ROS2-A-Tutorial-Series/workspace/ros2_ws'
[1.003s] Level 1:colcon.colcon_core.package_identification:_identify(.) by extensions ['ignore', 'ignore_ament_install']
[1.004s] Level 1:colcon.colcon_core.package_identification:_identify(.) by extension 'ignore'
[1.004s] Level 1:colcon.colcon_core.package_identification:_identify(.) by extension 'ignore_ament_install'
[1.004s] Level 1:colcon.colcon_core.package_identification:_identify(.) by extensions ['colcon_pkg']
[1.004s] Level 1:colcon.colcon_core.package_identification:_identify(.) by extension 'colcon_pkg'
[1.004s] Level 1:colcon.colcon_core.package_identification:_identify(.) by extensions ['colcon_meta']
[1.004s] Level 1:colcon.colcon_core.package_identification:_identify(.) by extension 'colcon_meta'
[1.004s] Level 1:colcon.colcon_core.package_identification:_identify(.) by extensions ['ros']
[1.005s] Level 1:colcon.colcon_core.package_identification:_identify(.) by extension 'ros'
[1.041s] Level 1:colcon.colcon_core.package_identification:_identify(.) by extensions ['cmake', 'python']
[1.042s] Level 1:colcon.colcon_core.package_identification:_identify(.) by extension 'cmake'
[1.042s] Level 1:colcon.colcon_core.package_identification:_identify(.) by extension 'python'
[1.042s] Level 1:colcon.colcon_core.package_identification:_identify(.) by extensions ['python_setup_py']
[1.042s] Level 1:colcon.colcon_core.package_identification:_identify(.) by extension 'python_setup_py'
[1.042s] Level 1:colcon.colcon_core.package_identification:_identify(build) by extensions ['ignore', 'ignore_ament_install']
[1.043s] Level 1:colcon.colcon_core.package_identification:_identify(build) by extension 'ignore'
[1.043s] Level 1:colcon.colcon_core.package_identification:_identify(build) ignored
[1.043s] Level 1:colcon.colcon_core.package_identification:_identify(install) by extensions ['ignore', 'ignore_ament_install']
[1.043s] Level 1:colcon.colcon_core.package_identification:_identify(install) by extension 'ignore'
[1.043s] Level 1:colcon.colcon_core.package_identification:_identify(install) ignored
[1.044s] Level 1:colcon.colcon_core.package_identification:_identify(log) by extensions ['ignore', 'ignore_ament_install']
[1.044s] Level 1:colcon.colcon_core.package_identification:_identify(log) by extension 'ignore'
[1.044s] Level 1:colcon.colcon_core.package_identification:_identify(log) ignored
[1.044s] Level 1:colcon.colcon_core.package_identification:_identify(src) by extensions ['ignore', 'ignore_ament_install']
[1.044s] Level 1:colcon.colcon_core.package_identification:_identify(src) by extension 'ignore'
[1.045s] Level 1:colcon.colcon_core.package_identification:_identify(src) by extension 'ignore_ament_install'
[1.045s] Level 1:colcon.colcon_core.package_identification:_identify(src) by extensions ['colcon_pkg']
[1.045s] Level 1:colcon.colcon_core.package_identification:_identify(src) by extension 'colcon_pkg'
[1.045s] Level 1:colcon.colcon_core.package_identification:_identify(src) by extensions ['colcon_meta']
[1.045s] Level 1:colcon.colcon_core.package_identification:_identify(src) by extension 'colcon_meta'
[1.045s] Level 1:colcon.colcon_core.package_identification:_identify(src) by extensions ['ros']
[1.045s] Level 1:colcon.colcon_core.package_identification:_identify(src) by extension 'ros'
[1.046s] Level 1:colcon.colcon_core.package_identification:_identify(src) by extensions ['cmake', 'python']
[1.046s] Level 1:colcon.colcon_core.package_identification:_identify(src) by extension 'cmake'
[1.046s] Level 1:colcon.colcon_core.package_identification:_identify(src) by extension 'python'
[1.046s] Level 1:colcon.colcon_core.package_identification:_identify(src) by extensions ['python_setup_py']
[1.046s] Level 1:colcon.colcon_core.package_identification:_identify(src) by extension 'python_setup_py'
[1.046s] Level 1:colcon.colcon_core.package_identification:_identify(src/battery_status) by extensions ['ignore', 'ignore_ament_install']
[1.047s] Level 1:colcon.colcon_core.package_identification:_identify(src/battery_status) by extension 'ignore'
[1.047s] Level 1:colcon.colcon_core.package_identification:_identify(src/battery_status) by extension 'ignore_ament_install'
[1.047s] Level 1:colcon.colcon_core.package_identification:_identify(src/battery_status) by extensions ['colcon_pkg']
[1.047s] Level 1:colcon.colcon_core.package_identification:_identify(src/battery_status) by extension 'colcon_pkg'
[1.047s] Level 1:colcon.colcon_core.package_identification:_identify(src/battery_status) by extensions ['colcon_meta']
[1.047s] Level 1:colcon.colcon_core.package_identification:_identify(src/battery_status) by extension 'colcon_meta'
[1.047s] Level 1:colcon.colcon_core.package_identification:_identify(src/battery_status) by extensions ['ros']
[1.048s] Level 1:colcon.colcon_core.package_identification:_identify(src/battery_status) by extension 'ros'
[1.055s] DEBUG:colcon.colcon_core.package_identification:Package 'src/battery_status' with type 'ros.ament_python' and name 'battery_status'
[1.055s] Level 1:colcon.colcon_core.package_identification:_identify(src/my_tutorials) by extensions ['ignore', 'ignore_ament_install']
[1.055s] Level 1:colcon.colcon_core.package_identification:_identify(src/my_tutorials) by extension 'ignore'
[1.055s] Level 1:colcon.colcon_core.package_identification:_identify(src/my_tutorials) by extension 'ignore_ament_install'
[1.056s] Level 1:colcon.colcon_core.package_identification:_identify(src/my_tutorials) by extensions ['colcon_pkg']
[1.056s] Level 1:colcon.colcon_core.package_identification:_identify(src/my_tutorials) by extension 'colcon_pkg'
[1.056s] Level 1:colcon.colcon_core.package_identification:_identify(src/my_tutorials) by extensions ['colcon_meta']
[1.056s] Level 1:colcon.colcon_core.package_identification:_identify(src/my_tutorials) by extension 'colcon_meta'
[1.056s] Level 1:colcon.colcon_core.package_identification:_identify(src/my_tutorials) by extensions ['ros']
[1.056s] Level 1:colcon.colcon_core.package_identification:_identify(src/my_tutorials) by extension 'ros'
[1.058s] DEBUG:colcon.colcon_core.package_identification:Package 'src/my_tutorials' with type 'ros.ament_python' and name 'my_tutorials'
[1.059s] Level 1:colcon.colcon_core.package_identification:_identify(src/pub_sub_tutorial) by extensions ['ignore', 'ignore_ament_install']
[1.059s] Level 1:colcon.colcon_core.package_identification:_identify(src/pub_sub_tutorial) by extension 'ignore'
[1.059s] Level 1:colcon.colcon_core.package_identification:_identify(src/pub_sub_tutorial) by extension 'ignore_ament_install'
[1.059s] Level 1:colcon.colcon_core.package_identification:_identify(src/pub_sub_tutorial) by extensions ['colcon_pkg']
[1.059s] Level 1:colcon.colcon_core.package_identification:_identify(src/pub_sub_tutorial) by extension 'colcon_pkg'
[1.059s] Level 1:colcon.colcon_core.package_identification:_identify(src/pub_sub_tutorial) by extensions ['colcon_meta']
[1.059s] Level 1:colcon.colcon_core.package_identification:_identify(src/pub_sub_tutorial) by extension 'colcon_meta'
[1.060s] Level 1:colcon.colcon_core.package_identification:_identify(src/pub_sub_tutorial) by extensions ['ros']
[1.060s] Level 1:colcon.colcon_core.package_identification:_identify(src/pub_sub_tutorial) by extension 'ros'
[1.062s] DEBUG:colcon.colcon_core.package_identification:Package 'src/pub_sub_tutorial' with type 'ros.ament_python' and name 'pub_sub_tutorial'
[1.062s] Level 1:colcon.colcon_core.package_identification:_identify(src/rotate_turtle_action_client) by extensions ['ignore', 'ignore_ament_install']
[1.062s] Level 1:colcon.colcon_core.package_identification:_identify(src/rotate_turtle_action_client) by extension 'ignore'
[1.062s] Level 1:colcon.colcon_core.package_identification:_identify(src/rotate_turtle_action_client) by extension 'ignore_ament_install'
[1.063s] Level 1:colcon.colcon_core.package_identification:_identify(src/rotate_turtle_action_client) by extensions ['colcon_pkg']
[1.063s] Level 1:colcon.colcon_core.package_identification:_identify(src/rotate_turtle_action_client) by extension 'colcon_pkg'
[1.063s] Level 1:colcon.colcon_core.package_identification:_identify(src/rotate_turtle_action_client) by extensions ['colcon_meta']
[1.063s] Level 1:colcon.colcon_core.package_identification:_identify(src/rotate_turtle_action_client) by extension 'colcon_meta'
[1.063s] Level 1:colcon.colcon_core.package_identification:_identify(src/rotate_turtle_action_client) by extensions ['ros']
[1.063s] Level 1:colcon.colcon_core.package_identification:_identify(src/rotate_turtle_action_client) by extension 'ros'
[1.065s] DEBUG:colcon.colcon_core.package_identification:Package 'src/rotate_turtle_action_client' with type 'ros.ament_python' and name 'rotate_turtle_action_client'
[1.065s] Level 1:colcon.colcon_core.package_identification:_identify(src/turtlesim_action_example) by extensions ['ignore', 'ignore_ament_install']
[1.065s] Level 1:colcon.colcon_core.package_identification:_identify(src/turtlesim_action_example) by extension 'ignore'
[1.065s] Level 1:colcon.colcon_core.package_identification:_identify(src/turtlesim_action_example) by extension 'ignore_ament_install'
[1.066s] Level 1:colcon.colcon_core.package_identification:_identify(src/turtlesim_action_example) by extensions ['colcon_pkg']
[1.066s] Level 1:colcon.colcon_core.package_identification:_identify(src/turtlesim_action_example) by extension 'colcon_pkg'
[1.066s] Level 1:colcon.colcon_core.package_identification:_identify(src/turtlesim_action_example) by extensions ['colcon_meta']
[1.066s] Level 1:colcon.colcon_core.package_identification:_identify(src/turtlesim_action_example) by extension 'colcon_meta'
[1.066s] Level 1:colcon.colcon_core.package_identification:_identify(src/turtlesim_action_example) by extensions ['ros']
[1.066s] Level 1:colcon.colcon_core.package_identification:_identify(src/turtlesim_action_example) by extension 'ros'
[1.068s] DEBUG:colcon.colcon_core.package_identification:Package 'src/turtlesim_action_example' with type 'ros.ament_python' and name 'turtlesim_action_example'
[1.069s] Level 1:colcon.colcon_core.package_discovery:discover_packages(recursive) using defaults
[1.069s] Level 1:colcon.colcon_core.package_discovery:discover_packages(ignore) discover
[1.069s] Level 1:colcon.colcon_core.package_discovery:discover_packages(ignore) using defaults
[1.069s] Level 1:colcon.colcon_core.package_discovery:discover_packages(path) discover
[1.069s] Level 1:colcon.colcon_core.package_discovery:discover_packages(path) using defaults
[1.179s] INFO:colcon.colcon_core.package_selection:Skipping not selected package 'battery_status' in 'src/battery_status'
[1.179s] INFO:colcon.colcon_core.package_selection:Skipping not selected package 'my_tutorials' in 'src/my_tutorials'
[1.179s] INFO:colcon.colcon_core.package_selection:Skipping not selected package 'pub_sub_tutorial' in 'src/pub_sub_tutorial'
[1.179s] INFO:colcon.colcon_core.package_selection:Skipping not selected package 'turtlesim_action_example' in 'src/turtlesim_action_example'
[1.180s] Level 1:colcon.colcon_core.package_discovery:discover_packages(prefix_path) check parameters
[1.181s] Level 1:colcon.colcon_core.package_discovery:discover_packages(prefix_path) discover
[1.187s] DEBUG:colcon.colcon_installed_package_information.package_discovery:Found 5 installed packages in /home/sagar/Developer/Robotics/Getting-Started-with-ROS2-A-Tutorial-Series/workspace/ros2_ws/install
[1.194s] DEBUG:colcon.colcon_installed_package_information.package_discovery:Found 296 installed packages in /opt/ros/humble
[1.202s] Level 1:colcon.colcon_core.package_discovery:discover_packages(prefix_path) using defaults
[1.362s] Level 5:colcon.colcon_core.verb:set package 'rotate_turtle_action_client' build argument 'cmake_args' from command line to 'None'
[1.362s] Level 5:colcon.colcon_core.verb:set package 'rotate_turtle_action_client' build argument 'cmake_target' from command line to 'None'
[1.362s] Level 5:colcon.colcon_core.verb:set package 'rotate_turtle_action_client' build argument 'cmake_target_skip_unavailable' from command line to 'False'
[1.362s] Level 5:colcon.colcon_core.verb:set package 'rotate_turtle_action_client' build argument 'cmake_clean_cache' from command line to 'False'
[1.362s] Level 5:colcon.colcon_core.verb:set package 'rotate_turtle_action_client' build argument 'cmake_clean_first' from command line to 'False'
[1.363s] Level 5:colcon.colcon_core.verb:set package 'rotate_turtle_action_client' build argument 'cmake_force_configure' from command line to 'False'
[1.363s] Level 5:colcon.colcon_core.verb:set package 'rotate_turtle_action_client' build argument 'ament_cmake_args' from command line to 'None'
[1.363s] Level 5:colcon.colcon_core.verb:set package 'rotate_turtle_action_client' build argument 'catkin_cmake_args' from command line to 'None'
[1.363s] Level 5:colcon.colcon_core.verb:set package 'rotate_turtle_action_client' build argument 'catkin_skip_building_tests' from command line to 'False'
[1.363s] DEBUG:colcon.colcon_core.verb:Building package 'rotate_turtle_action_client' with the following arguments: {'ament_cmake_args': None, 'build_base': '/home/sagar/Developer/Robotics/Getting-Started-with-ROS2-A-Tutorial-Series/workspace/ros2_ws/build/rotate_turtle_action_client', 'catkin_cmake_args': None, 'catkin_skip_building_tests': False, 'cmake_args': None, 'cmake_clean_cache': False, 'cmake_clean_first': False, 'cmake_force_configure': False, 'cmake_target': None, 'cmake_target_skip_unavailable': False, 'install_base': '/home/sagar/Developer/Robotics/Getting-Started-with-ROS2-A-Tutorial-Series/workspace/ros2_ws/install/rotate_turtle_action_client', 'merge_install': False, 'path': '/home/sagar/Developer/Robotics/Getting-Started-with-ROS2-A-Tutorial-Series/workspace/ros2_ws/src/rotate_turtle_action_client', 'symlink_install': False, 'test_result_base': None}
[1.364s] INFO:colcon.colcon_core.executor:Executing jobs using 'parallel' executor
[1.367s] DEBUG:colcon.colcon_parallel_executor.executor.parallel:run_until_complete
[1.367s] INFO:colcon.colcon_ros.task.ament_python.build:Building ROS package in '/home/sagar/Developer/Robotics/Getting-Started-with-ROS2-A-Tutorial-Series/workspace/ros2_ws/src/rotate_turtle_action_client' with build type 'ament_python'
[1.368s] Level 1:colcon.colcon_core.shell:create_environment_hook('rotate_turtle_action_client', 'ament_prefix_path')
[1.375s] INFO:colcon.colcon_core.plugin_system:Skipping extension 'colcon_core.shell.bat': Not used on non-Windows systems
[1.376s] INFO:colcon.colcon_core.shell:Creating environment hook '/home/sagar/Developer/Robotics/Getting-Started-with-ROS2-A-Tutorial-Series/workspace/ros2_ws/install/rotate_turtle_action_client/share/rotate_turtle_action_client/hook/ament_prefix_path.ps1'
[1.378s] INFO:colcon.colcon_core.shell:Creating environment descriptor '/home/sagar/Developer/Robotics/Getting-Started-with-ROS2-A-Tutorial-Series/workspace/ros2_ws/install/rotate_turtle_action_client/share/rotate_turtle_action_client/hook/ament_prefix_path.dsv'
[1.379s] INFO:colcon.colcon_core.shell:Creating environment hook '/home/sagar/Developer/Robotics/Getting-Started-with-ROS2-A-Tutorial-Series/workspace/ros2_ws/install/rotate_turtle_action_client/share/rotate_turtle_action_client/hook/ament_prefix_path.sh'
[1.382s] INFO:colcon.colcon_core.shell:Skip shell extension 'powershell' for command environment: Not usable outside of PowerShell
[1.382s] DEBUG:colcon.colcon_core.shell:Skip shell extension 'dsv' for command environment
[2.300s] INFO:colcon.colcon_core.task.python.build:Building Python package in '/home/sagar/Developer/Robotics/Getting-Started-with-ROS2-A-Tutorial-Series/workspace/ros2_ws/src/rotate_turtle_action_client'
[2.302s] INFO:colcon.colcon_core.shell:Skip shell extension 'powershell' for command environment: Not usable outside of PowerShell
[2.302s] DEBUG:colcon.colcon_core.shell:Skip shell extension 'dsv' for command environment
[3.564s] DEBUG:colcon.colcon_core.event_handler.log_command:Invoking command in '/home/sagar/Developer/Robotics/Getting-Started-with-ROS2-A-Tutorial-Series/workspace/ros2_ws/src/rotate_turtle_action_client': PYTHONPATH=/home/sagar/Developer/Robotics/Getting-Started-with-ROS2-A-Tutorial-Series/workspace/ros2_ws/build/rotate_turtle_action_client/prefix_override:/home/sagar/Developer/Robotics/Getting-Started-with-ROS2-A-Tutorial-Series/workspace/ros2_ws/install/rotate_turtle_action_client/lib/python3.10/site-packages:${PYTHONPATH} /usr/bin/python3 -W ignore:setup.py install is deprecated setup.py egg_info --egg-base ../../build/rotate_turtle_action_client build --build-base /home/sagar/Developer/Robotics/Getting-Started-with-ROS2-A-Tutorial-Series/workspace/ros2_ws/build/rotate_turtle_action_client/build install --record /home/sagar/Developer/Robotics/Getting-Started-with-ROS2-A-Tutorial-Series/workspace/ros2_ws/build/rotate_turtle_action_client/install.log --single-version-externally-managed install_data
[4.692s] DEBUG:colcon.colcon_core.event_handler.log_command:Invoked command in '/home/sagar/Developer/Robotics/Getting-Started-with-ROS2-A-Tutorial-Series/workspace/ros2_ws/src/rotate_turtle_action_client' returned '0': PYTHONPATH=/home/sagar/Developer/Robotics/Getting-Started-with-ROS2-A-Tutorial-Series/workspace/ros2_ws/build/rotate_turtle_action_client/prefix_override:/home/sagar/Developer/Robotics/Getting-Started-with-ROS2-A-Tutorial-Series/workspace/ros2_ws/install/rotate_turtle_action_client/lib/python3.10/site-packages:${PYTHONPATH} /usr/bin/python3 -W ignore:setup.py install is deprecated setup.py egg_info --egg-base ../../build/rotate_turtle_action_client build --build-base /home/sagar/Developer/Robotics/Getting-Started-with-ROS2-A-Tutorial-Series/workspace/ros2_ws/build/rotate_turtle_action_client/build install --record /home/sagar/Developer/Robotics/Getting-Started-with-ROS2-A-Tutorial-Series/workspace/ros2_ws/build/rotate_turtle_action_client/install.log --single-version-externally-managed install_data
[4.705s] Level 1:colcon.colcon_core.environment:checking '/home/sagar/Developer/Robotics/Getting-Started-with-ROS2-A-Tutorial-Series/workspace/ros2_ws/install/rotate_turtle_action_client' for CMake module files
[4.709s] Level 1:colcon.colcon_core.environment:checking '/home/sagar/Developer/Robotics/Getting-Started-with-ROS2-A-Tutorial-Series/workspace/ros2_ws/install/rotate_turtle_action_client' for CMake config files
[4.713s] Level 1:colcon.colcon_core.environment:checking '/home/sagar/Developer/Robotics/Getting-Started-with-ROS2-A-Tutorial-Series/workspace/ros2_ws/install/rotate_turtle_action_client/lib'
[4.714s] Level 1:colcon.colcon_core.environment:checking '/home/sagar/Developer/Robotics/Getting-Started-with-ROS2-A-Tutorial-Series/workspace/ros2_ws/install/rotate_turtle_action_client/bin'
[4.715s] Level 1:colcon.colcon_core.environment:checking '/home/sagar/Developer/Robotics/Getting-Started-with-ROS2-A-Tutorial-Series/workspace/ros2_ws/install/rotate_turtle_action_client/lib/pkgconfig/rotate_turtle_action_client.pc'
[4.716s] Level 1:colcon.colcon_core.environment:checking '/home/sagar/Developer/Robotics/Getting-Started-with-ROS2-A-Tutorial-Series/workspace/ros2_ws/install/rotate_turtle_action_client/lib/python3.10/site-packages'
[4.717s] Level 1:colcon.colcon_core.shell:create_environment_hook('rotate_turtle_action_client', 'pythonpath')
[4.719s] INFO:colcon.colcon_core.shell:Creating environment hook '/home/sagar/Developer/Robotics/Getting-Started-with-ROS2-A-Tutorial-Series/workspace/ros2_ws/install/rotate_turtle_action_client/share/rotate_turtle_action_client/hook/pythonpath.ps1'
[4.721s] INFO:colcon.colcon_core.shell:Creating environment descriptor '/home/sagar/Developer/Robotics/Getting-Started-with-ROS2-A-Tutorial-Series/workspace/ros2_ws/install/rotate_turtle_action_client/share/rotate_turtle_action_client/hook/pythonpath.dsv'
[4.724s] INFO:colcon.colcon_core.shell:Creating environment hook '/home/sagar/Developer/Robotics/Getting-Started-with-ROS2-A-Tutorial-Series/workspace/ros2_ws/install/rotate_turtle_action_client/share/rotate_turtle_action_client/hook/pythonpath.sh'
[4.728s] Level 1:colcon.colcon_core.environment:checking '/home/sagar/Developer/Robotics/Getting-Started-with-ROS2-A-Tutorial-Series/workspace/ros2_ws/install/rotate_turtle_action_client/bin'
[4.729s] Level 1:colcon.colcon_core.environment:create_environment_scripts_only(rotate_turtle_action_client)
[4.731s] INFO:colcon.colcon_core.shell:Creating package script '/home/sagar/Developer/Robotics/Getting-Started-with-ROS2-A-Tutorial-Series/workspace/ros2_ws/install/rotate_turtle_action_client/share/rotate_turtle_action_client/package.ps1'
[4.737s] INFO:colcon.colcon_core.shell:Creating package descriptor '/home/sagar/Developer/Robotics/Getting-Started-with-ROS2-A-Tutorial-Series/workspace/ros2_ws/install/rotate_turtle_action_client/share/rotate_turtle_action_client/package.dsv'
[4.741s] INFO:colcon.colcon_core.shell:Creating package script '/home/sagar/Developer/Robotics/Getting-Started-with-ROS2-A-Tutorial-Series/workspace/ros2_ws/install/rotate_turtle_action_client/share/rotate_turtle_action_client/package.sh'
[4.744s] INFO:colcon.colcon_core.shell:Creating package script '/home/sagar/Developer/Robotics/Getting-Started-with-ROS2-A-Tutorial-Series/workspace/ros2_ws/install/rotate_turtle_action_client/share/rotate_turtle_action_client/package.bash'
[4.748s] INFO:colcon.colcon_core.shell:Creating package script '/home/sagar/Developer/Robotics/Getting-Started-with-ROS2-A-Tutorial-Series/workspace/ros2_ws/install/rotate_turtle_action_client/share/rotate_turtle_action_client/package.zsh'
[4.750s] Level 1:colcon.colcon_core.environment:create_file_with_runtime_dependencies(/home/sagar/Developer/Robotics/Getting-Started-with-ROS2-A-Tutorial-Series/workspace/ros2_ws/install/rotate_turtle_action_client/share/colcon-core/packages/rotate_turtle_action_client)
[4.751s] DEBUG:colcon.colcon_parallel_executor.executor.parallel:closing loop
[4.752s] DEBUG:colcon.colcon_parallel_executor.executor.parallel:loop closed
[4.752s] DEBUG:colcon.colcon_parallel_executor.executor.parallel:run_until_complete finished with '0'
[4.752s] DEBUG:colcon.colcon_core.event_reactor:joining thread
[4.775s] INFO:colcon.colcon_core.plugin_system:Skipping extension 'colcon_notification.desktop_notification.terminal_notifier': Not used on non-Darwin systems
[4.776s] INFO:colcon.colcon_core.plugin_system:Skipping extension 'colcon_notification.desktop_notification.win32': Not used on non-Windows systems
[4.776s] INFO:colcon.colcon_notification.desktop_notification:Sending desktop notification using 'notify2'
[5.292s] DEBUG:colcon.colcon_core.event_reactor:joined thread
[5.293s] INFO:colcon.colcon_core.shell:Creating prefix script '/home/sagar/Developer/Robotics/Getting-Started-with-ROS2-A-Tutorial-Series/workspace/ros2_ws/install/local_setup.ps1'
[5.298s] INFO:colcon.colcon_core.shell:Creating prefix util module '/home/sagar/Developer/Robotics/Getting-Started-with-ROS2-A-Tutorial-Series/workspace/ros2_ws/install/_local_setup_util_ps1.py'
[5.304s] INFO:colcon.colcon_core.shell:Creating prefix chain script '/home/sagar/Developer/Robotics/Getting-Started-with-ROS2-A-Tutorial-Series/workspace/ros2_ws/install/setup.ps1'
[5.308s] INFO:colcon.colcon_core.shell:Creating prefix script '/home/sagar/Developer/Robotics/Getting-Started-with-ROS2-A-Tutorial-Series/workspace/ros2_ws/install/local_setup.sh'
[5.310s] INFO:colcon.colcon_core.shell:Creating prefix util module '/home/sagar/Developer/Robotics/Getting-Started-with-ROS2-A-Tutorial-Series/workspace/ros2_ws/install/_local_setup_util_sh.py'
[5.311s] INFO:colcon.colcon_core.shell:Creating prefix chain script '/home/sagar/Developer/Robotics/Getting-Started-with-ROS2-A-Tutorial-Series/workspace/ros2_ws/install/setup.sh'
[5.315s] INFO:colcon.colcon_core.shell:Creating prefix script '/home/sagar/Developer/Robotics/Getting-Started-with-ROS2-A-Tutorial-Series/workspace/ros2_ws/install/local_setup.bash'
[5.318s] INFO:colcon.colcon_core.shell:Creating prefix chain script '/home/sagar/Developer/Robotics/Getting-Started-with-ROS2-A-Tutorial-Series/workspace/ros2_ws/install/setup.bash'
[5.321s] INFO:colcon.colcon_core.shell:Creating prefix script '/home/sagar/Developer/Robotics/Getting-Started-with-ROS2-A-Tutorial-Series/workspace/ros2_ws/install/local_setup.zsh'
[5.323s] INFO:colcon.colcon_core.shell:Creating prefix chain script '/home/sagar/Developer/Robotics/Getting-Started-with-ROS2-A-Tutorial-Series/workspace/ros2_ws/install/setup.zsh'
