running egg_info
creating ../../build/rotate_turtle_action_client/rotate_turtle_action_client.egg-info
writing ../../build/rotate_turtle_action_client/rotate_turtle_action_client.egg-info/PKG-INFO
writing dependency_links to ../../build/rotate_turtle_action_client/rotate_turtle_action_client.egg-info/dependency_links.txt
writing entry points to ../../build/rotate_turtle_action_client/rotate_turtle_action_client.egg-info/entry_points.txt
writing requirements to ../../build/rotate_turtle_action_client/rotate_turtle_action_client.egg-info/requires.txt
writing top-level names to ../../build/rotate_turtle_action_client/rotate_turtle_action_client.egg-info/top_level.txt
writing manifest file '../../build/rotate_turtle_action_client/rotate_turtle_action_client.egg-info/SOURCES.txt'
reading manifest file '../../build/rotate_turtle_action_client/rotate_turtle_action_client.egg-info/SOURCES.txt'
writing manifest file '../../build/rotate_turtle_action_client/rotate_turtle_action_client.egg-info/SOURCES.txt'
running build
running build_py
creating /home/sagar/Developer/Robotics/Getting-Started-with-ROS2-A-Tutorial-Series/workspace/ros2_ws/build/rotate_turtle_action_client/build
creating /home/sagar/Developer/Robotics/Getting-Started-with-ROS2-A-Tutorial-Series/workspace/ros2_ws/build/rotate_turtle_action_client/build/lib
creating /home/sagar/Developer/Robotics/Getting-Started-with-ROS2-A-Tutorial-Series/workspace/ros2_ws/build/rotate_turtle_action_client/build/lib/rotate_turtle_action_client
copying rotate_turtle_action_client/rotate_turtle_client.py -> /home/sagar/Developer/Robotics/Getting-Started-with-ROS2-A-Tutorial-Series/workspace/ros2_ws/build/rotate_turtle_action_client/build/lib/rotate_turtle_action_client
copying rotate_turtle_action_client/__init__.py -> /home/sagar/Developer/Robotics/Getting-Started-with-ROS2-A-Tutorial-Series/workspace/ros2_ws/build/rotate_turtle_action_client/build/lib/rotate_turtle_action_client
running install
running install_lib
creating /home/sagar/Developer/Robotics/Getting-Started-with-ROS2-A-Tutorial-Series/workspace/ros2_ws/install/rotate_turtle_action_client/lib/python3.10/site-packages/rotate_turtle_action_client
copying /home/sagar/Developer/Robotics/Getting-Started-with-ROS2-A-Tutorial-Series/workspace/ros2_ws/build/rotate_turtle_action_client/build/lib/rotate_turtle_action_client/rotate_turtle_client.py -> /home/sagar/Developer/Robotics/Getting-Started-with-ROS2-A-Tutorial-Series/workspace/ros2_ws/install/rotate_turtle_action_client/lib/python3.10/site-packages/rotate_turtle_action_client
copying /home/sagar/Developer/Robotics/Getting-Started-with-ROS2-A-Tutorial-Series/workspace/ros2_ws/build/rotate_turtle_action_client/build/lib/rotate_turtle_action_client/__init__.py -> /home/sagar/Developer/Robotics/Getting-Started-with-ROS2-A-Tutorial-Series/workspace/ros2_ws/install/rotate_turtle_action_client/lib/python3.10/site-packages/rotate_turtle_action_client
byte-compiling /home/sagar/Developer/Robotics/Getting-Started-with-ROS2-A-Tutorial-Series/workspace/ros2_ws/install/rotate_turtle_action_client/lib/python3.10/site-packages/rotate_turtle_action_client/rotate_turtle_client.py to rotate_turtle_client.cpython-310.pyc
byte-compiling /home/sagar/Developer/Robotics/Getting-Started-with-ROS2-A-Tutorial-Series/workspace/ros2_ws/install/rotate_turtle_action_client/lib/python3.10/site-packages/rotate_turtle_action_client/__init__.py to __init__.cpython-310.pyc
running install_data
creating /home/sagar/Developer/Robotics/Getting-Started-with-ROS2-A-Tutorial-Series/workspace/ros2_ws/install/rotate_turtle_action_client/share/ament_index
creating /home/sagar/Developer/Robotics/Getting-Started-with-ROS2-A-Tutorial-Series/workspace/ros2_ws/install/rotate_turtle_action_client/share/ament_index/resource_index
creating /home/sagar/Developer/Robotics/Getting-Started-with-ROS2-A-Tutorial-Series/workspace/ros2_ws/install/rotate_turtle_action_client/share/ament_index/resource_index/packages
copying resource/rotate_turtle_action_client -> /home/sagar/Developer/Robotics/Getting-Started-with-ROS2-A-Tutorial-Series/workspace/ros2_ws/install/rotate_turtle_action_client/share/ament_index/resource_index/packages
copying package.xml -> /home/sagar/Developer/Robotics/Getting-Started-with-ROS2-A-Tutorial-Series/workspace/ros2_ws/install/rotate_turtle_action_client/share/rotate_turtle_action_client
running install_egg_info
Copying ../../build/rotate_turtle_action_client/rotate_turtle_action_client.egg-info to /home/sagar/Developer/Robotics/Getting-Started-with-ROS2-A-Tutorial-Series/workspace/ros2_ws/install/rotate_turtle_action_client/lib/python3.10/site-packages/rotate_turtle_action_client-0.0.0-py3.10.egg-info
running install_scripts
Installing rotate_turtle_action_client script to /home/sagar/Developer/Robotics/Getting-Started-with-ROS2-A-Tutorial-Series/workspace/ros2_ws/install/rotate_turtle_action_client/lib/rotate_turtle_action_client
writing list of installed files to '/home/sagar/Developer/Robotics/Getting-Started-with-ROS2-A-Tutorial-Series/workspace/ros2_ws/build/rotate_turtle_action_client/install.log'
