[2.360s] Invoking command in '/home/sagar/Developer/Robotics/Getting-Started-with-ROS2-A-Tutorial-Series/workspace/ros2_ws/src/rotate_turtle_action_client': PYTHONPATH=/home/sagar/Developer/Robotics/Getting-Started-with-ROS2-A-Tutorial-Series/workspace/ros2_ws/build/rotate_turtle_action_client/prefix_override:/home/sagar/Developer/Robotics/Getting-Started-with-ROS2-A-Tutorial-Series/workspace/ros2_ws/install/rotate_turtle_action_client/lib/python3.10/site-packages:${PYTHONPATH} /usr/bin/python3 -W ignore:setup.py install is deprecated setup.py egg_info --egg-base ../../build/rotate_turtle_action_client build --build-base /home/sagar/Developer/Robotics/Getting-Started-with-ROS2-A-Tutorial-Series/workspace/ros2_ws/build/rotate_turtle_action_client/build install --record /home/sagar/Developer/Robotics/Getting-Started-with-ROS2-A-Tutorial-Series/workspace/ros2_ws/build/rotate_turtle_action_client/install.log --single-version-externally-managed install_data
[3.201s] running egg_info
[3.203s] creating ../../build/rotate_turtle_action_client/rotate_turtle_action_client.egg-info
[3.204s] writing ../../build/rotate_turtle_action_client/rotate_turtle_action_client.egg-info/PKG-INFO
[3.204s] writing dependency_links to ../../build/rotate_turtle_action_client/rotate_turtle_action_client.egg-info/dependency_links.txt
[3.205s] writing entry points to ../../build/rotate_turtle_action_client/rotate_turtle_action_client.egg-info/entry_points.txt
[3.205s] writing requirements to ../../build/rotate_turtle_action_client/rotate_turtle_action_client.egg-info/requires.txt
[3.205s] writing top-level names to ../../build/rotate_turtle_action_client/rotate_turtle_action_client.egg-info/top_level.txt
[3.216s] writing manifest file '../../build/rotate_turtle_action_client/rotate_turtle_action_client.egg-info/SOURCES.txt'
[3.221s] reading manifest file '../../build/rotate_turtle_action_client/rotate_turtle_action_client.egg-info/SOURCES.txt'
[3.224s] writing manifest file '../../build/rotate_turtle_action_client/rotate_turtle_action_client.egg-info/SOURCES.txt'
[3.224s] running build
[3.224s] running build_py
[3.224s] creating /home/sagar/Developer/Robotics/Getting-Started-with-ROS2-A-Tutorial-Series/workspace/ros2_ws/build/rotate_turtle_action_client/build
[3.225s] creating /home/sagar/Developer/Robotics/Getting-Started-with-ROS2-A-Tutorial-Series/workspace/ros2_ws/build/rotate_turtle_action_client/build/lib
[3.225s] creating /home/sagar/Developer/Robotics/Getting-Started-with-ROS2-A-Tutorial-Series/workspace/ros2_ws/build/rotate_turtle_action_client/build/lib/rotate_turtle_action_client
[3.225s] copying rotate_turtle_action_client/rotate_turtle_client.py -> /home/sagar/Developer/Robotics/Getting-Started-with-ROS2-A-Tutorial-Series/workspace/ros2_ws/build/rotate_turtle_action_client/build/lib/rotate_turtle_action_client
[3.226s] copying rotate_turtle_action_client/__init__.py -> /home/sagar/Developer/Robotics/Getting-Started-with-ROS2-A-Tutorial-Series/workspace/ros2_ws/build/rotate_turtle_action_client/build/lib/rotate_turtle_action_client
[3.226s] running install
[3.227s] running install_lib
[3.229s] creating /home/sagar/Developer/Robotics/Getting-Started-with-ROS2-A-Tutorial-Series/workspace/ros2_ws/install/rotate_turtle_action_client/lib/python3.10/site-packages/rotate_turtle_action_client
[3.229s] copying /home/sagar/Developer/Robotics/Getting-Started-with-ROS2-A-Tutorial-Series/workspace/ros2_ws/build/rotate_turtle_action_client/build/lib/rotate_turtle_action_client/rotate_turtle_client.py -> /home/sagar/Developer/Robotics/Getting-Started-with-ROS2-A-Tutorial-Series/workspace/ros2_ws/install/rotate_turtle_action_client/lib/python3.10/site-packages/rotate_turtle_action_client
[3.230s] copying /home/sagar/Developer/Robotics/Getting-Started-with-ROS2-A-Tutorial-Series/workspace/ros2_ws/build/rotate_turtle_action_client/build/lib/rotate_turtle_action_client/__init__.py -> /home/sagar/Developer/Robotics/Getting-Started-with-ROS2-A-Tutorial-Series/workspace/ros2_ws/install/rotate_turtle_action_client/lib/python3.10/site-packages/rotate_turtle_action_client
[3.231s] byte-compiling /home/sagar/Developer/Robotics/Getting-Started-with-ROS2-A-Tutorial-Series/workspace/ros2_ws/install/rotate_turtle_action_client/lib/python3.10/site-packages/rotate_turtle_action_client/rotate_turtle_client.py to rotate_turtle_client.cpython-310.pyc
[3.233s] byte-compiling /home/sagar/Developer/Robotics/Getting-Started-with-ROS2-A-Tutorial-Series/workspace/ros2_ws/install/rotate_turtle_action_client/lib/python3.10/site-packages/rotate_turtle_action_client/__init__.py to __init__.cpython-310.pyc
[3.233s] running install_data
[3.234s] creating /home/sagar/Developer/Robotics/Getting-Started-with-ROS2-A-Tutorial-Series/workspace/ros2_ws/install/rotate_turtle_action_client/share/ament_index
[3.234s] creating /home/sagar/Developer/Robotics/Getting-Started-with-ROS2-A-Tutorial-Series/workspace/ros2_ws/install/rotate_turtle_action_client/share/ament_index/resource_index
[3.234s] creating /home/sagar/Developer/Robotics/Getting-Started-with-ROS2-A-Tutorial-Series/workspace/ros2_ws/install/rotate_turtle_action_client/share/ament_index/resource_index/packages
[3.235s] copying resource/rotate_turtle_action_client -> /home/sagar/Developer/Robotics/Getting-Started-with-ROS2-A-Tutorial-Series/workspace/ros2_ws/install/rotate_turtle_action_client/share/ament_index/resource_index/packages
[3.235s] copying package.xml -> /home/sagar/Developer/Robotics/Getting-Started-with-ROS2-A-Tutorial-Series/workspace/ros2_ws/install/rotate_turtle_action_client/share/rotate_turtle_action_client
[3.235s] running install_egg_info
[3.241s] Copying ../../build/rotate_turtle_action_client/rotate_turtle_action_client.egg-info to /home/sagar/Developer/Robotics/Getting-Started-with-ROS2-A-Tutorial-Series/workspace/ros2_ws/install/rotate_turtle_action_client/lib/python3.10/site-packages/rotate_turtle_action_client-0.0.0-py3.10.egg-info
[3.243s] running install_scripts
[3.304s] Installing rotate_turtle_action_client script to /home/sagar/Developer/Robotics/Getting-Started-with-ROS2-A-Tutorial-Series/workspace/ros2_ws/install/rotate_turtle_action_client/lib/rotate_turtle_action_client
[3.305s] writing list of installed files to '/home/sagar/Developer/Robotics/Getting-Started-with-ROS2-A-Tutorial-Series/workspace/ros2_ws/build/rotate_turtle_action_client/install.log'
[3.394s] Invoked command in '/home/sagar/Developer/Robotics/Getting-Started-with-ROS2-A-Tutorial-Series/workspace/ros2_ws/src/rotate_turtle_action_client' returned '0': PYTHONPATH=/home/sagar/Developer/Robotics/Getting-Started-with-ROS2-A-Tutorial-Series/workspace/ros2_ws/build/rotate_turtle_action_client/prefix_override:/home/sagar/Developer/Robotics/Getting-Started-with-ROS2-A-Tutorial-Series/workspace/ros2_ws/install/rotate_turtle_action_client/lib/python3.10/site-packages:${PYTHONPATH} /usr/bin/python3 -W ignore:setup.py install is deprecated setup.py egg_info --egg-base ../../build/rotate_turtle_action_client build --build-base /home/sagar/Developer/Robotics/Getting-Started-with-ROS2-A-Tutorial-Series/workspace/ros2_ws/build/rotate_turtle_action_client/build install --record /home/sagar/Developer/Robotics/Getting-Started-with-ROS2-A-Tutorial-Series/workspace/ros2_ws/build/rotate_turtle_action_client/install.log --single-version-externally-managed install_data
