[2.194s] Invoking command in '/home/sagar/Developer/Robotics/Getting-Started-with-ROS2-A-Tutorial-Series/workspace/ros2_ws/src/rotate_turtle_action_client': PYTHONPATH=/home/sagar/Developer/Robotics/Getting-Started-with-ROS2-A-Tutorial-Series/workspace/ros2_ws/build/rotate_turtle_action_client/prefix_override:/home/sagar/Developer/Robotics/Getting-Started-with-ROS2-A-Tutorial-Series/workspace/ros2_ws/install/rotate_turtle_action_client/lib/python3.10/site-packages:${PYTHONPATH} /usr/bin/python3 -W ignore:setup.py install is deprecated setup.py egg_info --egg-base ../../build/rotate_turtle_action_client build --build-base /home/sagar/Developer/Robotics/Getting-Started-with-ROS2-A-Tutorial-Series/workspace/ros2_ws/build/rotate_turtle_action_client/build install --record /home/sagar/Developer/Robotics/Getting-Started-with-ROS2-A-Tutorial-Series/workspace/ros2_ws/build/rotate_turtle_action_client/install.log --single-version-externally-managed install_data
[3.133s] running egg_info
[3.135s] writing ../../build/rotate_turtle_action_client/rotate_turtle_action_client.egg-info/PKG-INFO
[3.136s] writing dependency_links to ../../build/rotate_turtle_action_client/rotate_turtle_action_client.egg-info/dependency_links.txt
[3.136s] writing entry points to ../../build/rotate_turtle_action_client/rotate_turtle_action_client.egg-info/entry_points.txt
[3.136s] writing requirements to ../../build/rotate_turtle_action_client/rotate_turtle_action_client.egg-info/requires.txt
[3.137s] writing top-level names to ../../build/rotate_turtle_action_client/rotate_turtle_action_client.egg-info/top_level.txt
[3.150s] reading manifest file '../../build/rotate_turtle_action_client/rotate_turtle_action_client.egg-info/SOURCES.txt'
[3.153s] writing manifest file '../../build/rotate_turtle_action_client/rotate_turtle_action_client.egg-info/SOURCES.txt'
[3.154s] running build
[3.154s] running build_py
[3.154s] copying rotate_turtle_action_client/rotate_turtle_client.py -> /home/sagar/Developer/Robotics/Getting-Started-with-ROS2-A-Tutorial-Series/workspace/ros2_ws/build/rotate_turtle_action_client/build/lib/rotate_turtle_action_client
[3.155s] running install
[3.156s] running install_lib
[3.158s] copying /home/sagar/Developer/Robotics/Getting-Started-with-ROS2-A-Tutorial-Series/workspace/ros2_ws/build/rotate_turtle_action_client/build/lib/rotate_turtle_action_client/rotate_turtle_client.py -> /home/sagar/Developer/Robotics/Getting-Started-with-ROS2-A-Tutorial-Series/workspace/ros2_ws/install/rotate_turtle_action_client/lib/python3.10/site-packages/rotate_turtle_action_client
[3.160s] byte-compiling /home/sagar/Developer/Robotics/Getting-Started-with-ROS2-A-Tutorial-Series/workspace/ros2_ws/install/rotate_turtle_action_client/lib/python3.10/site-packages/rotate_turtle_action_client/rotate_turtle_client.py to rotate_turtle_client.cpython-310.pyc
[3.162s] running install_data
[3.163s] running install_egg_info
[3.168s] removing '/home/sagar/Developer/Robotics/Getting-Started-with-ROS2-A-Tutorial-Series/workspace/ros2_ws/install/rotate_turtle_action_client/lib/python3.10/site-packages/rotate_turtle_action_client-0.0.0-py3.10.egg-info' (and everything under it)
[3.169s] Copying ../../build/rotate_turtle_action_client/rotate_turtle_action_client.egg-info to /home/sagar/Developer/Robotics/Getting-Started-with-ROS2-A-Tutorial-Series/workspace/ros2_ws/install/rotate_turtle_action_client/lib/python3.10/site-packages/rotate_turtle_action_client-0.0.0-py3.10.egg-info
[3.172s] running install_scripts
[3.232s] Installing rotate_turtle_action_client script to /home/sagar/Developer/Robotics/Getting-Started-with-ROS2-A-Tutorial-Series/workspace/ros2_ws/install/rotate_turtle_action_client/lib/rotate_turtle_action_client
[3.233s] writing list of installed files to '/home/sagar/Developer/Robotics/Getting-Started-with-ROS2-A-Tutorial-Series/workspace/ros2_ws/build/rotate_turtle_action_client/install.log'
[3.322s] Invoked command in '/home/sagar/Developer/Robotics/Getting-Started-with-ROS2-A-Tutorial-Series/workspace/ros2_ws/src/rotate_turtle_action_client' returned '0': PYTHONPATH=/home/sagar/Developer/Robotics/Getting-Started-with-ROS2-A-Tutorial-Series/workspace/ros2_ws/build/rotate_turtle_action_client/prefix_override:/home/sagar/Developer/Robotics/Getting-Started-with-ROS2-A-Tutorial-Series/workspace/ros2_ws/install/rotate_turtle_action_client/lib/python3.10/site-packages:${PYTHONPATH} /usr/bin/python3 -W ignore:setup.py install is deprecated setup.py egg_info --egg-base ../../build/rotate_turtle_action_client build --build-base /home/sagar/Developer/Robotics/Getting-Started-with-ROS2-A-Tutorial-Series/workspace/ros2_ws/build/rotate_turtle_action_client/build install --record /home/sagar/Developer/Robotics/Getting-Started-with-ROS2-A-Tutorial-Series/workspace/ros2_ws/build/rotate_turtle_action_client/install.log --single-version-externally-managed install_data
