[16.242s] Invoking command in '/home/ubuntu/ros2_ws_rpi/src/mpu6050_ros': PYTHONPATH=/home/ubuntu/ros2_ws_rpi/build/mpu6050_ros/prefix_override:/usr/lib/python3/dist-packages/colcon_core/task/python/colcon_distutils_commands:/home/ubuntu/ros2_ws_rpi/install/mpu6050_ros/lib/python3.10/site-packages:${PYTHONPATH} /usr/bin/python3 -W ignore:setup.py install is deprecated setup.py egg_info --egg-base ../../build/mpu6050_ros build --build-base /home/ubuntu/ros2_ws_rpi/build/mpu6050_ros/build install --record /home/ubuntu/ros2_ws_rpi/build/mpu6050_ros/install.log --single-version-externally-managed install_data
[21.585s] running egg_info
[21.595s] writing ../../build/mpu6050_ros/mpu6050_ros.egg-info/PKG-INFO
[21.600s] writing dependency_links to ../../build/mpu6050_ros/mpu6050_ros.egg-info/dependency_links.txt
[21.604s] writing entry points to ../../build/mpu6050_ros/mpu6050_ros.egg-info/entry_points.txt
[21.607s] writing requirements to ../../build/mpu6050_ros/mpu6050_ros.egg-info/requires.txt
[21.610s] writing top-level names to ../../build/mpu6050_ros/mpu6050_ros.egg-info/top_level.txt
[21.641s] reading manifest file '../../build/mpu6050_ros/mpu6050_ros.egg-info/SOURCES.txt'
[21.661s] writing manifest file '../../build/mpu6050_ros/mpu6050_ros.egg-info/SOURCES.txt'
[21.663s] running build
[21.665s] running build_py
[21.676s] copying mpu6050_ros/mpu6050_node_old_without_temp.py -> /home/ubuntu/ros2_ws_rpi/build/mpu6050_ros/build/lib/mpu6050_ros
[21.680s] copying mpu6050_ros/mpu6050_node.py -> /home/ubuntu/ros2_ws_rpi/build/mpu6050_ros/build/lib/mpu6050_ros
[21.684s] running install
[21.689s] running install_lib
[21.703s] copying /home/ubuntu/ros2_ws_rpi/build/mpu6050_ros/build/lib/mpu6050_ros/mpu6050_node_old_without_temp.py -> /home/ubuntu/ros2_ws_rpi/install/mpu6050_ros/lib/python3.10/site-packages/mpu6050_ros
[21.707s] copying /home/ubuntu/ros2_ws_rpi/build/mpu6050_ros/build/lib/mpu6050_ros/mpu6050_node.py -> /home/ubuntu/ros2_ws_rpi/install/mpu6050_ros/lib/python3.10/site-packages/mpu6050_ros
[21.718s] byte-compiling /home/ubuntu/ros2_ws_rpi/install/mpu6050_ros/lib/python3.10/site-packages/mpu6050_ros/mpu6050_node_old_without_temp.py to mpu6050_node_old_without_temp.cpython-310.pyc
[21.732s] byte-compiling /home/ubuntu/ros2_ws_rpi/install/mpu6050_ros/lib/python3.10/site-packages/mpu6050_ros/mpu6050_node.py to mpu6050_node.cpython-310.pyc
[21.746s] running install_data
[21.749s] running install_egg_info
[21.774s] removing '/home/ubuntu/ros2_ws_rpi/install/mpu6050_ros/lib/python3.10/site-packages/mpu6050_ros-0.0.0-py3.10.egg-info' (and everything under it)
[21.781s] Copying ../../build/mpu6050_ros/mpu6050_ros.egg-info to /home/ubuntu/ros2_ws_rpi/install/mpu6050_ros/lib/python3.10/site-packages/mpu6050_ros-0.0.0-py3.10.egg-info
[21.807s] running install_scripts
[22.176s] Installing mpu6050_node script to /home/ubuntu/ros2_ws_rpi/install/mpu6050_ros/lib/mpu6050_ros
[22.183s] writing list of installed files to '/home/ubuntu/ros2_ws_rpi/build/mpu6050_ros/install.log'
[22.567s] Invoked command in '/home/ubuntu/ros2_ws_rpi/src/mpu6050_ros' returned '0': PYTHONPATH=/home/ubuntu/ros2_ws_rpi/build/mpu6050_ros/prefix_override:/usr/lib/python3/dist-packages/colcon_core/task/python/colcon_distutils_commands:/home/ubuntu/ros2_ws_rpi/install/mpu6050_ros/lib/python3.10/site-packages:${PYTHONPATH} /usr/bin/python3 -W ignore:setup.py install is deprecated setup.py egg_info --egg-base ../../build/mpu6050_ros build --build-base /home/ubuntu/ros2_ws_rpi/build/mpu6050_ros/build install --record /home/ubuntu/ros2_ws_rpi/build/mpu6050_ros/install.log --single-version-externally-managed install_data
