[5.599s] Invoking command in '/home/sagar/Developer/Robotics/Getting-Started-with-ROS2-A-Tutorial-Series/workspace/ros2_ws/src/pub_sub_tutorial': PYTHONPATH=/home/sagar/Developer/Robotics/Getting-Started-with-ROS2-A-Tutorial-Series/workspace/ros2_ws/build/pub_sub_tutorial/prefix_override:/home/sagar/Developer/Robotics/Getting-Started-with-ROS2-A-Tutorial-Series/workspace/ros2_ws/install/pub_sub_tutorial/lib/python3.10/site-packages:${PYTHONPATH} /usr/bin/python3 -W ignore:setup.py install is deprecated setup.py egg_info --egg-base ../../build/pub_sub_tutorial build --build-base /home/sagar/Developer/Robotics/Getting-Started-with-ROS2-A-Tutorial-Series/workspace/ros2_ws/build/pub_sub_tutorial/build install --record /home/sagar/Developer/Robotics/Getting-Started-with-ROS2-A-Tutorial-Series/workspace/ros2_ws/build/pub_sub_tutorial/install.log --single-version-externally-managed install_data
[6.813s] running egg_info
[6.813s] writing ../../build/pub_sub_tutorial/pub_sub_tutorial.egg-info/PKG-INFO
[6.814s] writing dependency_links to ../../build/pub_sub_tutorial/pub_sub_tutorial.egg-info/dependency_links.txt
[6.815s] writing entry points to ../../build/pub_sub_tutorial/pub_sub_tutorial.egg-info/entry_points.txt
[6.816s] writing requirements to ../../build/pub_sub_tutorial/pub_sub_tutorial.egg-info/requires.txt
[6.817s] writing top-level names to ../../build/pub_sub_tutorial/pub_sub_tutorial.egg-info/top_level.txt
[6.834s] reading manifest file '../../build/pub_sub_tutorial/pub_sub_tutorial.egg-info/SOURCES.txt'
[6.840s] writing manifest file '../../build/pub_sub_tutorial/pub_sub_tutorial.egg-info/SOURCES.txt'
[6.840s] running build
[6.840s] running build_py
[6.847s] running install
[6.848s] running install_lib
[6.851s] running install_data
[6.853s] running install_egg_info
[6.861s] removing '/home/sagar/Developer/Robotics/Getting-Started-with-ROS2-A-Tutorial-Series/workspace/ros2_ws/install/pub_sub_tutorial/lib/python3.10/site-packages/pub_sub_tutorial-0.0.0-py3.10.egg-info' (and everything under it)
[6.863s] Copying ../../build/pub_sub_tutorial/pub_sub_tutorial.egg-info to /home/sagar/Developer/Robotics/Getting-Started-with-ROS2-A-Tutorial-Series/workspace/ros2_ws/install/pub_sub_tutorial/lib/python3.10/site-packages/pub_sub_tutorial-0.0.0-py3.10.egg-info
[6.867s] running install_scripts
[6.955s] Installing led_publisher script to /home/sagar/Developer/Robotics/Getting-Started-with-ROS2-A-Tutorial-Series/workspace/ros2_ws/install/pub_sub_tutorial/lib/pub_sub_tutorial
[6.955s] Installing led_subscriber script to /home/sagar/Developer/Robotics/Getting-Started-with-ROS2-A-Tutorial-Series/workspace/ros2_ws/install/pub_sub_tutorial/lib/pub_sub_tutorial
[6.956s] writing list of installed files to '/home/sagar/Developer/Robotics/Getting-Started-with-ROS2-A-Tutorial-Series/workspace/ros2_ws/build/pub_sub_tutorial/install.log'
[7.099s] Invoked command in '/home/sagar/Developer/Robotics/Getting-Started-with-ROS2-A-Tutorial-Series/workspace/ros2_ws/src/pub_sub_tutorial' returned '0': PYTHONPATH=/home/sagar/Developer/Robotics/Getting-Started-with-ROS2-A-Tutorial-Series/workspace/ros2_ws/build/pub_sub_tutorial/prefix_override:/home/sagar/Developer/Robotics/Getting-Started-with-ROS2-A-Tutorial-Series/workspace/ros2_ws/install/pub_sub_tutorial/lib/python3.10/site-packages:${PYTHONPATH} /usr/bin/python3 -W ignore:setup.py install is deprecated setup.py egg_info --egg-base ../../build/pub_sub_tutorial build --build-base /home/sagar/Developer/Robotics/Getting-Started-with-ROS2-A-Tutorial-Series/workspace/ros2_ws/build/pub_sub_tutorial/build install --record /home/sagar/Developer/Robotics/Getting-Started-with-ROS2-A-Tutorial-Series/workspace/ros2_ws/build/pub_sub_tutorial/install.log --single-version-externally-managed install_data
