running egg_info
creating ../../build/rpi_robo_imageprocessing/rpi_robo_imageprocessing.egg-info
writing ../../build/rpi_robo_imageprocessing/rpi_robo_imageprocessing.egg-info/PKG-INFO
writing dependency_links to ../../build/rpi_robo_imageprocessing/rpi_robo_imageprocessing.egg-info/dependency_links.txt
writing entry points to ../../build/rpi_robo_imageprocessing/rpi_robo_imageprocessing.egg-info/entry_points.txt
writing requirements to ../../build/rpi_robo_imageprocessing/rpi_robo_imageprocessing.egg-info/requires.txt
writing top-level names to ../../build/rpi_robo_imageprocessing/rpi_robo_imageprocessing.egg-info/top_level.txt
writing manifest file '../../build/rpi_robo_imageprocessing/rpi_robo_imageprocessing.egg-info/SOURCES.txt'
reading manifest file '../../build/rpi_robo_imageprocessing/rpi_robo_imageprocessing.egg-info/SOURCES.txt'
writing manifest file '../../build/rpi_robo_imageprocessing/rpi_robo_imageprocessing.egg-info/SOURCES.txt'
running build
running build_py
creating /home/sagar/Developer/Robotics/Getting-Started-with-ROS2-A-Tutorial-Series/workspace/ros2_ws/build/rpi_robo_imageprocessing/build
creating /home/sagar/Developer/Robotics/Getting-Started-with-ROS2-A-Tutorial-Series/workspace/ros2_ws/build/rpi_robo_imageprocessing/build/lib
creating /home/sagar/Developer/Robotics/Getting-Started-with-ROS2-A-Tutorial-Series/workspace/ros2_ws/build/rpi_robo_imageprocessing/build/lib/rpi_robo_imageprocessing
copying rpi_robo_imageprocessing/__init__.py -> /home/sagar/Developer/Robotics/Getting-Started-with-ROS2-A-Tutorial-Series/workspace/ros2_ws/build/rpi_robo_imageprocessing/build/lib/rpi_robo_imageprocessing
running install
running install_lib
creating /home/sagar/Developer/Robotics/Getting-Started-with-ROS2-A-Tutorial-Series/workspace/ros2_ws/install/rpi_robo_imageprocessing/lib/python3.10/site-packages/rpi_robo_imageprocessing
copying /home/sagar/Developer/Robotics/Getting-Started-with-ROS2-A-Tutorial-Series/workspace/ros2_ws/build/rpi_robo_imageprocessing/build/lib/rpi_robo_imageprocessing/__init__.py -> /home/sagar/Developer/Robotics/Getting-Started-with-ROS2-A-Tutorial-Series/workspace/ros2_ws/install/rpi_robo_imageprocessing/lib/python3.10/site-packages/rpi_robo_imageprocessing
byte-compiling /home/sagar/Developer/Robotics/Getting-Started-with-ROS2-A-Tutorial-Series/workspace/ros2_ws/install/rpi_robo_imageprocessing/lib/python3.10/site-packages/rpi_robo_imageprocessing/__init__.py to __init__.cpython-310.pyc
running install_data
creating /home/sagar/Developer/Robotics/Getting-Started-with-ROS2-A-Tutorial-Series/workspace/ros2_ws/install/rpi_robo_imageprocessing/share/ament_index
creating /home/sagar/Developer/Robotics/Getting-Started-with-ROS2-A-Tutorial-Series/workspace/ros2_ws/install/rpi_robo_imageprocessing/share/ament_index/resource_index
creating /home/sagar/Developer/Robotics/Getting-Started-with-ROS2-A-Tutorial-Series/workspace/ros2_ws/install/rpi_robo_imageprocessing/share/ament_index/resource_index/packages
copying resource/rpi_robo_imageprocessing -> /home/sagar/Developer/Robotics/Getting-Started-with-ROS2-A-Tutorial-Series/workspace/ros2_ws/install/rpi_robo_imageprocessing/share/ament_index/resource_index/packages
copying package.xml -> /home/sagar/Developer/Robotics/Getting-Started-with-ROS2-A-Tutorial-Series/workspace/ros2_ws/install/rpi_robo_imageprocessing/share/rpi_robo_imageprocessing
running install_egg_info
Copying ../../build/rpi_robo_imageprocessing/rpi_robo_imageprocessing.egg-info to /home/sagar/Developer/Robotics/Getting-Started-with-ROS2-A-Tutorial-Series/workspace/ros2_ws/install/rpi_robo_imageprocessing/lib/python3.10/site-packages/rpi_robo_imageprocessing-0.0.0-py3.10.egg-info
running install_scripts
writing list of installed files to '/home/sagar/Developer/Robotics/Getting-Started-with-ROS2-A-Tutorial-Series/workspace/ros2_ws/build/rpi_robo_imageprocessing/install.log'
