running egg_info
writing ../../build/mpu6050_ros/mpu6050_ros.egg-info/PKG-INFO
writing dependency_links to ../../build/mpu6050_ros/mpu6050_ros.egg-info/dependency_links.txt
writing entry points to ../../build/mpu6050_ros/mpu6050_ros.egg-info/entry_points.txt
writing requirements to ../../build/mpu6050_ros/mpu6050_ros.egg-info/requires.txt
writing top-level names to ../../build/mpu6050_ros/mpu6050_ros.egg-info/top_level.txt
reading manifest file '../../build/mpu6050_ros/mpu6050_ros.egg-info/SOURCES.txt'
writing manifest file '../../build/mpu6050_ros/mpu6050_ros.egg-info/SOURCES.txt'
running build
running build_py
copying mpu6050_ros/mpu6050_node.py -> /home/ubuntu/ros2_ws_rpi/build/mpu6050_ros/build/lib/mpu6050_ros
running install
running install_lib
copying /home/ubuntu/ros2_ws_rpi/build/mpu6050_ros/build/lib/mpu6050_ros/mpu6050_node.py -> /home/ubuntu/ros2_ws_rpi/install/mpu6050_ros/lib/python3.10/site-packages/mpu6050_ros
byte-compiling /home/ubuntu/ros2_ws_rpi/install/mpu6050_ros/lib/python3.10/site-packages/mpu6050_ros/mpu6050_node.py to mpu6050_node.cpython-310.pyc
Sorry: TabError: inconsistent use of tabs and spaces in indentation (mpu6050_node.py, line 123)
running install_data
running install_egg_info
removing '/home/ubuntu/ros2_ws_rpi/install/mpu6050_ros/lib/python3.10/site-packages/mpu6050_ros-0.0.0-py3.10.egg-info' (and everything under it)
Copying ../../build/mpu6050_ros/mpu6050_ros.egg-info to /home/ubuntu/ros2_ws_rpi/install/mpu6050_ros/lib/python3.10/site-packages/mpu6050_ros-0.0.0-py3.10.egg-info
running install_scripts
Installing mpu6050_node script to /home/ubuntu/ros2_ws_rpi/install/mpu6050_ros/lib/mpu6050_ros
writing list of installed files to '/home/ubuntu/ros2_ws_rpi/build/mpu6050_ros/install.log'
