running egg_info
creating ../../build/mpu6050_ros/mpu6050_ros.egg-info
writing ../../build/mpu6050_ros/mpu6050_ros.egg-info/PKG-INFO
writing dependency_links to ../../build/mpu6050_ros/mpu6050_ros.egg-info/dependency_links.txt
writing entry points to ../../build/mpu6050_ros/mpu6050_ros.egg-info/entry_points.txt
writing requirements to ../../build/mpu6050_ros/mpu6050_ros.egg-info/requires.txt
writing top-level names to ../../build/mpu6050_ros/mpu6050_ros.egg-info/top_level.txt
writing manifest file '../../build/mpu6050_ros/mpu6050_ros.egg-info/SOURCES.txt'
reading manifest file '../../build/mpu6050_ros/mpu6050_ros.egg-info/SOURCES.txt'
writing manifest file '../../build/mpu6050_ros/mpu6050_ros.egg-info/SOURCES.txt'
running build
running build_py
creating /home/ubuntu/ros2_ws_rpi/build/mpu6050_ros/build
creating /home/ubuntu/ros2_ws_rpi/build/mpu6050_ros/build/lib
creating /home/ubuntu/ros2_ws_rpi/build/mpu6050_ros/build/lib/mpu6050_ros
copying mpu6050_ros/__init__.py -> /home/ubuntu/ros2_ws_rpi/build/mpu6050_ros/build/lib/mpu6050_ros
copying mpu6050_ros/mpu6050_node.py -> /home/ubuntu/ros2_ws_rpi/build/mpu6050_ros/build/lib/mpu6050_ros
running install
running install_lib
creating /home/ubuntu/ros2_ws_rpi/install/mpu6050_ros/lib/python3.10/site-packages/mpu6050_ros
copying /home/ubuntu/ros2_ws_rpi/build/mpu6050_ros/build/lib/mpu6050_ros/__init__.py -> /home/ubuntu/ros2_ws_rpi/install/mpu6050_ros/lib/python3.10/site-packages/mpu6050_ros
copying /home/ubuntu/ros2_ws_rpi/build/mpu6050_ros/build/lib/mpu6050_ros/mpu6050_node.py -> /home/ubuntu/ros2_ws_rpi/install/mpu6050_ros/lib/python3.10/site-packages/mpu6050_ros
byte-compiling /home/ubuntu/ros2_ws_rpi/install/mpu6050_ros/lib/python3.10/site-packages/mpu6050_ros/__init__.py to __init__.cpython-310.pyc
byte-compiling /home/ubuntu/ros2_ws_rpi/install/mpu6050_ros/lib/python3.10/site-packages/mpu6050_ros/mpu6050_node.py to mpu6050_node.cpython-310.pyc
running install_data
creating /home/ubuntu/ros2_ws_rpi/install/mpu6050_ros/share/ament_index
creating /home/ubuntu/ros2_ws_rpi/install/mpu6050_ros/share/ament_index/resource_index
creating /home/ubuntu/ros2_ws_rpi/install/mpu6050_ros/share/ament_index/resource_index/packages
copying resource/mpu6050_ros -> /home/ubuntu/ros2_ws_rpi/install/mpu6050_ros/share/ament_index/resource_index/packages
copying package.xml -> /home/ubuntu/ros2_ws_rpi/install/mpu6050_ros/share/mpu6050_ros
running install_egg_info
Copying ../../build/mpu6050_ros/mpu6050_ros.egg-info to /home/ubuntu/ros2_ws_rpi/install/mpu6050_ros/lib/python3.10/site-packages/mpu6050_ros-0.0.0-py3.10.egg-info
running install_scripts
Installing mpu6050_node script to /home/ubuntu/ros2_ws_rpi/install/mpu6050_ros/lib/mpu6050_ros
writing list of installed files to '/home/ubuntu/ros2_ws_rpi/build/mpu6050_ros/install.log'
