[15.663s] Invoking command in '/home/ubuntu/ros2_ws_rpi/src/mpu6050_ros': PYTHONPATH=/home/ubuntu/ros2_ws_rpi/build/mpu6050_ros/prefix_override:/usr/lib/python3/dist-packages/colcon_core/task/python/colcon_distutils_commands:/home/ubuntu/ros2_ws_rpi/install/mpu6050_ros/lib/python3.10/site-packages:${PYTHONPATH} /usr/bin/python3 -W ignore:setup.py install is deprecated setup.py egg_info --egg-base ../../build/mpu6050_ros build --build-base /home/ubuntu/ros2_ws_rpi/build/mpu6050_ros/build install --record /home/ubuntu/ros2_ws_rpi/build/mpu6050_ros/install.log --single-version-externally-managed install_data
[20.658s] running egg_info
[20.670s] creating ../../build/mpu6050_ros/mpu6050_ros.egg-info
[20.673s] writing ../../build/mpu6050_ros/mpu6050_ros.egg-info/PKG-INFO
[20.677s] writing dependency_links to ../../build/mpu6050_ros/mpu6050_ros.egg-info/dependency_links.txt
[20.679s] writing entry points to ../../build/mpu6050_ros/mpu6050_ros.egg-info/entry_points.txt
[20.682s] writing requirements to ../../build/mpu6050_ros/mpu6050_ros.egg-info/requires.txt
[20.685s] writing top-level names to ../../build/mpu6050_ros/mpu6050_ros.egg-info/top_level.txt
[20.688s] writing manifest file '../../build/mpu6050_ros/mpu6050_ros.egg-info/SOURCES.txt'
[20.714s] reading manifest file '../../build/mpu6050_ros/mpu6050_ros.egg-info/SOURCES.txt'
[20.728s] writing manifest file '../../build/mpu6050_ros/mpu6050_ros.egg-info/SOURCES.txt'
[20.731s] running build
[20.733s] running build_py
[20.735s] creating /home/ubuntu/ros2_ws_rpi/build/mpu6050_ros/build
[20.737s] creating /home/ubuntu/ros2_ws_rpi/build/mpu6050_ros/build/lib
[20.739s] creating /home/ubuntu/ros2_ws_rpi/build/mpu6050_ros/build/lib/mpu6050_ros
[20.741s] copying mpu6050_ros/__init__.py -> /home/ubuntu/ros2_ws_rpi/build/mpu6050_ros/build/lib/mpu6050_ros
[20.743s] copying mpu6050_ros/mpu6050_node.py -> /home/ubuntu/ros2_ws_rpi/build/mpu6050_ros/build/lib/mpu6050_ros
[20.745s] running install
[20.749s] running install_lib
[20.761s] creating /home/ubuntu/ros2_ws_rpi/install/mpu6050_ros/lib/python3.10/site-packages/mpu6050_ros
[20.763s] copying /home/ubuntu/ros2_ws_rpi/build/mpu6050_ros/build/lib/mpu6050_ros/__init__.py -> /home/ubuntu/ros2_ws_rpi/install/mpu6050_ros/lib/python3.10/site-packages/mpu6050_ros
[20.765s] copying /home/ubuntu/ros2_ws_rpi/build/mpu6050_ros/build/lib/mpu6050_ros/mpu6050_node.py -> /home/ubuntu/ros2_ws_rpi/install/mpu6050_ros/lib/python3.10/site-packages/mpu6050_ros
[20.774s] byte-compiling /home/ubuntu/ros2_ws_rpi/install/mpu6050_ros/lib/python3.10/site-packages/mpu6050_ros/__init__.py to __init__.cpython-310.pyc
[20.779s] byte-compiling /home/ubuntu/ros2_ws_rpi/install/mpu6050_ros/lib/python3.10/site-packages/mpu6050_ros/mpu6050_node.py to mpu6050_node.cpython-310.pyc
[20.791s] running install_data
[20.793s] creating /home/ubuntu/ros2_ws_rpi/install/mpu6050_ros/share/ament_index
[20.796s] creating /home/ubuntu/ros2_ws_rpi/install/mpu6050_ros/share/ament_index/resource_index
[20.797s] creating /home/ubuntu/ros2_ws_rpi/install/mpu6050_ros/share/ament_index/resource_index/packages
[20.799s] copying resource/mpu6050_ros -> /home/ubuntu/ros2_ws_rpi/install/mpu6050_ros/share/ament_index/resource_index/packages
[20.802s] copying package.xml -> /home/ubuntu/ros2_ws_rpi/install/mpu6050_ros/share/mpu6050_ros
[20.803s] running install_egg_info
[20.827s] Copying ../../build/mpu6050_ros/mpu6050_ros.egg-info to /home/ubuntu/ros2_ws_rpi/install/mpu6050_ros/lib/python3.10/site-packages/mpu6050_ros-0.0.0-py3.10.egg-info
[20.849s] running install_scripts
[21.189s] Installing mpu6050_node script to /home/ubuntu/ros2_ws_rpi/install/mpu6050_ros/lib/mpu6050_ros
[21.194s] writing list of installed files to '/home/ubuntu/ros2_ws_rpi/build/mpu6050_ros/install.log'
[21.584s] Invoked command in '/home/ubuntu/ros2_ws_rpi/src/mpu6050_ros' returned '0': PYTHONPATH=/home/ubuntu/ros2_ws_rpi/build/mpu6050_ros/prefix_override:/usr/lib/python3/dist-packages/colcon_core/task/python/colcon_distutils_commands:/home/ubuntu/ros2_ws_rpi/install/mpu6050_ros/lib/python3.10/site-packages:${PYTHONPATH} /usr/bin/python3 -W ignore:setup.py install is deprecated setup.py egg_info --egg-base ../../build/mpu6050_ros build --build-base /home/ubuntu/ros2_ws_rpi/build/mpu6050_ros/build install --record /home/ubuntu/ros2_ws_rpi/build/mpu6050_ros/install.log --single-version-externally-managed install_data
