running egg_info
creating ../../build/turtlesim_action_example/turtlesim_action_example.egg-info
writing ../../build/turtlesim_action_example/turtlesim_action_example.egg-info/PKG-INFO
writing dependency_links to ../../build/turtlesim_action_example/turtlesim_action_example.egg-info/dependency_links.txt
writing entry points to ../../build/turtlesim_action_example/turtlesim_action_example.egg-info/entry_points.txt
writing requirements to ../../build/turtlesim_action_example/turtlesim_action_example.egg-info/requires.txt
writing top-level names to ../../build/turtlesim_action_example/turtlesim_action_example.egg-info/top_level.txt
writing manifest file '../../build/turtlesim_action_example/turtlesim_action_example.egg-info/SOURCES.txt'
reading manifest file '../../build/turtlesim_action_example/turtlesim_action_example.egg-info/SOURCES.txt'
writing manifest file '../../build/turtlesim_action_example/turtlesim_action_example.egg-info/SOURCES.txt'
running build
running build_py
creating /home/sagar/Developer/Robotics/Getting-Started-with-ROS2-A-Tutorial-Series/workspace/ros2_ws/build/turtlesim_action_example/build
creating /home/sagar/Developer/Robotics/Getting-Started-with-ROS2-A-Tutorial-Series/workspace/ros2_ws/build/turtlesim_action_example/build/lib
creating /home/sagar/Developer/Robotics/Getting-Started-with-ROS2-A-Tutorial-Series/workspace/ros2_ws/build/turtlesim_action_example/build/lib/turtlesim_action_example
copying turtlesim_action_example/turtle_action_client.py -> /home/sagar/Developer/Robotics/Getting-Started-with-ROS2-A-Tutorial-Series/workspace/ros2_ws/build/turtlesim_action_example/build/lib/turtlesim_action_example
copying turtlesim_action_example/turtle_action_server.py -> /home/sagar/Developer/Robotics/Getting-Started-with-ROS2-A-Tutorial-Series/workspace/ros2_ws/build/turtlesim_action_example/build/lib/turtlesim_action_example
copying turtlesim_action_example/__init__.py -> /home/sagar/Developer/Robotics/Getting-Started-with-ROS2-A-Tutorial-Series/workspace/ros2_ws/build/turtlesim_action_example/build/lib/turtlesim_action_example
running install
running install_lib
creating /home/sagar/Developer/Robotics/Getting-Started-with-ROS2-A-Tutorial-Series/workspace/ros2_ws/install/turtlesim_action_example/lib/python3.10/site-packages/turtlesim_action_example
copying /home/sagar/Developer/Robotics/Getting-Started-with-ROS2-A-Tutorial-Series/workspace/ros2_ws/build/turtlesim_action_example/build/lib/turtlesim_action_example/turtle_action_client.py -> /home/sagar/Developer/Robotics/Getting-Started-with-ROS2-A-Tutorial-Series/workspace/ros2_ws/install/turtlesim_action_example/lib/python3.10/site-packages/turtlesim_action_example
copying /home/sagar/Developer/Robotics/Getting-Started-with-ROS2-A-Tutorial-Series/workspace/ros2_ws/build/turtlesim_action_example/build/lib/turtlesim_action_example/turtle_action_server.py -> /home/sagar/Developer/Robotics/Getting-Started-with-ROS2-A-Tutorial-Series/workspace/ros2_ws/install/turtlesim_action_example/lib/python3.10/site-packages/turtlesim_action_example
copying /home/sagar/Developer/Robotics/Getting-Started-with-ROS2-A-Tutorial-Series/workspace/ros2_ws/build/turtlesim_action_example/build/lib/turtlesim_action_example/__init__.py -> /home/sagar/Developer/Robotics/Getting-Started-with-ROS2-A-Tutorial-Series/workspace/ros2_ws/install/turtlesim_action_example/lib/python3.10/site-packages/turtlesim_action_example
byte-compiling /home/sagar/Developer/Robotics/Getting-Started-with-ROS2-A-Tutorial-Series/workspace/ros2_ws/install/turtlesim_action_example/lib/python3.10/site-packages/turtlesim_action_example/turtle_action_client.py to turtle_action_client.cpython-310.pyc
byte-compiling /home/sagar/Developer/Robotics/Getting-Started-with-ROS2-A-Tutorial-Series/workspace/ros2_ws/install/turtlesim_action_example/lib/python3.10/site-packages/turtlesim_action_example/turtle_action_server.py to turtle_action_server.cpython-310.pyc
byte-compiling /home/sagar/Developer/Robotics/Getting-Started-with-ROS2-A-Tutorial-Series/workspace/ros2_ws/install/turtlesim_action_example/lib/python3.10/site-packages/turtlesim_action_example/__init__.py to __init__.cpython-310.pyc
running install_data
creating /home/sagar/Developer/Robotics/Getting-Started-with-ROS2-A-Tutorial-Series/workspace/ros2_ws/install/turtlesim_action_example/share/ament_index
creating /home/sagar/Developer/Robotics/Getting-Started-with-ROS2-A-Tutorial-Series/workspace/ros2_ws/install/turtlesim_action_example/share/ament_index/resource_index
creating /home/sagar/Developer/Robotics/Getting-Started-with-ROS2-A-Tutorial-Series/workspace/ros2_ws/install/turtlesim_action_example/share/ament_index/resource_index/packages
copying resource/turtlesim_action_example -> /home/sagar/Developer/Robotics/Getting-Started-with-ROS2-A-Tutorial-Series/workspace/ros2_ws/install/turtlesim_action_example/share/ament_index/resource_index/packages
copying package.xml -> /home/sagar/Developer/Robotics/Getting-Started-with-ROS2-A-Tutorial-Series/workspace/ros2_ws/install/turtlesim_action_example/share/turtlesim_action_example
running install_egg_info
Copying ../../build/turtlesim_action_example/turtlesim_action_example.egg-info to /home/sagar/Developer/Robotics/Getting-Started-with-ROS2-A-Tutorial-Series/workspace/ros2_ws/install/turtlesim_action_example/lib/python3.10/site-packages/turtlesim_action_example-0.0.0-py3.10.egg-info
running install_scripts
Installing turtle_action_client script to /home/sagar/Developer/Robotics/Getting-Started-with-ROS2-A-Tutorial-Series/workspace/ros2_ws/install/turtlesim_action_example/lib/turtlesim_action_example
Installing turtle_action_server script to /home/sagar/Developer/Robotics/Getting-Started-with-ROS2-A-Tutorial-Series/workspace/ros2_ws/install/turtlesim_action_example/lib/turtlesim_action_example
writing list of installed files to '/home/sagar/Developer/Robotics/Getting-Started-with-ROS2-A-Tutorial-Series/workspace/ros2_ws/build/turtlesim_action_example/install.log'
