[2.145s] DEBUG:colcon:Command line arguments: ['/usr/bin/colcon', 'build']
[2.147s] DEBUG:colcon:Parsed command line arguments: Namespace(log_base=None, log_level=None, verb_name='build', build_base='build', install_base='install', merge_install=False, symlink_install=False, test_result_base=None, continue_on_error=False, executor='parallel', parallel_workers=4, event_handlers=None, ignore_user_meta=False, metas=['./colcon.meta'], base_paths=['.'], packages_ignore=None, packages_ignore_regex=None, paths=None, packages_up_to=None, packages_up_to_regex=None, packages_above=None, packages_above_and_dependencies=None, packages_above_depth=None, packages_select_by_dep=None, packages_skip_by_dep=None, packages_skip_up_to=None, packages_select_build_failed=False, packages_skip_build_finished=False, packages_select_test_failures=False, packages_skip_test_passed=False, packages_select=None, packages_skip=None, packages_select_regex=None, packages_skip_regex=None, packages_start=None, packages_end=None, allow_overriding=[], cmake_args=None, cmake_target=None, cmake_target_skip_unavailable=False, cmake_clean_cache=False, cmake_clean_first=False, cmake_force_configure=False, ament_cmake_args=None, catkin_cmake_args=None, catkin_skip_building_tests=False, mixin_files=None, mixin=None, verb_parser=<colcon_mixin.mixin.mixin_argument.MixinArgumentDecorator object at 0xffff9f82a680>, verb_extension=<colcon_core.verb.build.BuildVerb object at 0xffff9f82a1d0>, main=<bound method BuildVerb.main of <colcon_core.verb.build.BuildVerb object at 0xffff9f82a1d0>>, mixin_verb=('build',))
[5.900s] Level 1:colcon.colcon_core.package_discovery:discover_packages(colcon_meta) check parameters
[5.901s] Level 1:colcon.colcon_core.package_discovery:discover_packages(recursive) check parameters
[5.901s] Level 1:colcon.colcon_core.package_discovery:discover_packages(ignore) check parameters
[5.901s] Level 1:colcon.colcon_core.package_discovery:discover_packages(path) check parameters
[5.902s] Level 1:colcon.colcon_core.package_discovery:discover_packages(colcon_meta) discover
[5.902s] Level 1:colcon.colcon_core.package_discovery:discover_packages(recursive) discover
[5.903s] INFO:colcon.colcon_core.package_discovery:Crawling recursively for packages in '/home/ubuntu/ros2_ws_rpi'
[5.903s] Level 1:colcon.colcon_core.package_identification:_identify(.) by extensions ['ignore', 'ignore_ament_install']
[5.905s] Level 1:colcon.colcon_core.package_identification:_identify(.) by extension 'ignore'
[5.906s] Level 1:colcon.colcon_core.package_identification:_identify(.) by extension 'ignore_ament_install'
[5.906s] Level 1:colcon.colcon_core.package_identification:_identify(.) by extensions ['colcon_pkg']
[5.907s] Level 1:colcon.colcon_core.package_identification:_identify(.) by extension 'colcon_pkg'
[5.907s] Level 1:colcon.colcon_core.package_identification:_identify(.) by extensions ['colcon_meta']
[5.907s] Level 1:colcon.colcon_core.package_identification:_identify(.) by extension 'colcon_meta'
[5.907s] Level 1:colcon.colcon_core.package_identification:_identify(.) by extensions ['ros']
[5.908s] Level 1:colcon.colcon_core.package_identification:_identify(.) by extension 'ros'
[6.038s] Level 1:colcon.colcon_core.package_identification:_identify(.) by extensions ['cmake', 'python']
[6.039s] Level 1:colcon.colcon_core.package_identification:_identify(.) by extension 'cmake'
[6.040s] Level 1:colcon.colcon_core.package_identification:_identify(.) by extension 'python'
[6.041s] Level 1:colcon.colcon_core.package_identification:_identify(.) by extensions ['python_setup_py']
[6.041s] Level 1:colcon.colcon_core.package_identification:_identify(.) by extension 'python_setup_py'
[6.043s] Level 1:colcon.colcon_core.package_identification:_identify(build) by extensions ['ignore', 'ignore_ament_install']
[6.045s] Level 1:colcon.colcon_core.package_identification:_identify(build) by extension 'ignore'
[6.046s] Level 1:colcon.colcon_core.package_identification:_identify(build) ignored
[6.048s] Level 1:colcon.colcon_core.package_identification:_identify(install) by extensions ['ignore', 'ignore_ament_install']
[6.050s] Level 1:colcon.colcon_core.package_identification:_identify(install) by extension 'ignore'
[6.051s] Level 1:colcon.colcon_core.package_identification:_identify(install) ignored
[6.053s] Level 1:colcon.colcon_core.package_identification:_identify(log) by extensions ['ignore', 'ignore_ament_install']
[6.054s] Level 1:colcon.colcon_core.package_identification:_identify(log) by extension 'ignore'
[6.055s] Level 1:colcon.colcon_core.package_identification:_identify(log) ignored
[6.057s] Level 1:colcon.colcon_core.package_identification:_identify(src) by extensions ['ignore', 'ignore_ament_install']
[6.058s] Level 1:colcon.colcon_core.package_identification:_identify(src) by extension 'ignore'
[6.059s] Level 1:colcon.colcon_core.package_identification:_identify(src) by extension 'ignore_ament_install'
[6.060s] Level 1:colcon.colcon_core.package_identification:_identify(src) by extensions ['colcon_pkg']
[6.061s] Level 1:colcon.colcon_core.package_identification:_identify(src) by extension 'colcon_pkg'
[6.061s] Level 1:colcon.colcon_core.package_identification:_identify(src) by extensions ['colcon_meta']
[6.062s] Level 1:colcon.colcon_core.package_identification:_identify(src) by extension 'colcon_meta'
[6.063s] Level 1:colcon.colcon_core.package_identification:_identify(src) by extensions ['ros']
[6.064s] Level 1:colcon.colcon_core.package_identification:_identify(src) by extension 'ros'
[6.065s] Level 1:colcon.colcon_core.package_identification:_identify(src) by extensions ['cmake', 'python']
[6.066s] Level 1:colcon.colcon_core.package_identification:_identify(src) by extension 'cmake'
[6.067s] Level 1:colcon.colcon_core.package_identification:_identify(src) by extension 'python'
[6.067s] Level 1:colcon.colcon_core.package_identification:_identify(src) by extensions ['python_setup_py']
[6.068s] Level 1:colcon.colcon_core.package_identification:_identify(src) by extension 'python_setup_py'
[6.070s] Level 1:colcon.colcon_core.package_identification:_identify(src/mpu6050_ros) by extensions ['ignore', 'ignore_ament_install']
[6.072s] Level 1:colcon.colcon_core.package_identification:_identify(src/mpu6050_ros) by extension 'ignore'
[6.073s] Level 1:colcon.colcon_core.package_identification:_identify(src/mpu6050_ros) by extension 'ignore_ament_install'
[6.074s] Level 1:colcon.colcon_core.package_identification:_identify(src/mpu6050_ros) by extensions ['colcon_pkg']
[6.074s] Level 1:colcon.colcon_core.package_identification:_identify(src/mpu6050_ros) by extension 'colcon_pkg'
[6.075s] Level 1:colcon.colcon_core.package_identification:_identify(src/mpu6050_ros) by extensions ['colcon_meta']
[6.076s] Level 1:colcon.colcon_core.package_identification:_identify(src/mpu6050_ros) by extension 'colcon_meta'
[6.077s] Level 1:colcon.colcon_core.package_identification:_identify(src/mpu6050_ros) by extensions ['ros']
[6.077s] Level 1:colcon.colcon_core.package_identification:_identify(src/mpu6050_ros) by extension 'ros'
[6.117s] DEBUG:colcon.colcon_core.package_identification:Package 'src/mpu6050_ros' with type 'ros.ament_python' and name 'mpu6050_ros'
[6.117s] Level 1:colcon.colcon_core.package_discovery:discover_packages(recursive) using defaults
[6.118s] Level 1:colcon.colcon_core.package_discovery:discover_packages(ignore) discover
[6.119s] Level 1:colcon.colcon_core.package_discovery:discover_packages(ignore) using defaults
[6.119s] Level 1:colcon.colcon_core.package_discovery:discover_packages(path) discover
[6.120s] Level 1:colcon.colcon_core.package_discovery:discover_packages(path) using defaults
[6.451s] Level 1:colcon.colcon_core.package_discovery:discover_packages(prefix_path) check parameters
[6.452s] Level 1:colcon.colcon_core.package_discovery:discover_packages(prefix_path) discover
[6.486s] DEBUG:colcon.colcon_installed_package_information.package_discovery:Found 1 installed packages in /home/ubuntu/ros2_ws_rpi/install
[6.527s] DEBUG:colcon.colcon_installed_package_information.package_discovery:Found 293 installed packages in /opt/ros/humble
[6.574s] Level 1:colcon.colcon_core.package_discovery:discover_packages(prefix_path) using defaults
[7.603s] Level 5:colcon.colcon_core.verb:set package 'mpu6050_ros' build argument 'cmake_args' from command line to 'None'
[7.604s] Level 5:colcon.colcon_core.verb:set package 'mpu6050_ros' build argument 'cmake_target' from command line to 'None'
[7.604s] Level 5:colcon.colcon_core.verb:set package 'mpu6050_ros' build argument 'cmake_target_skip_unavailable' from command line to 'False'
[7.605s] Level 5:colcon.colcon_core.verb:set package 'mpu6050_ros' build argument 'cmake_clean_cache' from command line to 'False'
[7.605s] Level 5:colcon.colcon_core.verb:set package 'mpu6050_ros' build argument 'cmake_clean_first' from command line to 'False'
[7.606s] Level 5:colcon.colcon_core.verb:set package 'mpu6050_ros' build argument 'cmake_force_configure' from command line to 'False'
[7.606s] Level 5:colcon.colcon_core.verb:set package 'mpu6050_ros' build argument 'ament_cmake_args' from command line to 'None'
[7.607s] Level 5:colcon.colcon_core.verb:set package 'mpu6050_ros' build argument 'catkin_cmake_args' from command line to 'None'
[7.607s] Level 5:colcon.colcon_core.verb:set package 'mpu6050_ros' build argument 'catkin_skip_building_tests' from command line to 'False'
[7.608s] DEBUG:colcon.colcon_core.verb:Building package 'mpu6050_ros' with the following arguments: {'ament_cmake_args': None, 'build_base': '/home/ubuntu/ros2_ws_rpi/build/mpu6050_ros', 'catkin_cmake_args': None, 'catkin_skip_building_tests': False, 'cmake_args': None, 'cmake_clean_cache': False, 'cmake_clean_first': False, 'cmake_force_configure': False, 'cmake_target': None, 'cmake_target_skip_unavailable': False, 'install_base': '/home/ubuntu/ros2_ws_rpi/install/mpu6050_ros', 'merge_install': False, 'path': '/home/ubuntu/ros2_ws_rpi/src/mpu6050_ros', 'symlink_install': False, 'test_result_base': None}
[7.610s] INFO:colcon.colcon_core.executor:Executing jobs using 'parallel' executor
[7.623s] DEBUG:colcon.colcon_parallel_executor.executor.parallel:run_until_complete
[7.627s] INFO:colcon.colcon_ros.task.ament_python.build:Building ROS package in '/home/ubuntu/ros2_ws_rpi/src/mpu6050_ros' with build type 'ament_python'
[7.629s] Level 1:colcon.colcon_core.shell:create_environment_hook('mpu6050_ros', 'ament_prefix_path')
[7.667s] INFO:colcon.colcon_core.plugin_system:Skipping extension 'colcon_core.shell.bat': Not used on non-Windows systems
[7.669s] INFO:colcon.colcon_core.shell:Creating environment hook '/home/ubuntu/ros2_ws_rpi/install/mpu6050_ros/share/mpu6050_ros/hook/ament_prefix_path.ps1'
[7.680s] INFO:colcon.colcon_core.shell:Creating environment descriptor '/home/ubuntu/ros2_ws_rpi/install/mpu6050_ros/share/mpu6050_ros/hook/ament_prefix_path.dsv'
[7.687s] INFO:colcon.colcon_core.shell:Creating environment hook '/home/ubuntu/ros2_ws_rpi/install/mpu6050_ros/share/mpu6050_ros/hook/ament_prefix_path.sh'
[7.701s] INFO:colcon.colcon_core.shell:Skip shell extension 'powershell' for command environment: Not usable outside of PowerShell
[7.702s] DEBUG:colcon.colcon_core.shell:Skip shell extension 'dsv' for command environment
[13.097s] INFO:colcon.colcon_core.task.python.build:Building Python package in '/home/ubuntu/ros2_ws_rpi/src/mpu6050_ros'
[13.101s] INFO:colcon.colcon_core.shell:Skip shell extension 'powershell' for command environment: Not usable outside of PowerShell
[13.103s] DEBUG:colcon.colcon_core.shell:Skip shell extension 'dsv' for command environment
[21.509s] DEBUG:colcon.colcon_core.event_handler.log_command:Invoking command in '/home/ubuntu/ros2_ws_rpi/src/mpu6050_ros': PYTHONPATH=/home/ubuntu/ros2_ws_rpi/build/mpu6050_ros/prefix_override:/usr/lib/python3/dist-packages/colcon_core/task/python/colcon_distutils_commands:/home/ubuntu/ros2_ws_rpi/install/mpu6050_ros/lib/python3.10/site-packages:${PYTHONPATH} /usr/bin/python3 -W ignore:setup.py install is deprecated setup.py egg_info --egg-base ../../build/mpu6050_ros build --build-base /home/ubuntu/ros2_ws_rpi/build/mpu6050_ros/build install --record /home/ubuntu/ros2_ws_rpi/build/mpu6050_ros/install.log --single-version-externally-managed install_data
[27.503s] DEBUG:colcon.colcon_core.event_handler.log_command:Invoked command in '/home/ubuntu/ros2_ws_rpi/src/mpu6050_ros' returned '0': PYTHONPATH=/home/ubuntu/ros2_ws_rpi/build/mpu6050_ros/prefix_override:/usr/lib/python3/dist-packages/colcon_core/task/python/colcon_distutils_commands:/home/ubuntu/ros2_ws_rpi/install/mpu6050_ros/lib/python3.10/site-packages:${PYTHONPATH} /usr/bin/python3 -W ignore:setup.py install is deprecated setup.py egg_info --egg-base ../../build/mpu6050_ros build --build-base /home/ubuntu/ros2_ws_rpi/build/mpu6050_ros/build install --record /home/ubuntu/ros2_ws_rpi/build/mpu6050_ros/install.log --single-version-externally-managed install_data
[27.545s] Level 1:colcon.colcon_core.environment:checking '/home/ubuntu/ros2_ws_rpi/install/mpu6050_ros' for CMake module files
[27.554s] Level 1:colcon.colcon_core.environment:checking '/home/ubuntu/ros2_ws_rpi/install/mpu6050_ros' for CMake config files
[27.569s] Level 1:colcon.colcon_core.environment:checking '/home/ubuntu/ros2_ws_rpi/install/mpu6050_ros/lib'
[27.572s] Level 1:colcon.colcon_core.environment:checking '/home/ubuntu/ros2_ws_rpi/install/mpu6050_ros/bin'
[27.574s] Level 1:colcon.colcon_core.environment:checking '/home/ubuntu/ros2_ws_rpi/install/mpu6050_ros/lib/pkgconfig/mpu6050_ros.pc'
[27.578s] Level 1:colcon.colcon_core.environment:checking '/home/ubuntu/ros2_ws_rpi/install/mpu6050_ros/lib/python3.10/site-packages'
[27.580s] Level 1:colcon.colcon_core.shell:create_environment_hook('mpu6050_ros', 'pythonpath')
[27.584s] INFO:colcon.colcon_core.shell:Creating environment hook '/home/ubuntu/ros2_ws_rpi/install/mpu6050_ros/share/mpu6050_ros/hook/pythonpath.ps1'
[27.591s] INFO:colcon.colcon_core.shell:Creating environment descriptor '/home/ubuntu/ros2_ws_rpi/install/mpu6050_ros/share/mpu6050_ros/hook/pythonpath.dsv'
[27.598s] INFO:colcon.colcon_core.shell:Creating environment hook '/home/ubuntu/ros2_ws_rpi/install/mpu6050_ros/share/mpu6050_ros/hook/pythonpath.sh'
[27.608s] Level 1:colcon.colcon_core.environment:checking '/home/ubuntu/ros2_ws_rpi/install/mpu6050_ros/bin'
[27.610s] Level 1:colcon.colcon_core.environment:create_environment_scripts_only(mpu6050_ros)
[27.615s] INFO:colcon.colcon_core.shell:Creating package script '/home/ubuntu/ros2_ws_rpi/install/mpu6050_ros/share/mpu6050_ros/package.ps1'
[27.629s] INFO:colcon.colcon_core.shell:Creating package descriptor '/home/ubuntu/ros2_ws_rpi/install/mpu6050_ros/share/mpu6050_ros/package.dsv'
[27.640s] INFO:colcon.colcon_core.shell:Creating package script '/home/ubuntu/ros2_ws_rpi/install/mpu6050_ros/share/mpu6050_ros/package.sh'
[27.654s] INFO:colcon.colcon_core.shell:Creating package script '/home/ubuntu/ros2_ws_rpi/install/mpu6050_ros/share/mpu6050_ros/package.bash'
[27.668s] INFO:colcon.colcon_core.shell:Creating package script '/home/ubuntu/ros2_ws_rpi/install/mpu6050_ros/share/mpu6050_ros/package.zsh'
[27.680s] Level 1:colcon.colcon_core.environment:create_file_with_runtime_dependencies(/home/ubuntu/ros2_ws_rpi/install/mpu6050_ros/share/colcon-core/packages/mpu6050_ros)
[27.685s] DEBUG:colcon.colcon_parallel_executor.executor.parallel:closing loop
[27.689s] DEBUG:colcon.colcon_parallel_executor.executor.parallel:loop closed
[27.691s] DEBUG:colcon.colcon_parallel_executor.executor.parallel:run_until_complete finished with '0'
[27.692s] DEBUG:colcon.colcon_core.event_reactor:joining thread
[27.775s] INFO:colcon.colcon_core.plugin_system:Skipping extension 'colcon_notification.desktop_notification.notify_send': Could not find 'notify-send'
[27.776s] INFO:colcon.colcon_core.plugin_system:Skipping extension 'colcon_notification.desktop_notification.terminal_notifier': Not used on non-Darwin systems
[27.777s] INFO:colcon.colcon_core.plugin_system:Skipping extension 'colcon_notification.desktop_notification.win32': Not used on non-Windows systems
[27.778s] INFO:colcon.colcon_notification.desktop_notification:Sending desktop notification using 'notify2'
[27.788s] DEBUG:colcon.colcon_notification.desktop_notification.notify2:Failed to initialize notify2: org.freedesktop.DBus.Error.ServiceUnknown: The name org.freedesktop.Notifications was not provided by any .service files
[27.790s] DEBUG:colcon.colcon_core.event_reactor:joined thread
[27.792s] INFO:colcon.colcon_core.shell:Creating prefix script '/home/ubuntu/ros2_ws_rpi/install/local_setup.ps1'
[27.801s] INFO:colcon.colcon_core.shell:Creating prefix util module '/home/ubuntu/ros2_ws_rpi/install/_local_setup_util_ps1.py'
[27.813s] INFO:colcon.colcon_core.shell:Creating prefix chain script '/home/ubuntu/ros2_ws_rpi/install/setup.ps1'
[27.830s] INFO:colcon.colcon_core.shell:Creating prefix script '/home/ubuntu/ros2_ws_rpi/install/local_setup.sh'
[27.840s] INFO:colcon.colcon_core.shell:Creating prefix util module '/home/ubuntu/ros2_ws_rpi/install/_local_setup_util_sh.py'
[27.849s] INFO:colcon.colcon_core.shell:Creating prefix chain script '/home/ubuntu/ros2_ws_rpi/install/setup.sh'
[27.867s] INFO:colcon.colcon_core.shell:Creating prefix script '/home/ubuntu/ros2_ws_rpi/install/local_setup.bash'
[27.876s] INFO:colcon.colcon_core.shell:Creating prefix chain script '/home/ubuntu/ros2_ws_rpi/install/setup.bash'
[27.898s] INFO:colcon.colcon_core.shell:Creating prefix script '/home/ubuntu/ros2_ws_rpi/install/local_setup.zsh'
[27.907s] INFO:colcon.colcon_core.shell:Creating prefix chain script '/home/ubuntu/ros2_ws_rpi/install/setup.zsh'
