[2.291s] Invoking command in '/home/sagar/Developer/Robotics/Getting-Started-with-ROS2-A-Tutorial-Series/workspace/ros2_ws/src/rpi_robo_imageprocessing': PYTHONPATH=/home/sagar/Developer/Robotics/Getting-Started-with-ROS2-A-Tutorial-Series/workspace/ros2_ws/build/rpi_robo_imageprocessing/prefix_override:/home/sagar/Developer/Robotics/Getting-Started-with-ROS2-A-Tutorial-Series/workspace/ros2_ws/install/rpi_robo_imageprocessing/lib/python3.10/site-packages:${PYTHONPATH} /usr/bin/python3 -W ignore:setup.py install is deprecated setup.py egg_info --egg-base ../../build/rpi_robo_imageprocessing build --build-base /home/sagar/Developer/Robotics/Getting-Started-with-ROS2-A-Tutorial-Series/workspace/ros2_ws/build/rpi_robo_imageprocessing/build install --record /home/sagar/Developer/Robotics/Getting-Started-with-ROS2-A-Tutorial-Series/workspace/ros2_ws/build/rpi_robo_imageprocessing/install.log --single-version-externally-managed install_data
[3.170s] running egg_info
[3.172s] writing ../../build/rpi_robo_imageprocessing/rpi_robo_imageprocessing.egg-info/PKG-INFO
[3.173s] writing dependency_links to ../../build/rpi_robo_imageprocessing/rpi_robo_imageprocessing.egg-info/dependency_links.txt
[3.173s] writing entry points to ../../build/rpi_robo_imageprocessing/rpi_robo_imageprocessing.egg-info/entry_points.txt
[3.174s] writing requirements to ../../build/rpi_robo_imageprocessing/rpi_robo_imageprocessing.egg-info/requires.txt
[3.174s] writing top-level names to ../../build/rpi_robo_imageprocessing/rpi_robo_imageprocessing.egg-info/top_level.txt
[3.187s] reading manifest file '../../build/rpi_robo_imageprocessing/rpi_robo_imageprocessing.egg-info/SOURCES.txt'
[3.190s] writing manifest file '../../build/rpi_robo_imageprocessing/rpi_robo_imageprocessing.egg-info/SOURCES.txt'
[3.191s] running build
[3.191s] running build_py
[3.191s] copying rpi_robo_imageprocessing/person_detector.py -> /home/sagar/Developer/Robotics/Getting-Started-with-ROS2-A-Tutorial-Series/workspace/ros2_ws/build/rpi_robo_imageprocessing/build/lib/rpi_robo_imageprocessing
[3.192s] running install
[3.193s] running install_lib
[3.196s] copying /home/sagar/Developer/Robotics/Getting-Started-with-ROS2-A-Tutorial-Series/workspace/ros2_ws/build/rpi_robo_imageprocessing/build/lib/rpi_robo_imageprocessing/person_detector.py -> /home/sagar/Developer/Robotics/Getting-Started-with-ROS2-A-Tutorial-Series/workspace/ros2_ws/install/rpi_robo_imageprocessing/lib/python3.10/site-packages/rpi_robo_imageprocessing
[3.198s] byte-compiling /home/sagar/Developer/Robotics/Getting-Started-with-ROS2-A-Tutorial-Series/workspace/ros2_ws/install/rpi_robo_imageprocessing/lib/python3.10/site-packages/rpi_robo_imageprocessing/person_detector.py to person_detector.cpython-310.pyc
[3.200s] running install_data
[3.201s] running install_egg_info
[3.206s] removing '/home/sagar/Developer/Robotics/Getting-Started-with-ROS2-A-Tutorial-Series/workspace/ros2_ws/install/rpi_robo_imageprocessing/lib/python3.10/site-packages/rpi_robo_imageprocessing-0.0.0-py3.10.egg-info' (and everything under it)
[3.207s] Copying ../../build/rpi_robo_imageprocessing/rpi_robo_imageprocessing.egg-info to /home/sagar/Developer/Robotics/Getting-Started-with-ROS2-A-Tutorial-Series/workspace/ros2_ws/install/rpi_robo_imageprocessing/lib/python3.10/site-packages/rpi_robo_imageprocessing-0.0.0-py3.10.egg-info
[3.210s] running install_scripts
[3.274s] Installing person_detector script to /home/sagar/Developer/Robotics/Getting-Started-with-ROS2-A-Tutorial-Series/workspace/ros2_ws/install/rpi_robo_imageprocessing/lib/rpi_robo_imageprocessing
[3.274s] Installing preview script to /home/sagar/Developer/Robotics/Getting-Started-with-ROS2-A-Tutorial-Series/workspace/ros2_ws/install/rpi_robo_imageprocessing/lib/rpi_robo_imageprocessing
[3.275s] writing list of installed files to '/home/sagar/Developer/Robotics/Getting-Started-with-ROS2-A-Tutorial-Series/workspace/ros2_ws/build/rpi_robo_imageprocessing/install.log'
[3.367s] Invoked command in '/home/sagar/Developer/Robotics/Getting-Started-with-ROS2-A-Tutorial-Series/workspace/ros2_ws/src/rpi_robo_imageprocessing' returned '0': PYTHONPATH=/home/sagar/Developer/Robotics/Getting-Started-with-ROS2-A-Tutorial-Series/workspace/ros2_ws/build/rpi_robo_imageprocessing/prefix_override:/home/sagar/Developer/Robotics/Getting-Started-with-ROS2-A-Tutorial-Series/workspace/ros2_ws/install/rpi_robo_imageprocessing/lib/python3.10/site-packages:${PYTHONPATH} /usr/bin/python3 -W ignore:setup.py install is deprecated setup.py egg_info --egg-base ../../build/rpi_robo_imageprocessing build --build-base /home/sagar/Developer/Robotics/Getting-Started-with-ROS2-A-Tutorial-Series/workspace/ros2_ws/build/rpi_robo_imageprocessing/build install --record /home/sagar/Developer/Robotics/Getting-Started-with-ROS2-A-Tutorial-Series/workspace/ros2_ws/build/rpi_robo_imageprocessing/install.log --single-version-externally-managed install_data
