[2.085s] DEBUG:colcon:Command line arguments: ['/usr/bin/colcon', 'build']
[2.086s] DEBUG:colcon:Parsed command line arguments: Namespace(log_base=None, log_level=None, verb_name='build', build_base='build', install_base='install', merge_install=False, symlink_install=False, test_result_base=None, continue_on_error=False, executor='parallel', parallel_workers=4, event_handlers=None, ignore_user_meta=False, metas=['./colcon.meta'], base_paths=['.'], packages_ignore=None, packages_ignore_regex=None, paths=None, packages_up_to=None, packages_up_to_regex=None, packages_above=None, packages_above_and_dependencies=None, packages_above_depth=None, packages_select_by_dep=None, packages_skip_by_dep=None, packages_skip_up_to=None, packages_select_build_failed=False, packages_skip_build_finished=False, packages_select_test_failures=False, packages_skip_test_passed=False, packages_select=None, packages_skip=None, packages_select_regex=None, packages_skip_regex=None, packages_start=None, packages_end=None, allow_overriding=[], cmake_args=None, cmake_target=None, cmake_target_skip_unavailable=False, cmake_clean_cache=False, cmake_clean_first=False, cmake_force_configure=False, ament_cmake_args=None, catkin_cmake_args=None, catkin_skip_building_tests=False, mixin_files=None, mixin=None, verb_parser=<colcon_mixin.mixin.mixin_argument.MixinArgumentDecorator object at 0xffffa529a680>, verb_extension=<colcon_core.verb.build.BuildVerb object at 0xffffa529a1d0>, main=<bound method BuildVerb.main of <colcon_core.verb.build.BuildVerb object at 0xffffa529a1d0>>, mixin_verb=('build',))
[4.705s] Level 1:colcon.colcon_core.package_discovery:discover_packages(colcon_meta) check parameters
[4.706s] Level 1:colcon.colcon_core.package_discovery:discover_packages(recursive) check parameters
[4.707s] Level 1:colcon.colcon_core.package_discovery:discover_packages(ignore) check parameters
[4.708s] Level 1:colcon.colcon_core.package_discovery:discover_packages(path) check parameters
[4.708s] Level 1:colcon.colcon_core.package_discovery:discover_packages(colcon_meta) discover
[4.709s] Level 1:colcon.colcon_core.package_discovery:discover_packages(recursive) discover
[4.710s] INFO:colcon.colcon_core.package_discovery:Crawling recursively for packages in '/home/ubuntu/ros2_ws_rpi'
[4.711s] Level 1:colcon.colcon_core.package_identification:_identify(.) by extensions ['ignore', 'ignore_ament_install']
[4.715s] Level 1:colcon.colcon_core.package_identification:_identify(.) by extension 'ignore'
[4.716s] Level 1:colcon.colcon_core.package_identification:_identify(.) by extension 'ignore_ament_install'
[4.717s] Level 1:colcon.colcon_core.package_identification:_identify(.) by extensions ['colcon_pkg']
[4.718s] Level 1:colcon.colcon_core.package_identification:_identify(.) by extension 'colcon_pkg'
[4.719s] Level 1:colcon.colcon_core.package_identification:_identify(.) by extensions ['colcon_meta']
[4.719s] Level 1:colcon.colcon_core.package_identification:_identify(.) by extension 'colcon_meta'
[4.720s] Level 1:colcon.colcon_core.package_identification:_identify(.) by extensions ['ros']
[4.720s] Level 1:colcon.colcon_core.package_identification:_identify(.) by extension 'ros'
[4.927s] Level 1:colcon.colcon_core.package_identification:_identify(.) by extensions ['cmake', 'python']
[4.928s] Level 1:colcon.colcon_core.package_identification:_identify(.) by extension 'cmake'
[4.928s] Level 1:colcon.colcon_core.package_identification:_identify(.) by extension 'python'
[4.929s] Level 1:colcon.colcon_core.package_identification:_identify(.) by extensions ['python_setup_py']
[4.930s] Level 1:colcon.colcon_core.package_identification:_identify(.) by extension 'python_setup_py'
[4.932s] Level 1:colcon.colcon_core.package_identification:_identify(build) by extensions ['ignore', 'ignore_ament_install']
[4.933s] Level 1:colcon.colcon_core.package_identification:_identify(build) by extension 'ignore'
[4.934s] Level 1:colcon.colcon_core.package_identification:_identify(build) ignored
[4.937s] Level 1:colcon.colcon_core.package_identification:_identify(install) by extensions ['ignore', 'ignore_ament_install']
[4.938s] Level 1:colcon.colcon_core.package_identification:_identify(install) by extension 'ignore'
[4.939s] Level 1:colcon.colcon_core.package_identification:_identify(install) ignored
[4.941s] Level 1:colcon.colcon_core.package_identification:_identify(log) by extensions ['ignore', 'ignore_ament_install']
[4.943s] Level 1:colcon.colcon_core.package_identification:_identify(log) by extension 'ignore'
[4.943s] Level 1:colcon.colcon_core.package_identification:_identify(log) ignored
[4.945s] Level 1:colcon.colcon_core.package_identification:_identify(src) by extensions ['ignore', 'ignore_ament_install']
[4.947s] Level 1:colcon.colcon_core.package_identification:_identify(src) by extension 'ignore'
[4.948s] Level 1:colcon.colcon_core.package_identification:_identify(src) by extension 'ignore_ament_install'
[4.949s] Level 1:colcon.colcon_core.package_identification:_identify(src) by extensions ['colcon_pkg']
[4.949s] Level 1:colcon.colcon_core.package_identification:_identify(src) by extension 'colcon_pkg'
[4.950s] Level 1:colcon.colcon_core.package_identification:_identify(src) by extensions ['colcon_meta']
[4.951s] Level 1:colcon.colcon_core.package_identification:_identify(src) by extension 'colcon_meta'
[4.951s] Level 1:colcon.colcon_core.package_identification:_identify(src) by extensions ['ros']
[4.952s] Level 1:colcon.colcon_core.package_identification:_identify(src) by extension 'ros'
[4.954s] Level 1:colcon.colcon_core.package_identification:_identify(src) by extensions ['cmake', 'python']
[4.954s] Level 1:colcon.colcon_core.package_identification:_identify(src) by extension 'cmake'
[4.955s] Level 1:colcon.colcon_core.package_identification:_identify(src) by extension 'python'
[4.956s] Level 1:colcon.colcon_core.package_identification:_identify(src) by extensions ['python_setup_py']
[4.956s] Level 1:colcon.colcon_core.package_identification:_identify(src) by extension 'python_setup_py'
[4.959s] Level 1:colcon.colcon_core.package_identification:_identify(src/mpu6050_ros) by extensions ['ignore', 'ignore_ament_install']
[4.960s] Level 1:colcon.colcon_core.package_identification:_identify(src/mpu6050_ros) by extension 'ignore'
[4.961s] Level 1:colcon.colcon_core.package_identification:_identify(src/mpu6050_ros) by extension 'ignore_ament_install'
[4.962s] Level 1:colcon.colcon_core.package_identification:_identify(src/mpu6050_ros) by extensions ['colcon_pkg']
[4.963s] Level 1:colcon.colcon_core.package_identification:_identify(src/mpu6050_ros) by extension 'colcon_pkg'
[4.964s] Level 1:colcon.colcon_core.package_identification:_identify(src/mpu6050_ros) by extensions ['colcon_meta']
[4.964s] Level 1:colcon.colcon_core.package_identification:_identify(src/mpu6050_ros) by extension 'colcon_meta'
[4.965s] Level 1:colcon.colcon_core.package_identification:_identify(src/mpu6050_ros) by extensions ['ros']
[4.966s] Level 1:colcon.colcon_core.package_identification:_identify(src/mpu6050_ros) by extension 'ros'
[5.004s] DEBUG:colcon.colcon_core.package_identification:Package 'src/mpu6050_ros' with type 'ros.ament_python' and name 'mpu6050_ros'
[5.005s] Level 1:colcon.colcon_core.package_discovery:discover_packages(recursive) using defaults
[5.006s] Level 1:colcon.colcon_core.package_discovery:discover_packages(ignore) discover
[5.006s] Level 1:colcon.colcon_core.package_discovery:discover_packages(ignore) using defaults
[5.007s] Level 1:colcon.colcon_core.package_discovery:discover_packages(path) discover
[5.007s] Level 1:colcon.colcon_core.package_discovery:discover_packages(path) using defaults
[5.336s] Level 1:colcon.colcon_core.package_discovery:discover_packages(prefix_path) check parameters
[5.337s] Level 1:colcon.colcon_core.package_discovery:discover_packages(prefix_path) discover
[5.371s] DEBUG:colcon.colcon_installed_package_information.package_discovery:Found 1 installed packages in /home/ubuntu/ros2_ws_rpi/install
[5.412s] DEBUG:colcon.colcon_installed_package_information.package_discovery:Found 293 installed packages in /opt/ros/humble
[5.460s] Level 1:colcon.colcon_core.package_discovery:discover_packages(prefix_path) using defaults
[6.488s] Level 5:colcon.colcon_core.verb:set package 'mpu6050_ros' build argument 'cmake_args' from command line to 'None'
[6.489s] Level 5:colcon.colcon_core.verb:set package 'mpu6050_ros' build argument 'cmake_target' from command line to 'None'
[6.490s] Level 5:colcon.colcon_core.verb:set package 'mpu6050_ros' build argument 'cmake_target_skip_unavailable' from command line to 'False'
[6.490s] Level 5:colcon.colcon_core.verb:set package 'mpu6050_ros' build argument 'cmake_clean_cache' from command line to 'False'
[6.491s] Level 5:colcon.colcon_core.verb:set package 'mpu6050_ros' build argument 'cmake_clean_first' from command line to 'False'
[6.491s] Level 5:colcon.colcon_core.verb:set package 'mpu6050_ros' build argument 'cmake_force_configure' from command line to 'False'
[6.492s] Level 5:colcon.colcon_core.verb:set package 'mpu6050_ros' build argument 'ament_cmake_args' from command line to 'None'
[6.492s] Level 5:colcon.colcon_core.verb:set package 'mpu6050_ros' build argument 'catkin_cmake_args' from command line to 'None'
[6.493s] Level 5:colcon.colcon_core.verb:set package 'mpu6050_ros' build argument 'catkin_skip_building_tests' from command line to 'False'
[6.494s] DEBUG:colcon.colcon_core.verb:Building package 'mpu6050_ros' with the following arguments: {'ament_cmake_args': None, 'build_base': '/home/ubuntu/ros2_ws_rpi/build/mpu6050_ros', 'catkin_cmake_args': None, 'catkin_skip_building_tests': False, 'cmake_args': None, 'cmake_clean_cache': False, 'cmake_clean_first': False, 'cmake_force_configure': False, 'cmake_target': None, 'cmake_target_skip_unavailable': False, 'install_base': '/home/ubuntu/ros2_ws_rpi/install/mpu6050_ros', 'merge_install': False, 'path': '/home/ubuntu/ros2_ws_rpi/src/mpu6050_ros', 'symlink_install': False, 'test_result_base': None}
[6.496s] INFO:colcon.colcon_core.executor:Executing jobs using 'parallel' executor
[6.508s] DEBUG:colcon.colcon_parallel_executor.executor.parallel:run_until_complete
[6.511s] INFO:colcon.colcon_ros.task.ament_python.build:Building ROS package in '/home/ubuntu/ros2_ws_rpi/src/mpu6050_ros' with build type 'ament_python'
[6.514s] Level 1:colcon.colcon_core.shell:create_environment_hook('mpu6050_ros', 'ament_prefix_path')
[6.552s] INFO:colcon.colcon_core.plugin_system:Skipping extension 'colcon_core.shell.bat': Not used on non-Windows systems
[6.554s] INFO:colcon.colcon_core.shell:Creating environment hook '/home/ubuntu/ros2_ws_rpi/install/mpu6050_ros/share/mpu6050_ros/hook/ament_prefix_path.ps1'
[6.565s] INFO:colcon.colcon_core.shell:Creating environment descriptor '/home/ubuntu/ros2_ws_rpi/install/mpu6050_ros/share/mpu6050_ros/hook/ament_prefix_path.dsv'
[6.573s] INFO:colcon.colcon_core.shell:Creating environment hook '/home/ubuntu/ros2_ws_rpi/install/mpu6050_ros/share/mpu6050_ros/hook/ament_prefix_path.sh'
[6.587s] INFO:colcon.colcon_core.shell:Skip shell extension 'powershell' for command environment: Not usable outside of PowerShell
[6.588s] DEBUG:colcon.colcon_core.shell:Skip shell extension 'dsv' for command environment
[11.862s] INFO:colcon.colcon_core.task.python.build:Building Python package in '/home/ubuntu/ros2_ws_rpi/src/mpu6050_ros'
[11.866s] INFO:colcon.colcon_core.shell:Skip shell extension 'powershell' for command environment: Not usable outside of PowerShell
[11.867s] DEBUG:colcon.colcon_core.shell:Skip shell extension 'dsv' for command environment
[18.556s] DEBUG:colcon.colcon_core.event_handler.log_command:Invoking command in '/home/ubuntu/ros2_ws_rpi/src/mpu6050_ros': PYTHONPATH=/home/ubuntu/ros2_ws_rpi/build/mpu6050_ros/prefix_override:/usr/lib/python3/dist-packages/colcon_core/task/python/colcon_distutils_commands:/home/ubuntu/ros2_ws_rpi/install/mpu6050_ros/lib/python3.10/site-packages:${PYTHONPATH} /usr/bin/python3 -W ignore:setup.py install is deprecated setup.py egg_info --egg-base ../../build/mpu6050_ros build --build-base /home/ubuntu/ros2_ws_rpi/build/mpu6050_ros/build install --record /home/ubuntu/ros2_ws_rpi/build/mpu6050_ros/install.log --single-version-externally-managed install_data
[21.390s] DEBUG:colcon.colcon_core.event_handler.log_command:Invoked command in '/home/ubuntu/ros2_ws_rpi/src/mpu6050_ros' returned '0': PYTHONPATH=/home/ubuntu/ros2_ws_rpi/build/mpu6050_ros/prefix_override:/usr/lib/python3/dist-packages/colcon_core/task/python/colcon_distutils_commands:/home/ubuntu/ros2_ws_rpi/install/mpu6050_ros/lib/python3.10/site-packages:${PYTHONPATH} /usr/bin/python3 -W ignore:setup.py install is deprecated setup.py egg_info --egg-base ../../build/mpu6050_ros build --build-base /home/ubuntu/ros2_ws_rpi/build/mpu6050_ros/build install --record /home/ubuntu/ros2_ws_rpi/build/mpu6050_ros/install.log --single-version-externally-managed install_data
[21.412s] Level 1:colcon.colcon_core.environment:checking '/home/ubuntu/ros2_ws_rpi/install/mpu6050_ros' for CMake module files
[21.420s] Level 1:colcon.colcon_core.environment:checking '/home/ubuntu/ros2_ws_rpi/install/mpu6050_ros' for CMake config files
[21.435s] Level 1:colcon.colcon_core.environment:checking '/home/ubuntu/ros2_ws_rpi/install/mpu6050_ros/lib'
[21.440s] Level 1:colcon.colcon_core.environment:checking '/home/ubuntu/ros2_ws_rpi/install/mpu6050_ros/bin'
[21.441s] Level 1:colcon.colcon_core.environment:checking '/home/ubuntu/ros2_ws_rpi/install/mpu6050_ros/lib/pkgconfig/mpu6050_ros.pc'
[21.446s] Level 1:colcon.colcon_core.environment:checking '/home/ubuntu/ros2_ws_rpi/install/mpu6050_ros/lib/python3.10/site-packages'
[21.447s] Level 1:colcon.colcon_core.shell:create_environment_hook('mpu6050_ros', 'pythonpath')
[21.451s] INFO:colcon.colcon_core.shell:Creating environment hook '/home/ubuntu/ros2_ws_rpi/install/mpu6050_ros/share/mpu6050_ros/hook/pythonpath.ps1'
[21.458s] INFO:colcon.colcon_core.shell:Creating environment descriptor '/home/ubuntu/ros2_ws_rpi/install/mpu6050_ros/share/mpu6050_ros/hook/pythonpath.dsv'
[21.464s] INFO:colcon.colcon_core.shell:Creating environment hook '/home/ubuntu/ros2_ws_rpi/install/mpu6050_ros/share/mpu6050_ros/hook/pythonpath.sh'
[21.473s] Level 1:colcon.colcon_core.environment:checking '/home/ubuntu/ros2_ws_rpi/install/mpu6050_ros/bin'
[21.475s] Level 1:colcon.colcon_core.environment:create_environment_scripts_only(mpu6050_ros)
[21.480s] INFO:colcon.colcon_core.shell:Creating package script '/home/ubuntu/ros2_ws_rpi/install/mpu6050_ros/share/mpu6050_ros/package.ps1'
[21.495s] INFO:colcon.colcon_core.shell:Creating package descriptor '/home/ubuntu/ros2_ws_rpi/install/mpu6050_ros/share/mpu6050_ros/package.dsv'
[21.516s] INFO:colcon.colcon_core.shell:Creating package script '/home/ubuntu/ros2_ws_rpi/install/mpu6050_ros/share/mpu6050_ros/package.sh'
[21.530s] INFO:colcon.colcon_core.shell:Creating package script '/home/ubuntu/ros2_ws_rpi/install/mpu6050_ros/share/mpu6050_ros/package.bash'
[21.546s] INFO:colcon.colcon_core.shell:Creating package script '/home/ubuntu/ros2_ws_rpi/install/mpu6050_ros/share/mpu6050_ros/package.zsh'
[21.571s] Level 1:colcon.colcon_core.environment:create_file_with_runtime_dependencies(/home/ubuntu/ros2_ws_rpi/install/mpu6050_ros/share/colcon-core/packages/mpu6050_ros)
[21.575s] DEBUG:colcon.colcon_parallel_executor.executor.parallel:closing loop
[21.579s] DEBUG:colcon.colcon_parallel_executor.executor.parallel:loop closed
[21.580s] DEBUG:colcon.colcon_parallel_executor.executor.parallel:run_until_complete finished with '0'
[21.582s] DEBUG:colcon.colcon_core.event_reactor:joining thread
[21.663s] INFO:colcon.colcon_core.plugin_system:Skipping extension 'colcon_notification.desktop_notification.notify_send': Could not find 'notify-send'
[21.664s] INFO:colcon.colcon_core.plugin_system:Skipping extension 'colcon_notification.desktop_notification.terminal_notifier': Not used on non-Darwin systems
[21.666s] INFO:colcon.colcon_core.plugin_system:Skipping extension 'colcon_notification.desktop_notification.win32': Not used on non-Windows systems
[21.666s] INFO:colcon.colcon_notification.desktop_notification:Sending desktop notification using 'notify2'
[21.677s] DEBUG:colcon.colcon_notification.desktop_notification.notify2:Failed to initialize notify2: org.freedesktop.DBus.Error.ServiceUnknown: The name org.freedesktop.Notifications was not provided by any .service files
[21.678s] DEBUG:colcon.colcon_core.event_reactor:joined thread
[21.683s] INFO:colcon.colcon_core.shell:Creating prefix script '/home/ubuntu/ros2_ws_rpi/install/local_setup.ps1'
[21.698s] INFO:colcon.colcon_core.shell:Creating prefix util module '/home/ubuntu/ros2_ws_rpi/install/_local_setup_util_ps1.py'
[21.723s] INFO:colcon.colcon_core.shell:Creating prefix chain script '/home/ubuntu/ros2_ws_rpi/install/setup.ps1'
[21.740s] INFO:colcon.colcon_core.shell:Creating prefix script '/home/ubuntu/ros2_ws_rpi/install/local_setup.sh'
[21.750s] INFO:colcon.colcon_core.shell:Creating prefix util module '/home/ubuntu/ros2_ws_rpi/install/_local_setup_util_sh.py'
[21.759s] INFO:colcon.colcon_core.shell:Creating prefix chain script '/home/ubuntu/ros2_ws_rpi/install/setup.sh'
[21.777s] INFO:colcon.colcon_core.shell:Creating prefix script '/home/ubuntu/ros2_ws_rpi/install/local_setup.bash'
[21.786s] INFO:colcon.colcon_core.shell:Creating prefix chain script '/home/ubuntu/ros2_ws_rpi/install/setup.bash'
[21.808s] INFO:colcon.colcon_core.shell:Creating prefix script '/home/ubuntu/ros2_ws_rpi/install/local_setup.zsh'
[21.817s] INFO:colcon.colcon_core.shell:Creating prefix chain script '/home/ubuntu/ros2_ws_rpi/install/setup.zsh'
