[2.133s] DEBUG:colcon:Command line arguments: ['/usr/bin/colcon', 'build']
[2.135s] DEBUG:colcon:Parsed command line arguments: Namespace(log_base=None, log_level=None, verb_name='build', build_base='build', install_base='install', merge_install=False, symlink_install=False, test_result_base=None, continue_on_error=False, executor='parallel', parallel_workers=4, event_handlers=None, ignore_user_meta=False, metas=['./colcon.meta'], base_paths=['.'], packages_ignore=None, packages_ignore_regex=None, paths=None, packages_up_to=None, packages_up_to_regex=None, packages_above=None, packages_above_and_dependencies=None, packages_above_depth=None, packages_select_by_dep=None, packages_skip_by_dep=None, packages_skip_up_to=None, packages_select_build_failed=False, packages_skip_build_finished=False, packages_select_test_failures=False, packages_skip_test_passed=False, packages_select=None, packages_skip=None, packages_select_regex=None, packages_skip_regex=None, packages_start=None, packages_end=None, allow_overriding=[], cmake_args=None, cmake_target=None, cmake_target_skip_unavailable=False, cmake_clean_cache=False, cmake_clean_first=False, cmake_force_configure=False, ament_cmake_args=None, catkin_cmake_args=None, catkin_skip_building_tests=False, mixin_files=None, mixin=None, verb_parser=<colcon_mixin.mixin.mixin_argument.MixinArgumentDecorator object at 0xffff817fe380>, verb_extension=<colcon_core.verb.build.BuildVerb object at 0xffff817fded0>, main=<bound method BuildVerb.main of <colcon_core.verb.build.BuildVerb object at 0xffff817fded0>>, mixin_verb=('build',))
[5.739s] Level 1:colcon.colcon_core.package_discovery:discover_packages(colcon_meta) check parameters
[5.740s] Level 1:colcon.colcon_core.package_discovery:discover_packages(recursive) check parameters
[5.741s] Level 1:colcon.colcon_core.package_discovery:discover_packages(ignore) check parameters
[5.741s] Level 1:colcon.colcon_core.package_discovery:discover_packages(path) check parameters
[5.742s] Level 1:colcon.colcon_core.package_discovery:discover_packages(colcon_meta) discover
[5.743s] Level 1:colcon.colcon_core.package_discovery:discover_packages(recursive) discover
[5.744s] INFO:colcon.colcon_core.package_discovery:Crawling recursively for packages in '/home/ubuntu/ros2_ws_rpi'
[5.745s] Level 1:colcon.colcon_core.package_identification:_identify(.) by extensions ['ignore', 'ignore_ament_install']
[5.749s] Level 1:colcon.colcon_core.package_identification:_identify(.) by extension 'ignore'
[5.750s] Level 1:colcon.colcon_core.package_identification:_identify(.) by extension 'ignore_ament_install'
[5.751s] Level 1:colcon.colcon_core.package_identification:_identify(.) by extensions ['colcon_pkg']
[5.752s] Level 1:colcon.colcon_core.package_identification:_identify(.) by extension 'colcon_pkg'
[5.753s] Level 1:colcon.colcon_core.package_identification:_identify(.) by extensions ['colcon_meta']
[5.753s] Level 1:colcon.colcon_core.package_identification:_identify(.) by extension 'colcon_meta'
[5.754s] Level 1:colcon.colcon_core.package_identification:_identify(.) by extensions ['ros']
[5.754s] Level 1:colcon.colcon_core.package_identification:_identify(.) by extension 'ros'
[5.961s] Level 1:colcon.colcon_core.package_identification:_identify(.) by extensions ['cmake', 'python']
[5.962s] Level 1:colcon.colcon_core.package_identification:_identify(.) by extension 'cmake'
[5.963s] Level 1:colcon.colcon_core.package_identification:_identify(.) by extension 'python'
[5.964s] Level 1:colcon.colcon_core.package_identification:_identify(.) by extensions ['python_setup_py']
[5.964s] Level 1:colcon.colcon_core.package_identification:_identify(.) by extension 'python_setup_py'
[5.966s] Level 1:colcon.colcon_core.package_identification:_identify(build) by extensions ['ignore', 'ignore_ament_install']
[5.968s] Level 1:colcon.colcon_core.package_identification:_identify(build) by extension 'ignore'
[5.969s] Level 1:colcon.colcon_core.package_identification:_identify(build) ignored
[5.971s] Level 1:colcon.colcon_core.package_identification:_identify(install) by extensions ['ignore', 'ignore_ament_install']
[5.973s] Level 1:colcon.colcon_core.package_identification:_identify(install) by extension 'ignore'
[5.973s] Level 1:colcon.colcon_core.package_identification:_identify(install) ignored
[5.976s] Level 1:colcon.colcon_core.package_identification:_identify(log) by extensions ['ignore', 'ignore_ament_install']
[5.977s] Level 1:colcon.colcon_core.package_identification:_identify(log) by extension 'ignore'
[5.978s] Level 1:colcon.colcon_core.package_identification:_identify(log) ignored
[5.980s] Level 1:colcon.colcon_core.package_identification:_identify(src) by extensions ['ignore', 'ignore_ament_install']
[5.981s] Level 1:colcon.colcon_core.package_identification:_identify(src) by extension 'ignore'
[5.982s] Level 1:colcon.colcon_core.package_identification:_identify(src) by extension 'ignore_ament_install'
[5.983s] Level 1:colcon.colcon_core.package_identification:_identify(src) by extensions ['colcon_pkg']
[5.984s] Level 1:colcon.colcon_core.package_identification:_identify(src) by extension 'colcon_pkg'
[5.984s] Level 1:colcon.colcon_core.package_identification:_identify(src) by extensions ['colcon_meta']
[5.985s] Level 1:colcon.colcon_core.package_identification:_identify(src) by extension 'colcon_meta'
[5.986s] Level 1:colcon.colcon_core.package_identification:_identify(src) by extensions ['ros']
[5.986s] Level 1:colcon.colcon_core.package_identification:_identify(src) by extension 'ros'
[5.988s] Level 1:colcon.colcon_core.package_identification:_identify(src) by extensions ['cmake', 'python']
[5.989s] Level 1:colcon.colcon_core.package_identification:_identify(src) by extension 'cmake'
[5.990s] Level 1:colcon.colcon_core.package_identification:_identify(src) by extension 'python'
[5.990s] Level 1:colcon.colcon_core.package_identification:_identify(src) by extensions ['python_setup_py']
[5.991s] Level 1:colcon.colcon_core.package_identification:_identify(src) by extension 'python_setup_py'
[5.993s] Level 1:colcon.colcon_core.package_identification:_identify(src/mpu6050_ros) by extensions ['ignore', 'ignore_ament_install']
[5.995s] Level 1:colcon.colcon_core.package_identification:_identify(src/mpu6050_ros) by extension 'ignore'
[5.996s] Level 1:colcon.colcon_core.package_identification:_identify(src/mpu6050_ros) by extension 'ignore_ament_install'
[5.997s] Level 1:colcon.colcon_core.package_identification:_identify(src/mpu6050_ros) by extensions ['colcon_pkg']
[5.997s] Level 1:colcon.colcon_core.package_identification:_identify(src/mpu6050_ros) by extension 'colcon_pkg'
[5.998s] Level 1:colcon.colcon_core.package_identification:_identify(src/mpu6050_ros) by extensions ['colcon_meta']
[5.999s] Level 1:colcon.colcon_core.package_identification:_identify(src/mpu6050_ros) by extension 'colcon_meta'
[6.000s] Level 1:colcon.colcon_core.package_identification:_identify(src/mpu6050_ros) by extensions ['ros']
[6.001s] Level 1:colcon.colcon_core.package_identification:_identify(src/mpu6050_ros) by extension 'ros'
[6.031s] DEBUG:colcon.colcon_core.package_identification:Package 'src/mpu6050_ros' with type 'ros.ament_python' and name 'mpu6050_ros'
[6.031s] Level 1:colcon.colcon_core.package_discovery:discover_packages(recursive) using defaults
[6.032s] Level 1:colcon.colcon_core.package_discovery:discover_packages(ignore) discover
[6.032s] Level 1:colcon.colcon_core.package_discovery:discover_packages(ignore) using defaults
[6.032s] Level 1:colcon.colcon_core.package_discovery:discover_packages(path) discover
[6.032s] Level 1:colcon.colcon_core.package_discovery:discover_packages(path) using defaults
[6.182s] Level 1:colcon.colcon_core.package_discovery:discover_packages(prefix_path) check parameters
[6.183s] Level 1:colcon.colcon_core.package_discovery:discover_packages(prefix_path) discover
[6.207s] DEBUG:colcon.colcon_installed_package_information.package_discovery:Found 0 installed packages in /home/ubuntu/ros2_ws_rpi/install
[6.248s] DEBUG:colcon.colcon_installed_package_information.package_discovery:Found 293 installed packages in /opt/ros/humble
[6.295s] Level 1:colcon.colcon_core.package_discovery:discover_packages(prefix_path) using defaults
[7.324s] Level 5:colcon.colcon_core.verb:set package 'mpu6050_ros' build argument 'cmake_args' from command line to 'None'
[7.325s] Level 5:colcon.colcon_core.verb:set package 'mpu6050_ros' build argument 'cmake_target' from command line to 'None'
[7.326s] Level 5:colcon.colcon_core.verb:set package 'mpu6050_ros' build argument 'cmake_target_skip_unavailable' from command line to 'False'
[7.326s] Level 5:colcon.colcon_core.verb:set package 'mpu6050_ros' build argument 'cmake_clean_cache' from command line to 'False'
[7.327s] Level 5:colcon.colcon_core.verb:set package 'mpu6050_ros' build argument 'cmake_clean_first' from command line to 'False'
[7.327s] Level 5:colcon.colcon_core.verb:set package 'mpu6050_ros' build argument 'cmake_force_configure' from command line to 'False'
[7.328s] Level 5:colcon.colcon_core.verb:set package 'mpu6050_ros' build argument 'ament_cmake_args' from command line to 'None'
[7.328s] Level 5:colcon.colcon_core.verb:set package 'mpu6050_ros' build argument 'catkin_cmake_args' from command line to 'None'
[7.329s] Level 5:colcon.colcon_core.verb:set package 'mpu6050_ros' build argument 'catkin_skip_building_tests' from command line to 'False'
[7.329s] DEBUG:colcon.colcon_core.verb:Building package 'mpu6050_ros' with the following arguments: {'ament_cmake_args': None, 'build_base': '/home/ubuntu/ros2_ws_rpi/build/mpu6050_ros', 'catkin_cmake_args': None, 'catkin_skip_building_tests': False, 'cmake_args': None, 'cmake_clean_cache': False, 'cmake_clean_first': False, 'cmake_force_configure': False, 'cmake_target': None, 'cmake_target_skip_unavailable': False, 'install_base': '/home/ubuntu/ros2_ws_rpi/install/mpu6050_ros', 'merge_install': False, 'path': '/home/ubuntu/ros2_ws_rpi/src/mpu6050_ros', 'symlink_install': False, 'test_result_base': None}
[7.332s] INFO:colcon.colcon_core.executor:Executing jobs using 'parallel' executor
[7.344s] DEBUG:colcon.colcon_parallel_executor.executor.parallel:run_until_complete
[7.347s] INFO:colcon.colcon_ros.task.ament_python.build:Building ROS package in '/home/ubuntu/ros2_ws_rpi/src/mpu6050_ros' with build type 'ament_python'
[7.351s] Level 1:colcon.colcon_core.shell:create_environment_hook('mpu6050_ros', 'ament_prefix_path')
[7.388s] INFO:colcon.colcon_core.plugin_system:Skipping extension 'colcon_core.shell.bat': Not used on non-Windows systems
[7.391s] INFO:colcon.colcon_core.shell:Creating environment hook '/home/ubuntu/ros2_ws_rpi/install/mpu6050_ros/share/mpu6050_ros/hook/ament_prefix_path.ps1'
[7.405s] INFO:colcon.colcon_core.shell:Creating environment descriptor '/home/ubuntu/ros2_ws_rpi/install/mpu6050_ros/share/mpu6050_ros/hook/ament_prefix_path.dsv'
[7.414s] INFO:colcon.colcon_core.shell:Creating environment hook '/home/ubuntu/ros2_ws_rpi/install/mpu6050_ros/share/mpu6050_ros/hook/ament_prefix_path.sh'
[7.428s] INFO:colcon.colcon_core.shell:Skip shell extension 'powershell' for command environment: Not usable outside of PowerShell
[7.429s] DEBUG:colcon.colcon_core.shell:Skip shell extension 'dsv' for command environment
[12.785s] INFO:colcon.colcon_core.task.python.build:Building Python package in '/home/ubuntu/ros2_ws_rpi/src/mpu6050_ros'
[12.790s] INFO:colcon.colcon_core.shell:Skip shell extension 'powershell' for command environment: Not usable outside of PowerShell
[12.791s] DEBUG:colcon.colcon_core.shell:Skip shell extension 'dsv' for command environment
[23.018s] DEBUG:colcon.colcon_core.event_handler.log_command:Invoking command in '/home/ubuntu/ros2_ws_rpi/src/mpu6050_ros': PYTHONPATH=/home/ubuntu/ros2_ws_rpi/build/mpu6050_ros/prefix_override:/usr/lib/python3/dist-packages/colcon_core/task/python/colcon_distutils_commands:/home/ubuntu/ros2_ws_rpi/install/mpu6050_ros/lib/python3.10/site-packages:${PYTHONPATH} /usr/bin/python3 -W ignore:setup.py install is deprecated setup.py egg_info --egg-base ../../build/mpu6050_ros build --build-base /home/ubuntu/ros2_ws_rpi/build/mpu6050_ros/build install --record /home/ubuntu/ros2_ws_rpi/build/mpu6050_ros/install.log --single-version-externally-managed install_data
[28.939s] DEBUG:colcon.colcon_core.event_handler.log_command:Invoked command in '/home/ubuntu/ros2_ws_rpi/src/mpu6050_ros' returned '0': PYTHONPATH=/home/ubuntu/ros2_ws_rpi/build/mpu6050_ros/prefix_override:/usr/lib/python3/dist-packages/colcon_core/task/python/colcon_distutils_commands:/home/ubuntu/ros2_ws_rpi/install/mpu6050_ros/lib/python3.10/site-packages:${PYTHONPATH} /usr/bin/python3 -W ignore:setup.py install is deprecated setup.py egg_info --egg-base ../../build/mpu6050_ros build --build-base /home/ubuntu/ros2_ws_rpi/build/mpu6050_ros/build install --record /home/ubuntu/ros2_ws_rpi/build/mpu6050_ros/install.log --single-version-externally-managed install_data
[29.018s] Level 1:colcon.colcon_core.environment:checking '/home/ubuntu/ros2_ws_rpi/install/mpu6050_ros' for CMake module files
[29.027s] Level 1:colcon.colcon_core.environment:checking '/home/ubuntu/ros2_ws_rpi/install/mpu6050_ros' for CMake config files
[29.041s] Level 1:colcon.colcon_core.environment:checking '/home/ubuntu/ros2_ws_rpi/install/mpu6050_ros/lib'
[29.044s] Level 1:colcon.colcon_core.environment:checking '/home/ubuntu/ros2_ws_rpi/install/mpu6050_ros/bin'
[29.045s] Level 1:colcon.colcon_core.environment:checking '/home/ubuntu/ros2_ws_rpi/install/mpu6050_ros/lib/pkgconfig/mpu6050_ros.pc'
[29.049s] Level 1:colcon.colcon_core.environment:checking '/home/ubuntu/ros2_ws_rpi/install/mpu6050_ros/lib/python3.10/site-packages'
[29.051s] Level 1:colcon.colcon_core.shell:create_environment_hook('mpu6050_ros', 'pythonpath')
[29.055s] INFO:colcon.colcon_core.shell:Creating environment hook '/home/ubuntu/ros2_ws_rpi/install/mpu6050_ros/share/mpu6050_ros/hook/pythonpath.ps1'
[29.063s] INFO:colcon.colcon_core.shell:Creating environment descriptor '/home/ubuntu/ros2_ws_rpi/install/mpu6050_ros/share/mpu6050_ros/hook/pythonpath.dsv'
[29.068s] INFO:colcon.colcon_core.shell:Creating environment hook '/home/ubuntu/ros2_ws_rpi/install/mpu6050_ros/share/mpu6050_ros/hook/pythonpath.sh'
[29.077s] Level 1:colcon.colcon_core.environment:checking '/home/ubuntu/ros2_ws_rpi/install/mpu6050_ros/bin'
[29.079s] Level 1:colcon.colcon_core.environment:create_environment_scripts_only(mpu6050_ros)
[29.085s] INFO:colcon.colcon_core.shell:Creating package script '/home/ubuntu/ros2_ws_rpi/install/mpu6050_ros/share/mpu6050_ros/package.ps1'
[29.100s] INFO:colcon.colcon_core.shell:Creating package descriptor '/home/ubuntu/ros2_ws_rpi/install/mpu6050_ros/share/mpu6050_ros/package.dsv'
[29.111s] INFO:colcon.colcon_core.shell:Creating package script '/home/ubuntu/ros2_ws_rpi/install/mpu6050_ros/share/mpu6050_ros/package.sh'
[29.126s] INFO:colcon.colcon_core.shell:Creating package script '/home/ubuntu/ros2_ws_rpi/install/mpu6050_ros/share/mpu6050_ros/package.bash'
[29.141s] INFO:colcon.colcon_core.shell:Creating package script '/home/ubuntu/ros2_ws_rpi/install/mpu6050_ros/share/mpu6050_ros/package.zsh'
[29.154s] Level 1:colcon.colcon_core.environment:create_file_with_runtime_dependencies(/home/ubuntu/ros2_ws_rpi/install/mpu6050_ros/share/colcon-core/packages/mpu6050_ros)
[29.159s] DEBUG:colcon.colcon_parallel_executor.executor.parallel:closing loop
[29.164s] DEBUG:colcon.colcon_parallel_executor.executor.parallel:loop closed
[29.165s] DEBUG:colcon.colcon_parallel_executor.executor.parallel:run_until_complete finished with '0'
[29.167s] DEBUG:colcon.colcon_core.event_reactor:joining thread
[29.244s] INFO:colcon.colcon_core.plugin_system:Skipping extension 'colcon_notification.desktop_notification.notify_send': Could not find 'notify-send'
[29.246s] INFO:colcon.colcon_core.plugin_system:Skipping extension 'colcon_notification.desktop_notification.terminal_notifier': Not used on non-Darwin systems
[29.247s] INFO:colcon.colcon_core.plugin_system:Skipping extension 'colcon_notification.desktop_notification.win32': Not used on non-Windows systems
[29.248s] INFO:colcon.colcon_notification.desktop_notification:Sending desktop notification using 'notify2'
[29.259s] DEBUG:colcon.colcon_notification.desktop_notification.notify2:Failed to initialize notify2: org.freedesktop.DBus.Error.ServiceUnknown: The name org.freedesktop.Notifications was not provided by any .service files
[29.260s] DEBUG:colcon.colcon_core.event_reactor:joined thread
[29.264s] INFO:colcon.colcon_core.shell:Creating prefix script '/home/ubuntu/ros2_ws_rpi/install/local_setup.ps1'
[29.280s] INFO:colcon.colcon_core.shell:Creating prefix util module '/home/ubuntu/ros2_ws_rpi/install/_local_setup_util_ps1.py'
[29.305s] INFO:colcon.colcon_core.shell:Creating prefix chain script '/home/ubuntu/ros2_ws_rpi/install/setup.ps1'
[29.322s] INFO:colcon.colcon_core.shell:Creating prefix script '/home/ubuntu/ros2_ws_rpi/install/local_setup.sh'
[29.332s] INFO:colcon.colcon_core.shell:Creating prefix util module '/home/ubuntu/ros2_ws_rpi/install/_local_setup_util_sh.py'
[29.340s] INFO:colcon.colcon_core.shell:Creating prefix chain script '/home/ubuntu/ros2_ws_rpi/install/setup.sh'
[29.357s] INFO:colcon.colcon_core.shell:Creating prefix script '/home/ubuntu/ros2_ws_rpi/install/local_setup.bash'
[29.366s] INFO:colcon.colcon_core.shell:Creating prefix chain script '/home/ubuntu/ros2_ws_rpi/install/setup.bash'
[29.387s] INFO:colcon.colcon_core.shell:Creating prefix script '/home/ubuntu/ros2_ws_rpi/install/local_setup.zsh'
[29.396s] INFO:colcon.colcon_core.shell:Creating prefix chain script '/home/ubuntu/ros2_ws_rpi/install/setup.zsh'
