[0.410s] DEBUG:colcon:Command line arguments: ['/usr/bin/colcon', 'build']
[0.410s] DEBUG:colcon:Parsed command line arguments: Namespace(log_base=None, log_level=None, verb_name='build', build_base='build', install_base='install', merge_install=False, symlink_install=False, test_result_base=None, continue_on_error=False, executor='parallel', parallel_workers=4, event_handlers=None, ignore_user_meta=False, metas=['./colcon.meta'], base_paths=['.'], packages_ignore=None, packages_ignore_regex=None, paths=None, packages_up_to=None, packages_up_to_regex=None, packages_above=None, packages_above_and_dependencies=None, packages_above_depth=None, packages_select_by_dep=None, packages_skip_by_dep=None, packages_skip_up_to=None, packages_select_build_failed=False, packages_skip_build_finished=False, packages_select_test_failures=False, packages_skip_test_passed=False, packages_select=None, packages_skip=None, packages_select_regex=None, packages_skip_regex=None, packages_start=None, packages_end=None, allow_overriding=[], cmake_args=None, cmake_target=None, cmake_target_skip_unavailable=False, cmake_clean_cache=False, cmake_clean_first=False, cmake_force_configure=False, ament_cmake_args=None, catkin_cmake_args=None, catkin_skip_building_tests=False, mixin_files=None, mixin=None, verb_parser=<colcon_mixin.mixin.mixin_argument.MixinArgumentDecorator object at 0x7ce0c006e8c0>, verb_extension=<colcon_core.verb.build.BuildVerb object at 0x7ce0c01ebfa0>, main=<bound method BuildVerb.main of <colcon_core.verb.build.BuildVerb object at 0x7ce0c01ebfa0>>, mixin_verb=('build',))
[1.239s] Level 1:colcon.colcon_core.package_discovery:discover_packages(colcon_meta) check parameters
[1.239s] Level 1:colcon.colcon_core.package_discovery:discover_packages(recursive) check parameters
[1.240s] Level 1:colcon.colcon_core.package_discovery:discover_packages(ignore) check parameters
[1.240s] Level 1:colcon.colcon_core.package_discovery:discover_packages(path) check parameters
[1.240s] Level 1:colcon.colcon_core.package_discovery:discover_packages(colcon_meta) discover
[1.240s] Level 1:colcon.colcon_core.package_discovery:discover_packages(recursive) discover
[1.240s] INFO:colcon.colcon_core.package_discovery:Crawling recursively for packages in '/home/sagar/Developer/Robotics/Getting-Started-with-ROS2-A-Tutorial-Series/workspace/ros2_ws'
[1.240s] Level 1:colcon.colcon_core.package_identification:_identify(.) by extensions ['ignore', 'ignore_ament_install']
[1.241s] Level 1:colcon.colcon_core.package_identification:_identify(.) by extension 'ignore'
[1.241s] Level 1:colcon.colcon_core.package_identification:_identify(.) by extension 'ignore_ament_install'
[1.241s] Level 1:colcon.colcon_core.package_identification:_identify(.) by extensions ['colcon_pkg']
[1.241s] Level 1:colcon.colcon_core.package_identification:_identify(.) by extension 'colcon_pkg'
[1.241s] Level 1:colcon.colcon_core.package_identification:_identify(.) by extensions ['colcon_meta']
[1.241s] Level 1:colcon.colcon_core.package_identification:_identify(.) by extension 'colcon_meta'
[1.241s] Level 1:colcon.colcon_core.package_identification:_identify(.) by extensions ['ros']
[1.241s] Level 1:colcon.colcon_core.package_identification:_identify(.) by extension 'ros'
[1.276s] Level 1:colcon.colcon_core.package_identification:_identify(.) by extensions ['cmake', 'python']
[1.277s] Level 1:colcon.colcon_core.package_identification:_identify(.) by extension 'cmake'
[1.277s] Level 1:colcon.colcon_core.package_identification:_identify(.) by extension 'python'
[1.277s] Level 1:colcon.colcon_core.package_identification:_identify(.) by extensions ['python_setup_py']
[1.277s] Level 1:colcon.colcon_core.package_identification:_identify(.) by extension 'python_setup_py'
[1.277s] Level 1:colcon.colcon_core.package_identification:_identify(build) by extensions ['ignore', 'ignore_ament_install']
[1.278s] Level 1:colcon.colcon_core.package_identification:_identify(build) by extension 'ignore'
[1.278s] Level 1:colcon.colcon_core.package_identification:_identify(build) ignored
[1.278s] Level 1:colcon.colcon_core.package_identification:_identify(install) by extensions ['ignore', 'ignore_ament_install']
[1.278s] Level 1:colcon.colcon_core.package_identification:_identify(install) by extension 'ignore'
[1.278s] Level 1:colcon.colcon_core.package_identification:_identify(install) ignored
[1.279s] Level 1:colcon.colcon_core.package_identification:_identify(log) by extensions ['ignore', 'ignore_ament_install']
[1.279s] Level 1:colcon.colcon_core.package_identification:_identify(log) by extension 'ignore'
[1.279s] Level 1:colcon.colcon_core.package_identification:_identify(log) ignored
[1.279s] Level 1:colcon.colcon_core.package_identification:_identify(src) by extensions ['ignore', 'ignore_ament_install']
[1.279s] Level 1:colcon.colcon_core.package_identification:_identify(src) by extension 'ignore'
[1.279s] Level 1:colcon.colcon_core.package_identification:_identify(src) by extension 'ignore_ament_install'
[1.280s] Level 1:colcon.colcon_core.package_identification:_identify(src) by extensions ['colcon_pkg']
[1.280s] Level 1:colcon.colcon_core.package_identification:_identify(src) by extension 'colcon_pkg'
[1.280s] Level 1:colcon.colcon_core.package_identification:_identify(src) by extensions ['colcon_meta']
[1.280s] Level 1:colcon.colcon_core.package_identification:_identify(src) by extension 'colcon_meta'
[1.280s] Level 1:colcon.colcon_core.package_identification:_identify(src) by extensions ['ros']
[1.280s] Level 1:colcon.colcon_core.package_identification:_identify(src) by extension 'ros'
[1.280s] Level 1:colcon.colcon_core.package_identification:_identify(src) by extensions ['cmake', 'python']
[1.281s] Level 1:colcon.colcon_core.package_identification:_identify(src) by extension 'cmake'
[1.281s] Level 1:colcon.colcon_core.package_identification:_identify(src) by extension 'python'
[1.281s] Level 1:colcon.colcon_core.package_identification:_identify(src) by extensions ['python_setup_py']
[1.281s] Level 1:colcon.colcon_core.package_identification:_identify(src) by extension 'python_setup_py'
[1.281s] Level 1:colcon.colcon_core.package_identification:_identify(src/battery_status) by extensions ['ignore', 'ignore_ament_install']
[1.281s] Level 1:colcon.colcon_core.package_identification:_identify(src/battery_status) by extension 'ignore'
[1.282s] Level 1:colcon.colcon_core.package_identification:_identify(src/battery_status) by extension 'ignore_ament_install'
[1.282s] Level 1:colcon.colcon_core.package_identification:_identify(src/battery_status) by extensions ['colcon_pkg']
[1.282s] Level 1:colcon.colcon_core.package_identification:_identify(src/battery_status) by extension 'colcon_pkg'
[1.282s] Level 1:colcon.colcon_core.package_identification:_identify(src/battery_status) by extensions ['colcon_meta']
[1.282s] Level 1:colcon.colcon_core.package_identification:_identify(src/battery_status) by extension 'colcon_meta'
[1.282s] Level 1:colcon.colcon_core.package_identification:_identify(src/battery_status) by extensions ['ros']
[1.282s] Level 1:colcon.colcon_core.package_identification:_identify(src/battery_status) by extension 'ros'
[1.291s] DEBUG:colcon.colcon_core.package_identification:Package 'src/battery_status' with type 'ros.ament_python' and name 'battery_status'
[1.291s] Level 1:colcon.colcon_core.package_identification:_identify(src/pub_sub_tutorial) by extensions ['ignore', 'ignore_ament_install']
[1.292s] Level 1:colcon.colcon_core.package_identification:_identify(src/pub_sub_tutorial) by extension 'ignore'
[1.292s] Level 1:colcon.colcon_core.package_identification:_identify(src/pub_sub_tutorial) by extension 'ignore_ament_install'
[1.292s] Level 1:colcon.colcon_core.package_identification:_identify(src/pub_sub_tutorial) by extensions ['colcon_pkg']
[1.292s] Level 1:colcon.colcon_core.package_identification:_identify(src/pub_sub_tutorial) by extension 'colcon_pkg'
[1.292s] Level 1:colcon.colcon_core.package_identification:_identify(src/pub_sub_tutorial) by extensions ['colcon_meta']
[1.292s] Level 1:colcon.colcon_core.package_identification:_identify(src/pub_sub_tutorial) by extension 'colcon_meta'
[1.293s] Level 1:colcon.colcon_core.package_identification:_identify(src/pub_sub_tutorial) by extensions ['ros']
[1.293s] Level 1:colcon.colcon_core.package_identification:_identify(src/pub_sub_tutorial) by extension 'ros'
[1.296s] DEBUG:colcon.colcon_core.package_identification:Package 'src/pub_sub_tutorial' with type 'ros.ament_python' and name 'pub_sub_tutorial'
[1.296s] Level 1:colcon.colcon_core.package_identification:_identify(src/rotate_turtle_action_client) by extensions ['ignore', 'ignore_ament_install']
[1.296s] Level 1:colcon.colcon_core.package_identification:_identify(src/rotate_turtle_action_client) by extension 'ignore'
[1.296s] Level 1:colcon.colcon_core.package_identification:_identify(src/rotate_turtle_action_client) by extension 'ignore_ament_install'
[1.297s] Level 1:colcon.colcon_core.package_identification:_identify(src/rotate_turtle_action_client) by extensions ['colcon_pkg']
[1.297s] Level 1:colcon.colcon_core.package_identification:_identify(src/rotate_turtle_action_client) by extension 'colcon_pkg'
[1.297s] Level 1:colcon.colcon_core.package_identification:_identify(src/rotate_turtle_action_client) by extensions ['colcon_meta']
[1.297s] Level 1:colcon.colcon_core.package_identification:_identify(src/rotate_turtle_action_client) by extension 'colcon_meta'
[1.297s] Level 1:colcon.colcon_core.package_identification:_identify(src/rotate_turtle_action_client) by extensions ['ros']
[1.297s] Level 1:colcon.colcon_core.package_identification:_identify(src/rotate_turtle_action_client) by extension 'ros'
[1.300s] DEBUG:colcon.colcon_core.package_identification:Package 'src/rotate_turtle_action_client' with type 'ros.ament_python' and name 'rotate_turtle_action_client'
[1.300s] Level 1:colcon.colcon_core.package_identification:_identify(src/simple_node_example) by extensions ['ignore', 'ignore_ament_install']
[1.300s] Level 1:colcon.colcon_core.package_identification:_identify(src/simple_node_example) by extension 'ignore'
[1.300s] Level 1:colcon.colcon_core.package_identification:_identify(src/simple_node_example) by extension 'ignore_ament_install'
[1.301s] Level 1:colcon.colcon_core.package_identification:_identify(src/simple_node_example) by extensions ['colcon_pkg']
[1.301s] Level 1:colcon.colcon_core.package_identification:_identify(src/simple_node_example) by extension 'colcon_pkg'
[1.301s] Level 1:colcon.colcon_core.package_identification:_identify(src/simple_node_example) by extensions ['colcon_meta']
[1.301s] Level 1:colcon.colcon_core.package_identification:_identify(src/simple_node_example) by extension 'colcon_meta'
[1.301s] Level 1:colcon.colcon_core.package_identification:_identify(src/simple_node_example) by extensions ['ros']
[1.301s] Level 1:colcon.colcon_core.package_identification:_identify(src/simple_node_example) by extension 'ros'
[1.303s] DEBUG:colcon.colcon_core.package_identification:Package 'src/simple_node_example' with type 'ros.ament_python' and name 'simple_node_example'
[1.303s] Level 1:colcon.colcon_core.package_discovery:discover_packages(recursive) using defaults
[1.304s] Level 1:colcon.colcon_core.package_discovery:discover_packages(ignore) discover
[1.304s] Level 1:colcon.colcon_core.package_discovery:discover_packages(ignore) using defaults
[1.304s] Level 1:colcon.colcon_core.package_discovery:discover_packages(path) discover
[1.304s] Level 1:colcon.colcon_core.package_discovery:discover_packages(path) using defaults
[1.413s] Level 1:colcon.colcon_core.package_discovery:discover_packages(prefix_path) check parameters
[1.413s] Level 1:colcon.colcon_core.package_discovery:discover_packages(prefix_path) discover
[1.417s] WARNING:colcon.colcon_ros.prefix_path.ament:The path '/home/sagar/Developer/Robotics/Getting-Started-with-ROS2-A-Tutorial-Series/workspace/ros2_ws/install/rotate_turtle_action_client' in the environment variable AMENT_PREFIX_PATH doesn't exist
[1.417s] WARNING:colcon.colcon_ros.prefix_path.ament:The path '/home/sagar/Developer/Robotics/Getting-Started-with-ROS2-A-Tutorial-Series/workspace/ros2_ws/install/pub_sub_tutorial' in the environment variable AMENT_PREFIX_PATH doesn't exist
[1.417s] WARNING:colcon.colcon_ros.prefix_path.ament:The path '/home/sagar/Developer/Robotics/Getting-Started-with-ROS2-A-Tutorial-Series/workspace/ros2_ws/install/my_tutorials' in the environment variable AMENT_PREFIX_PATH doesn't exist
[1.417s] WARNING:colcon.colcon_ros.prefix_path.ament:The path '/home/sagar/Developer/Robotics/Getting-Started-with-ROS2-A-Tutorial-Series/workspace/ros2_ws/install/battery_status' in the environment variable AMENT_PREFIX_PATH doesn't exist
[1.420s] DEBUG:colcon.colcon_installed_package_information.package_discovery:Found 0 installed packages in /home/sagar/Developer/Robotics/Getting-Started-with-ROS2-A-Tutorial-Series/workspace/ros2_ws/install
[1.425s] DEBUG:colcon.colcon_installed_package_information.package_discovery:Found 304 installed packages in /opt/ros/humble
[1.432s] Level 1:colcon.colcon_core.package_discovery:discover_packages(prefix_path) using defaults
[1.586s] Level 5:colcon.colcon_core.verb:set package 'battery_status' build argument 'cmake_args' from command line to 'None'
[1.586s] Level 5:colcon.colcon_core.verb:set package 'battery_status' build argument 'cmake_target' from command line to 'None'
[1.586s] Level 5:colcon.colcon_core.verb:set package 'battery_status' build argument 'cmake_target_skip_unavailable' from command line to 'False'
[1.586s] Level 5:colcon.colcon_core.verb:set package 'battery_status' build argument 'cmake_clean_cache' from command line to 'False'
[1.586s] Level 5:colcon.colcon_core.verb:set package 'battery_status' build argument 'cmake_clean_first' from command line to 'False'
[1.586s] Level 5:colcon.colcon_core.verb:set package 'battery_status' build argument 'cmake_force_configure' from command line to 'False'
[1.586s] Level 5:colcon.colcon_core.verb:set package 'battery_status' build argument 'ament_cmake_args' from command line to 'None'
[1.586s] Level 5:colcon.colcon_core.verb:set package 'battery_status' build argument 'catkin_cmake_args' from command line to 'None'
[1.587s] Level 5:colcon.colcon_core.verb:set package 'battery_status' build argument 'catkin_skip_building_tests' from command line to 'False'
[1.587s] DEBUG:colcon.colcon_core.verb:Building package 'battery_status' with the following arguments: {'ament_cmake_args': None, 'build_base': '/home/sagar/Developer/Robotics/Getting-Started-with-ROS2-A-Tutorial-Series/workspace/ros2_ws/build/battery_status', 'catkin_cmake_args': None, 'catkin_skip_building_tests': False, 'cmake_args': None, 'cmake_clean_cache': False, 'cmake_clean_first': False, 'cmake_force_configure': False, 'cmake_target': None, 'cmake_target_skip_unavailable': False, 'install_base': '/home/sagar/Developer/Robotics/Getting-Started-with-ROS2-A-Tutorial-Series/workspace/ros2_ws/install/battery_status', 'merge_install': False, 'path': '/home/sagar/Developer/Robotics/Getting-Started-with-ROS2-A-Tutorial-Series/workspace/ros2_ws/src/battery_status', 'symlink_install': False, 'test_result_base': None}
[1.588s] Level 5:colcon.colcon_core.verb:set package 'pub_sub_tutorial' build argument 'cmake_args' from command line to 'None'
[1.588s] Level 5:colcon.colcon_core.verb:set package 'pub_sub_tutorial' build argument 'cmake_target' from command line to 'None'
[1.589s] Level 5:colcon.colcon_core.verb:set package 'pub_sub_tutorial' build argument 'cmake_target_skip_unavailable' from command line to 'False'
[1.589s] Level 5:colcon.colcon_core.verb:set package 'pub_sub_tutorial' build argument 'cmake_clean_cache' from command line to 'False'
[1.589s] Level 5:colcon.colcon_core.verb:set package 'pub_sub_tutorial' build argument 'cmake_clean_first' from command line to 'False'
[1.589s] Level 5:colcon.colcon_core.verb:set package 'pub_sub_tutorial' build argument 'cmake_force_configure' from command line to 'False'
[1.589s] Level 5:colcon.colcon_core.verb:set package 'pub_sub_tutorial' build argument 'ament_cmake_args' from command line to 'None'
[1.589s] Level 5:colcon.colcon_core.verb:set package 'pub_sub_tutorial' build argument 'catkin_cmake_args' from command line to 'None'
[1.589s] Level 5:colcon.colcon_core.verb:set package 'pub_sub_tutorial' build argument 'catkin_skip_building_tests' from command line to 'False'
[1.589s] DEBUG:colcon.colcon_core.verb:Building package 'pub_sub_tutorial' with the following arguments: {'ament_cmake_args': None, 'build_base': '/home/sagar/Developer/Robotics/Getting-Started-with-ROS2-A-Tutorial-Series/workspace/ros2_ws/build/pub_sub_tutorial', 'catkin_cmake_args': None, 'catkin_skip_building_tests': False, 'cmake_args': None, 'cmake_clean_cache': False, 'cmake_clean_first': False, 'cmake_force_configure': False, 'cmake_target': None, 'cmake_target_skip_unavailable': False, 'install_base': '/home/sagar/Developer/Robotics/Getting-Started-with-ROS2-A-Tutorial-Series/workspace/ros2_ws/install/pub_sub_tutorial', 'merge_install': False, 'path': '/home/sagar/Developer/Robotics/Getting-Started-with-ROS2-A-Tutorial-Series/workspace/ros2_ws/src/pub_sub_tutorial', 'symlink_install': False, 'test_result_base': None}
[1.591s] Level 5:colcon.colcon_core.verb:set package 'rotate_turtle_action_client' build argument 'cmake_args' from command line to 'None'
[1.591s] Level 5:colcon.colcon_core.verb:set package 'rotate_turtle_action_client' build argument 'cmake_target' from command line to 'None'
[1.591s] Level 5:colcon.colcon_core.verb:set package 'rotate_turtle_action_client' build argument 'cmake_target_skip_unavailable' from command line to 'False'
[1.591s] Level 5:colcon.colcon_core.verb:set package 'rotate_turtle_action_client' build argument 'cmake_clean_cache' from command line to 'False'
[1.591s] Level 5:colcon.colcon_core.verb:set package 'rotate_turtle_action_client' build argument 'cmake_clean_first' from command line to 'False'
[1.591s] Level 5:colcon.colcon_core.verb:set package 'rotate_turtle_action_client' build argument 'cmake_force_configure' from command line to 'False'
[1.591s] Level 5:colcon.colcon_core.verb:set package 'rotate_turtle_action_client' build argument 'ament_cmake_args' from command line to 'None'
[1.591s] Level 5:colcon.colcon_core.verb:set package 'rotate_turtle_action_client' build argument 'catkin_cmake_args' from command line to 'None'
[1.591s] Level 5:colcon.colcon_core.verb:set package 'rotate_turtle_action_client' build argument 'catkin_skip_building_tests' from command line to 'False'
[1.591s] DEBUG:colcon.colcon_core.verb:Building package 'rotate_turtle_action_client' with the following arguments: {'ament_cmake_args': None, 'build_base': '/home/sagar/Developer/Robotics/Getting-Started-with-ROS2-A-Tutorial-Series/workspace/ros2_ws/build/rotate_turtle_action_client', 'catkin_cmake_args': None, 'catkin_skip_building_tests': False, 'cmake_args': None, 'cmake_clean_cache': False, 'cmake_clean_first': False, 'cmake_force_configure': False, 'cmake_target': None, 'cmake_target_skip_unavailable': False, 'install_base': '/home/sagar/Developer/Robotics/Getting-Started-with-ROS2-A-Tutorial-Series/workspace/ros2_ws/install/rotate_turtle_action_client', 'merge_install': False, 'path': '/home/sagar/Developer/Robotics/Getting-Started-with-ROS2-A-Tutorial-Series/workspace/ros2_ws/src/rotate_turtle_action_client', 'symlink_install': False, 'test_result_base': None}
[1.592s] Level 5:colcon.colcon_core.verb:set package 'simple_node_example' build argument 'cmake_args' from command line to 'None'
[1.593s] Level 5:colcon.colcon_core.verb:set package 'simple_node_example' build argument 'cmake_target' from command line to 'None'
[1.593s] Level 5:colcon.colcon_core.verb:set package 'simple_node_example' build argument 'cmake_target_skip_unavailable' from command line to 'False'
[1.593s] Level 5:colcon.colcon_core.verb:set package 'simple_node_example' build argument 'cmake_clean_cache' from command line to 'False'
[1.593s] Level 5:colcon.colcon_core.verb:set package 'simple_node_example' build argument 'cmake_clean_first' from command line to 'False'
[1.593s] Level 5:colcon.colcon_core.verb:set package 'simple_node_example' build argument 'cmake_force_configure' from command line to 'False'
[1.593s] Level 5:colcon.colcon_core.verb:set package 'simple_node_example' build argument 'ament_cmake_args' from command line to 'None'
[1.593s] Level 5:colcon.colcon_core.verb:set package 'simple_node_example' build argument 'catkin_cmake_args' from command line to 'None'
[1.593s] Level 5:colcon.colcon_core.verb:set package 'simple_node_example' build argument 'catkin_skip_building_tests' from command line to 'False'
[1.593s] DEBUG:colcon.colcon_core.verb:Building package 'simple_node_example' with the following arguments: {'ament_cmake_args': None, 'build_base': '/home/sagar/Developer/Robotics/Getting-Started-with-ROS2-A-Tutorial-Series/workspace/ros2_ws/build/simple_node_example', 'catkin_cmake_args': None, 'catkin_skip_building_tests': False, 'cmake_args': None, 'cmake_clean_cache': False, 'cmake_clean_first': False, 'cmake_force_configure': False, 'cmake_target': None, 'cmake_target_skip_unavailable': False, 'install_base': '/home/sagar/Developer/Robotics/Getting-Started-with-ROS2-A-Tutorial-Series/workspace/ros2_ws/install/simple_node_example', 'merge_install': False, 'path': '/home/sagar/Developer/Robotics/Getting-Started-with-ROS2-A-Tutorial-Series/workspace/ros2_ws/src/simple_node_example', 'symlink_install': False, 'test_result_base': None}
[1.594s] INFO:colcon.colcon_core.executor:Executing jobs using 'parallel' executor
[1.596s] DEBUG:colcon.colcon_parallel_executor.executor.parallel:run_until_complete
[1.597s] INFO:colcon.colcon_ros.task.ament_python.build:Building ROS package in '/home/sagar/Developer/Robotics/Getting-Started-with-ROS2-A-Tutorial-Series/workspace/ros2_ws/src/battery_status' with build type 'ament_python'
[1.597s] Level 1:colcon.colcon_core.shell:create_environment_hook('battery_status', 'ament_prefix_path')
[1.605s] INFO:colcon.colcon_core.plugin_system:Skipping extension 'colcon_core.shell.bat': Not used on non-Windows systems
[1.606s] INFO:colcon.colcon_core.shell:Creating environment hook '/home/sagar/Developer/Robotics/Getting-Started-with-ROS2-A-Tutorial-Series/workspace/ros2_ws/install/battery_status/share/battery_status/hook/ament_prefix_path.ps1'
[1.609s] INFO:colcon.colcon_core.shell:Creating environment descriptor '/home/sagar/Developer/Robotics/Getting-Started-with-ROS2-A-Tutorial-Series/workspace/ros2_ws/install/battery_status/share/battery_status/hook/ament_prefix_path.dsv'
[1.610s] INFO:colcon.colcon_core.shell:Creating environment hook '/home/sagar/Developer/Robotics/Getting-Started-with-ROS2-A-Tutorial-Series/workspace/ros2_ws/install/battery_status/share/battery_status/hook/ament_prefix_path.sh'
[1.614s] INFO:colcon.colcon_core.shell:Skip shell extension 'powershell' for command environment: Not usable outside of PowerShell
[1.614s] DEBUG:colcon.colcon_core.shell:Skip shell extension 'dsv' for command environment
[1.625s] INFO:colcon.colcon_ros.task.ament_python.build:Building ROS package in '/home/sagar/Developer/Robotics/Getting-Started-with-ROS2-A-Tutorial-Series/workspace/ros2_ws/src/pub_sub_tutorial' with build type 'ament_python'
[1.625s] Level 1:colcon.colcon_core.shell:create_environment_hook('pub_sub_tutorial', 'ament_prefix_path')
[1.626s] INFO:colcon.colcon_core.shell:Creating environment hook '/home/sagar/Developer/Robotics/Getting-Started-with-ROS2-A-Tutorial-Series/workspace/ros2_ws/install/pub_sub_tutorial/share/pub_sub_tutorial/hook/ament_prefix_path.ps1'
[1.628s] INFO:colcon.colcon_core.shell:Creating environment descriptor '/home/sagar/Developer/Robotics/Getting-Started-with-ROS2-A-Tutorial-Series/workspace/ros2_ws/install/pub_sub_tutorial/share/pub_sub_tutorial/hook/ament_prefix_path.dsv'
[1.630s] INFO:colcon.colcon_core.shell:Creating environment hook '/home/sagar/Developer/Robotics/Getting-Started-with-ROS2-A-Tutorial-Series/workspace/ros2_ws/install/pub_sub_tutorial/share/pub_sub_tutorial/hook/ament_prefix_path.sh'
[1.632s] INFO:colcon.colcon_core.shell:Skip shell extension 'powershell' for command environment: Not usable outside of PowerShell
[1.632s] DEBUG:colcon.colcon_core.shell:Skip shell extension 'dsv' for command environment
[1.643s] INFO:colcon.colcon_ros.task.ament_python.build:Building ROS package in '/home/sagar/Developer/Robotics/Getting-Started-with-ROS2-A-Tutorial-Series/workspace/ros2_ws/src/rotate_turtle_action_client' with build type 'ament_python'
[1.643s] Level 1:colcon.colcon_core.shell:create_environment_hook('rotate_turtle_action_client', 'ament_prefix_path')
[1.644s] INFO:colcon.colcon_core.shell:Creating environment hook '/home/sagar/Developer/Robotics/Getting-Started-with-ROS2-A-Tutorial-Series/workspace/ros2_ws/install/rotate_turtle_action_client/share/rotate_turtle_action_client/hook/ament_prefix_path.ps1'
[1.646s] INFO:colcon.colcon_core.shell:Creating environment descriptor '/home/sagar/Developer/Robotics/Getting-Started-with-ROS2-A-Tutorial-Series/workspace/ros2_ws/install/rotate_turtle_action_client/share/rotate_turtle_action_client/hook/ament_prefix_path.dsv'
[1.648s] INFO:colcon.colcon_core.shell:Creating environment hook '/home/sagar/Developer/Robotics/Getting-Started-with-ROS2-A-Tutorial-Series/workspace/ros2_ws/install/rotate_turtle_action_client/share/rotate_turtle_action_client/hook/ament_prefix_path.sh'
[1.650s] INFO:colcon.colcon_core.shell:Skip shell extension 'powershell' for command environment: Not usable outside of PowerShell
[1.650s] DEBUG:colcon.colcon_core.shell:Skip shell extension 'dsv' for command environment
[1.662s] INFO:colcon.colcon_ros.task.ament_python.build:Building ROS package in '/home/sagar/Developer/Robotics/Getting-Started-with-ROS2-A-Tutorial-Series/workspace/ros2_ws/src/simple_node_example' with build type 'ament_python'
[1.663s] Level 1:colcon.colcon_core.shell:create_environment_hook('simple_node_example', 'ament_prefix_path')
[1.664s] INFO:colcon.colcon_core.shell:Creating environment hook '/home/sagar/Developer/Robotics/Getting-Started-with-ROS2-A-Tutorial-Series/workspace/ros2_ws/install/simple_node_example/share/simple_node_example/hook/ament_prefix_path.ps1'
[1.667s] INFO:colcon.colcon_core.shell:Creating environment descriptor '/home/sagar/Developer/Robotics/Getting-Started-with-ROS2-A-Tutorial-Series/workspace/ros2_ws/install/simple_node_example/share/simple_node_example/hook/ament_prefix_path.dsv'
[1.669s] INFO:colcon.colcon_core.shell:Creating environment hook '/home/sagar/Developer/Robotics/Getting-Started-with-ROS2-A-Tutorial-Series/workspace/ros2_ws/install/simple_node_example/share/simple_node_example/hook/ament_prefix_path.sh'
[1.673s] INFO:colcon.colcon_core.shell:Skip shell extension 'powershell' for command environment: Not usable outside of PowerShell
[1.673s] DEBUG:colcon.colcon_core.shell:Skip shell extension 'dsv' for command environment
[2.721s] INFO:colcon.colcon_core.task.python.build:Building Python package in '/home/sagar/Developer/Robotics/Getting-Started-with-ROS2-A-Tutorial-Series/workspace/ros2_ws/src/battery_status'
[2.722s] INFO:colcon.colcon_core.shell:Skip shell extension 'powershell' for command environment: Not usable outside of PowerShell
[2.722s] DEBUG:colcon.colcon_core.shell:Skip shell extension 'dsv' for command environment
[3.754s] INFO:colcon.colcon_core.task.python.build:Building Python package in '/home/sagar/Developer/Robotics/Getting-Started-with-ROS2-A-Tutorial-Series/workspace/ros2_ws/src/pub_sub_tutorial'
[3.755s] INFO:colcon.colcon_core.shell:Skip shell extension 'powershell' for command environment: Not usable outside of PowerShell
[3.755s] DEBUG:colcon.colcon_core.shell:Skip shell extension 'dsv' for command environment
[4.792s] INFO:colcon.colcon_core.task.python.build:Building Python package in '/home/sagar/Developer/Robotics/Getting-Started-with-ROS2-A-Tutorial-Series/workspace/ros2_ws/src/rotate_turtle_action_client'
[4.793s] INFO:colcon.colcon_core.shell:Skip shell extension 'powershell' for command environment: Not usable outside of PowerShell
[4.794s] DEBUG:colcon.colcon_core.shell:Skip shell extension 'dsv' for command environment
[5.820s] INFO:colcon.colcon_core.task.python.build:Building Python package in '/home/sagar/Developer/Robotics/Getting-Started-with-ROS2-A-Tutorial-Series/workspace/ros2_ws/src/simple_node_example'
[5.821s] INFO:colcon.colcon_core.shell:Skip shell extension 'powershell' for command environment: Not usable outside of PowerShell
[5.822s] DEBUG:colcon.colcon_core.shell:Skip shell extension 'dsv' for command environment
[9.074s] DEBUG:colcon.colcon_core.event_handler.log_command:Invoking command in '/home/sagar/Developer/Robotics/Getting-Started-with-ROS2-A-Tutorial-Series/workspace/ros2_ws/src/battery_status': PYTHONPATH=/home/sagar/Developer/Robotics/Getting-Started-with-ROS2-A-Tutorial-Series/workspace/ros2_ws/build/battery_status/prefix_override:/usr/lib/python3/dist-packages/colcon_core/task/python/colcon_distutils_commands:/home/sagar/Developer/Robotics/Getting-Started-with-ROS2-A-Tutorial-Series/workspace/ros2_ws/install/battery_status/lib/python3.10/site-packages:${PYTHONPATH} /usr/bin/python3 -W ignore:setup.py install is deprecated -W ignore:easy_install command is deprecated setup.py egg_info --egg-base ../../build/battery_status build --build-base /home/sagar/Developer/Robotics/Getting-Started-with-ROS2-A-Tutorial-Series/workspace/ros2_ws/build/battery_status/build install --record /home/sagar/Developer/Robotics/Getting-Started-with-ROS2-A-Tutorial-Series/workspace/ros2_ws/build/battery_status/install.log --single-version-externally-managed install_data
[9.210s] DEBUG:colcon.colcon_core.event_handler.log_command:Invoking command in '/home/sagar/Developer/Robotics/Getting-Started-with-ROS2-A-Tutorial-Series/workspace/ros2_ws/src/pub_sub_tutorial': PYTHONPATH=/home/sagar/Developer/Robotics/Getting-Started-with-ROS2-A-Tutorial-Series/workspace/ros2_ws/build/pub_sub_tutorial/prefix_override:/usr/lib/python3/dist-packages/colcon_core/task/python/colcon_distutils_commands:/home/sagar/Developer/Robotics/Getting-Started-with-ROS2-A-Tutorial-Series/workspace/ros2_ws/install/pub_sub_tutorial/lib/python3.10/site-packages:${PYTHONPATH} /usr/bin/python3 -W ignore:setup.py install is deprecated -W ignore:easy_install command is deprecated setup.py egg_info --egg-base ../../build/pub_sub_tutorial build --build-base /home/sagar/Developer/Robotics/Getting-Started-with-ROS2-A-Tutorial-Series/workspace/ros2_ws/build/pub_sub_tutorial/build install --record /home/sagar/Developer/Robotics/Getting-Started-with-ROS2-A-Tutorial-Series/workspace/ros2_ws/build/pub_sub_tutorial/install.log --single-version-externally-managed install_data
[9.258s] DEBUG:colcon.colcon_core.event_handler.log_command:Invoking command in '/home/sagar/Developer/Robotics/Getting-Started-with-ROS2-A-Tutorial-Series/workspace/ros2_ws/src/simple_node_example': PYTHONPATH=/home/sagar/Developer/Robotics/Getting-Started-with-ROS2-A-Tutorial-Series/workspace/ros2_ws/build/simple_node_example/prefix_override:/usr/lib/python3/dist-packages/colcon_core/task/python/colcon_distutils_commands:/home/sagar/Developer/Robotics/Getting-Started-with-ROS2-A-Tutorial-Series/workspace/ros2_ws/install/simple_node_example/lib/python3.10/site-packages:${PYTHONPATH} /usr/bin/python3 -W ignore:setup.py install is deprecated -W ignore:easy_install command is deprecated setup.py egg_info --egg-base ../../build/simple_node_example build --build-base /home/sagar/Developer/Robotics/Getting-Started-with-ROS2-A-Tutorial-Series/workspace/ros2_ws/build/simple_node_example/build install --record /home/sagar/Developer/Robotics/Getting-Started-with-ROS2-A-Tutorial-Series/workspace/ros2_ws/build/simple_node_example/install.log --single-version-externally-managed install_data
[9.549s] DEBUG:colcon.colcon_core.event_handler.log_command:Invoking command in '/home/sagar/Developer/Robotics/Getting-Started-with-ROS2-A-Tutorial-Series/workspace/ros2_ws/src/rotate_turtle_action_client': PYTHONPATH=/home/sagar/Developer/Robotics/Getting-Started-with-ROS2-A-Tutorial-Series/workspace/ros2_ws/build/rotate_turtle_action_client/prefix_override:/usr/lib/python3/dist-packages/colcon_core/task/python/colcon_distutils_commands:/home/sagar/Developer/Robotics/Getting-Started-with-ROS2-A-Tutorial-Series/workspace/ros2_ws/install/rotate_turtle_action_client/lib/python3.10/site-packages:${PYTHONPATH} /usr/bin/python3 -W ignore:setup.py install is deprecated -W ignore:easy_install command is deprecated setup.py egg_info --egg-base ../../build/rotate_turtle_action_client build --build-base /home/sagar/Developer/Robotics/Getting-Started-with-ROS2-A-Tutorial-Series/workspace/ros2_ws/build/rotate_turtle_action_client/build install --record /home/sagar/Developer/Robotics/Getting-Started-with-ROS2-A-Tutorial-Series/workspace/ros2_ws/build/rotate_turtle_action_client/install.log --single-version-externally-managed install_data
[11.658s] DEBUG:colcon.colcon_core.event_handler.log_command:Invoked command in '/home/sagar/Developer/Robotics/Getting-Started-with-ROS2-A-Tutorial-Series/workspace/ros2_ws/src/pub_sub_tutorial' returned '0': PYTHONPATH=/home/sagar/Developer/Robotics/Getting-Started-with-ROS2-A-Tutorial-Series/workspace/ros2_ws/build/pub_sub_tutorial/prefix_override:/usr/lib/python3/dist-packages/colcon_core/task/python/colcon_distutils_commands:/home/sagar/Developer/Robotics/Getting-Started-with-ROS2-A-Tutorial-Series/workspace/ros2_ws/install/pub_sub_tutorial/lib/python3.10/site-packages:${PYTHONPATH} /usr/bin/python3 -W ignore:setup.py install is deprecated -W ignore:easy_install command is deprecated setup.py egg_info --egg-base ../../build/pub_sub_tutorial build --build-base /home/sagar/Developer/Robotics/Getting-Started-with-ROS2-A-Tutorial-Series/workspace/ros2_ws/build/pub_sub_tutorial/build install --record /home/sagar/Developer/Robotics/Getting-Started-with-ROS2-A-Tutorial-Series/workspace/ros2_ws/build/pub_sub_tutorial/install.log --single-version-externally-managed install_data
[11.681s] Level 1:colcon.colcon_core.environment:checking '/home/sagar/Developer/Robotics/Getting-Started-with-ROS2-A-Tutorial-Series/workspace/ros2_ws/install/pub_sub_tutorial' for CMake module files
[11.684s] Level 1:colcon.colcon_core.environment:checking '/home/sagar/Developer/Robotics/Getting-Started-with-ROS2-A-Tutorial-Series/workspace/ros2_ws/install/pub_sub_tutorial' for CMake config files
[11.687s] Level 1:colcon.colcon_core.environment:checking '/home/sagar/Developer/Robotics/Getting-Started-with-ROS2-A-Tutorial-Series/workspace/ros2_ws/install/pub_sub_tutorial/lib'
[11.689s] Level 1:colcon.colcon_core.environment:checking '/home/sagar/Developer/Robotics/Getting-Started-with-ROS2-A-Tutorial-Series/workspace/ros2_ws/install/pub_sub_tutorial/bin'
[11.690s] Level 1:colcon.colcon_core.environment:checking '/home/sagar/Developer/Robotics/Getting-Started-with-ROS2-A-Tutorial-Series/workspace/ros2_ws/install/pub_sub_tutorial/lib/pkgconfig/pub_sub_tutorial.pc'
[11.691s] Level 1:colcon.colcon_core.environment:checking '/home/sagar/Developer/Robotics/Getting-Started-with-ROS2-A-Tutorial-Series/workspace/ros2_ws/install/pub_sub_tutorial/lib/python3.10/site-packages'
[11.692s] Level 1:colcon.colcon_core.shell:create_environment_hook('pub_sub_tutorial', 'pythonpath')
[11.693s] INFO:colcon.colcon_core.shell:Creating environment hook '/home/sagar/Developer/Robotics/Getting-Started-with-ROS2-A-Tutorial-Series/workspace/ros2_ws/install/pub_sub_tutorial/share/pub_sub_tutorial/hook/pythonpath.ps1'
[11.695s] INFO:colcon.colcon_core.shell:Creating environment descriptor '/home/sagar/Developer/Robotics/Getting-Started-with-ROS2-A-Tutorial-Series/workspace/ros2_ws/install/pub_sub_tutorial/share/pub_sub_tutorial/hook/pythonpath.dsv'
[11.697s] INFO:colcon.colcon_core.shell:Creating environment hook '/home/sagar/Developer/Robotics/Getting-Started-with-ROS2-A-Tutorial-Series/workspace/ros2_ws/install/pub_sub_tutorial/share/pub_sub_tutorial/hook/pythonpath.sh'
[11.700s] Level 1:colcon.colcon_core.environment:checking '/home/sagar/Developer/Robotics/Getting-Started-with-ROS2-A-Tutorial-Series/workspace/ros2_ws/install/pub_sub_tutorial/bin'
[11.700s] Level 1:colcon.colcon_core.environment:create_environment_scripts_only(pub_sub_tutorial)
[11.702s] INFO:colcon.colcon_core.shell:Creating package script '/home/sagar/Developer/Robotics/Getting-Started-with-ROS2-A-Tutorial-Series/workspace/ros2_ws/install/pub_sub_tutorial/share/pub_sub_tutorial/package.ps1'
[11.706s] INFO:colcon.colcon_core.shell:Creating package descriptor '/home/sagar/Developer/Robotics/Getting-Started-with-ROS2-A-Tutorial-Series/workspace/ros2_ws/install/pub_sub_tutorial/share/pub_sub_tutorial/package.dsv'
[11.709s] INFO:colcon.colcon_core.shell:Creating package script '/home/sagar/Developer/Robotics/Getting-Started-with-ROS2-A-Tutorial-Series/workspace/ros2_ws/install/pub_sub_tutorial/share/pub_sub_tutorial/package.sh'
[11.713s] INFO:colcon.colcon_core.shell:Creating package script '/home/sagar/Developer/Robotics/Getting-Started-with-ROS2-A-Tutorial-Series/workspace/ros2_ws/install/pub_sub_tutorial/share/pub_sub_tutorial/package.bash'
[11.716s] INFO:colcon.colcon_core.shell:Creating package script '/home/sagar/Developer/Robotics/Getting-Started-with-ROS2-A-Tutorial-Series/workspace/ros2_ws/install/pub_sub_tutorial/share/pub_sub_tutorial/package.zsh'
[11.720s] Level 1:colcon.colcon_core.environment:create_file_with_runtime_dependencies(/home/sagar/Developer/Robotics/Getting-Started-with-ROS2-A-Tutorial-Series/workspace/ros2_ws/install/pub_sub_tutorial/share/colcon-core/packages/pub_sub_tutorial)
[11.727s] Level 1:colcon.colcon_core.environment:checking '/home/sagar/Developer/Robotics/Getting-Started-with-ROS2-A-Tutorial-Series/workspace/ros2_ws/install/rotate_turtle_action_client' for CMake module files
[11.730s] DEBUG:colcon.colcon_core.event_handler.log_command:Invoked command in '/home/sagar/Developer/Robotics/Getting-Started-with-ROS2-A-Tutorial-Series/workspace/ros2_ws/src/rotate_turtle_action_client' returned '0': PYTHONPATH=/home/sagar/Developer/Robotics/Getting-Started-with-ROS2-A-Tutorial-Series/workspace/ros2_ws/build/rotate_turtle_action_client/prefix_override:/usr/lib/python3/dist-packages/colcon_core/task/python/colcon_distutils_commands:/home/sagar/Developer/Robotics/Getting-Started-with-ROS2-A-Tutorial-Series/workspace/ros2_ws/install/rotate_turtle_action_client/lib/python3.10/site-packages:${PYTHONPATH} /usr/bin/python3 -W ignore:setup.py install is deprecated -W ignore:easy_install command is deprecated setup.py egg_info --egg-base ../../build/rotate_turtle_action_client build --build-base /home/sagar/Developer/Robotics/Getting-Started-with-ROS2-A-Tutorial-Series/workspace/ros2_ws/build/rotate_turtle_action_client/build install --record /home/sagar/Developer/Robotics/Getting-Started-with-ROS2-A-Tutorial-Series/workspace/ros2_ws/build/rotate_turtle_action_client/install.log --single-version-externally-managed install_data
[11.731s] Level 1:colcon.colcon_core.environment:checking '/home/sagar/Developer/Robotics/Getting-Started-with-ROS2-A-Tutorial-Series/workspace/ros2_ws/install/rotate_turtle_action_client' for CMake config files
[11.733s] Level 1:colcon.colcon_core.environment:checking '/home/sagar/Developer/Robotics/Getting-Started-with-ROS2-A-Tutorial-Series/workspace/ros2_ws/install/rotate_turtle_action_client/lib'
[11.733s] Level 1:colcon.colcon_core.environment:checking '/home/sagar/Developer/Robotics/Getting-Started-with-ROS2-A-Tutorial-Series/workspace/ros2_ws/install/rotate_turtle_action_client/bin'
[11.733s] Level 1:colcon.colcon_core.environment:checking '/home/sagar/Developer/Robotics/Getting-Started-with-ROS2-A-Tutorial-Series/workspace/ros2_ws/install/rotate_turtle_action_client/lib/pkgconfig/rotate_turtle_action_client.pc'
[11.734s] Level 1:colcon.colcon_core.environment:checking '/home/sagar/Developer/Robotics/Getting-Started-with-ROS2-A-Tutorial-Series/workspace/ros2_ws/install/rotate_turtle_action_client/lib/python3.10/site-packages'
[11.734s] Level 1:colcon.colcon_core.shell:create_environment_hook('rotate_turtle_action_client', 'pythonpath')
[11.735s] INFO:colcon.colcon_core.shell:Creating environment hook '/home/sagar/Developer/Robotics/Getting-Started-with-ROS2-A-Tutorial-Series/workspace/ros2_ws/install/rotate_turtle_action_client/share/rotate_turtle_action_client/hook/pythonpath.ps1'
[11.737s] INFO:colcon.colcon_core.shell:Creating environment descriptor '/home/sagar/Developer/Robotics/Getting-Started-with-ROS2-A-Tutorial-Series/workspace/ros2_ws/install/rotate_turtle_action_client/share/rotate_turtle_action_client/hook/pythonpath.dsv'
[11.739s] INFO:colcon.colcon_core.shell:Creating environment hook '/home/sagar/Developer/Robotics/Getting-Started-with-ROS2-A-Tutorial-Series/workspace/ros2_ws/install/rotate_turtle_action_client/share/rotate_turtle_action_client/hook/pythonpath.sh'
[11.741s] Level 1:colcon.colcon_core.environment:checking '/home/sagar/Developer/Robotics/Getting-Started-with-ROS2-A-Tutorial-Series/workspace/ros2_ws/install/rotate_turtle_action_client/bin'
[11.741s] Level 1:colcon.colcon_core.environment:create_environment_scripts_only(rotate_turtle_action_client)
[11.742s] INFO:colcon.colcon_core.shell:Creating package script '/home/sagar/Developer/Robotics/Getting-Started-with-ROS2-A-Tutorial-Series/workspace/ros2_ws/install/rotate_turtle_action_client/share/rotate_turtle_action_client/package.ps1'
[11.744s] INFO:colcon.colcon_core.shell:Creating package descriptor '/home/sagar/Developer/Robotics/Getting-Started-with-ROS2-A-Tutorial-Series/workspace/ros2_ws/install/rotate_turtle_action_client/share/rotate_turtle_action_client/package.dsv'
[11.746s] INFO:colcon.colcon_core.shell:Creating package script '/home/sagar/Developer/Robotics/Getting-Started-with-ROS2-A-Tutorial-Series/workspace/ros2_ws/install/rotate_turtle_action_client/share/rotate_turtle_action_client/package.sh'
[11.748s] INFO:colcon.colcon_core.shell:Creating package script '/home/sagar/Developer/Robotics/Getting-Started-with-ROS2-A-Tutorial-Series/workspace/ros2_ws/install/rotate_turtle_action_client/share/rotate_turtle_action_client/package.bash'
[11.749s] INFO:colcon.colcon_core.shell:Creating package script '/home/sagar/Developer/Robotics/Getting-Started-with-ROS2-A-Tutorial-Series/workspace/ros2_ws/install/rotate_turtle_action_client/share/rotate_turtle_action_client/package.zsh'
[11.751s] Level 1:colcon.colcon_core.environment:create_file_with_runtime_dependencies(/home/sagar/Developer/Robotics/Getting-Started-with-ROS2-A-Tutorial-Series/workspace/ros2_ws/install/rotate_turtle_action_client/share/colcon-core/packages/rotate_turtle_action_client)
[11.753s] Level 1:colcon.colcon_core.environment:checking '/home/sagar/Developer/Robotics/Getting-Started-with-ROS2-A-Tutorial-Series/workspace/ros2_ws/install/battery_status' for CMake module files
[11.756s] Level 1:colcon.colcon_core.environment:checking '/home/sagar/Developer/Robotics/Getting-Started-with-ROS2-A-Tutorial-Series/workspace/ros2_ws/install/battery_status' for CMake config files
[11.759s] DEBUG:colcon.colcon_core.event_handler.log_command:Invoked command in '/home/sagar/Developer/Robotics/Getting-Started-with-ROS2-A-Tutorial-Series/workspace/ros2_ws/src/battery_status' returned '0': PYTHONPATH=/home/sagar/Developer/Robotics/Getting-Started-with-ROS2-A-Tutorial-Series/workspace/ros2_ws/build/battery_status/prefix_override:/usr/lib/python3/dist-packages/colcon_core/task/python/colcon_distutils_commands:/home/sagar/Developer/Robotics/Getting-Started-with-ROS2-A-Tutorial-Series/workspace/ros2_ws/install/battery_status/lib/python3.10/site-packages:${PYTHONPATH} /usr/bin/python3 -W ignore:setup.py install is deprecated -W ignore:easy_install command is deprecated setup.py egg_info --egg-base ../../build/battery_status build --build-base /home/sagar/Developer/Robotics/Getting-Started-with-ROS2-A-Tutorial-Series/workspace/ros2_ws/build/battery_status/build install --record /home/sagar/Developer/Robotics/Getting-Started-with-ROS2-A-Tutorial-Series/workspace/ros2_ws/build/battery_status/install.log --single-version-externally-managed install_data
[11.761s] Level 1:colcon.colcon_core.environment:checking '/home/sagar/Developer/Robotics/Getting-Started-with-ROS2-A-Tutorial-Series/workspace/ros2_ws/install/battery_status/lib'
[11.761s] Level 1:colcon.colcon_core.environment:checking '/home/sagar/Developer/Robotics/Getting-Started-with-ROS2-A-Tutorial-Series/workspace/ros2_ws/install/battery_status/bin'
[11.761s] Level 1:colcon.colcon_core.environment:checking '/home/sagar/Developer/Robotics/Getting-Started-with-ROS2-A-Tutorial-Series/workspace/ros2_ws/install/battery_status/lib/pkgconfig/battery_status.pc'
[11.762s] Level 1:colcon.colcon_core.environment:checking '/home/sagar/Developer/Robotics/Getting-Started-with-ROS2-A-Tutorial-Series/workspace/ros2_ws/install/battery_status/lib/python3.10/site-packages'
[11.763s] Level 1:colcon.colcon_core.shell:create_environment_hook('battery_status', 'pythonpath')
[11.764s] INFO:colcon.colcon_core.shell:Creating environment hook '/home/sagar/Developer/Robotics/Getting-Started-with-ROS2-A-Tutorial-Series/workspace/ros2_ws/install/battery_status/share/battery_status/hook/pythonpath.ps1'
[11.765s] INFO:colcon.colcon_core.shell:Creating environment descriptor '/home/sagar/Developer/Robotics/Getting-Started-with-ROS2-A-Tutorial-Series/workspace/ros2_ws/install/battery_status/share/battery_status/hook/pythonpath.dsv'
[11.766s] INFO:colcon.colcon_core.shell:Creating environment hook '/home/sagar/Developer/Robotics/Getting-Started-with-ROS2-A-Tutorial-Series/workspace/ros2_ws/install/battery_status/share/battery_status/hook/pythonpath.sh'
[11.768s] Level 1:colcon.colcon_core.environment:checking '/home/sagar/Developer/Robotics/Getting-Started-with-ROS2-A-Tutorial-Series/workspace/ros2_ws/install/battery_status/bin'
[11.769s] Level 1:colcon.colcon_core.environment:create_environment_scripts_only(battery_status)
[11.770s] INFO:colcon.colcon_core.shell:Creating package script '/home/sagar/Developer/Robotics/Getting-Started-with-ROS2-A-Tutorial-Series/workspace/ros2_ws/install/battery_status/share/battery_status/package.ps1'
[11.772s] INFO:colcon.colcon_core.shell:Creating package descriptor '/home/sagar/Developer/Robotics/Getting-Started-with-ROS2-A-Tutorial-Series/workspace/ros2_ws/install/battery_status/share/battery_status/package.dsv'
[11.774s] INFO:colcon.colcon_core.shell:Creating package script '/home/sagar/Developer/Robotics/Getting-Started-with-ROS2-A-Tutorial-Series/workspace/ros2_ws/install/battery_status/share/battery_status/package.sh'
[11.776s] INFO:colcon.colcon_core.shell:Creating package script '/home/sagar/Developer/Robotics/Getting-Started-with-ROS2-A-Tutorial-Series/workspace/ros2_ws/install/battery_status/share/battery_status/package.bash'
[11.777s] INFO:colcon.colcon_core.shell:Creating package script '/home/sagar/Developer/Robotics/Getting-Started-with-ROS2-A-Tutorial-Series/workspace/ros2_ws/install/battery_status/share/battery_status/package.zsh'
[11.778s] Level 1:colcon.colcon_core.environment:create_file_with_runtime_dependencies(/home/sagar/Developer/Robotics/Getting-Started-with-ROS2-A-Tutorial-Series/workspace/ros2_ws/install/battery_status/share/colcon-core/packages/battery_status)
[12.184s] Level 1:colcon.colcon_core.environment:checking '/home/sagar/Developer/Robotics/Getting-Started-with-ROS2-A-Tutorial-Series/workspace/ros2_ws/install/simple_node_example' for CMake module files
[12.186s] DEBUG:colcon.colcon_core.event_handler.log_command:Invoked command in '/home/sagar/Developer/Robotics/Getting-Started-with-ROS2-A-Tutorial-Series/workspace/ros2_ws/src/simple_node_example' returned '0': PYTHONPATH=/home/sagar/Developer/Robotics/Getting-Started-with-ROS2-A-Tutorial-Series/workspace/ros2_ws/build/simple_node_example/prefix_override:/usr/lib/python3/dist-packages/colcon_core/task/python/colcon_distutils_commands:/home/sagar/Developer/Robotics/Getting-Started-with-ROS2-A-Tutorial-Series/workspace/ros2_ws/install/simple_node_example/lib/python3.10/site-packages:${PYTHONPATH} /usr/bin/python3 -W ignore:setup.py install is deprecated -W ignore:easy_install command is deprecated setup.py egg_info --egg-base ../../build/simple_node_example build --build-base /home/sagar/Developer/Robotics/Getting-Started-with-ROS2-A-Tutorial-Series/workspace/ros2_ws/build/simple_node_example/build install --record /home/sagar/Developer/Robotics/Getting-Started-with-ROS2-A-Tutorial-Series/workspace/ros2_ws/build/simple_node_example/install.log --single-version-externally-managed install_data
[12.188s] Level 1:colcon.colcon_core.environment:checking '/home/sagar/Developer/Robotics/Getting-Started-with-ROS2-A-Tutorial-Series/workspace/ros2_ws/install/simple_node_example' for CMake config files
[12.191s] Level 1:colcon.colcon_core.environment:checking '/home/sagar/Developer/Robotics/Getting-Started-with-ROS2-A-Tutorial-Series/workspace/ros2_ws/install/simple_node_example/lib'
[12.192s] Level 1:colcon.colcon_core.environment:checking '/home/sagar/Developer/Robotics/Getting-Started-with-ROS2-A-Tutorial-Series/workspace/ros2_ws/install/simple_node_example/bin'
[12.192s] Level 1:colcon.colcon_core.environment:checking '/home/sagar/Developer/Robotics/Getting-Started-with-ROS2-A-Tutorial-Series/workspace/ros2_ws/install/simple_node_example/lib/pkgconfig/simple_node_example.pc'
[12.194s] Level 1:colcon.colcon_core.environment:checking '/home/sagar/Developer/Robotics/Getting-Started-with-ROS2-A-Tutorial-Series/workspace/ros2_ws/install/simple_node_example/lib/python3.10/site-packages'
[12.195s] Level 1:colcon.colcon_core.shell:create_environment_hook('simple_node_example', 'pythonpath')
[12.197s] INFO:colcon.colcon_core.shell:Creating environment hook '/home/sagar/Developer/Robotics/Getting-Started-with-ROS2-A-Tutorial-Series/workspace/ros2_ws/install/simple_node_example/share/simple_node_example/hook/pythonpath.ps1'
[12.199s] INFO:colcon.colcon_core.shell:Creating environment descriptor '/home/sagar/Developer/Robotics/Getting-Started-with-ROS2-A-Tutorial-Series/workspace/ros2_ws/install/simple_node_example/share/simple_node_example/hook/pythonpath.dsv'
[12.201s] INFO:colcon.colcon_core.shell:Creating environment hook '/home/sagar/Developer/Robotics/Getting-Started-with-ROS2-A-Tutorial-Series/workspace/ros2_ws/install/simple_node_example/share/simple_node_example/hook/pythonpath.sh'
[12.205s] Level 1:colcon.colcon_core.environment:checking '/home/sagar/Developer/Robotics/Getting-Started-with-ROS2-A-Tutorial-Series/workspace/ros2_ws/install/simple_node_example/bin'
[12.206s] Level 1:colcon.colcon_core.environment:create_environment_scripts_only(simple_node_example)
[12.208s] INFO:colcon.colcon_core.shell:Creating package script '/home/sagar/Developer/Robotics/Getting-Started-with-ROS2-A-Tutorial-Series/workspace/ros2_ws/install/simple_node_example/share/simple_node_example/package.ps1'
[12.211s] INFO:colcon.colcon_core.shell:Creating package descriptor '/home/sagar/Developer/Robotics/Getting-Started-with-ROS2-A-Tutorial-Series/workspace/ros2_ws/install/simple_node_example/share/simple_node_example/package.dsv'
[12.214s] INFO:colcon.colcon_core.shell:Creating package script '/home/sagar/Developer/Robotics/Getting-Started-with-ROS2-A-Tutorial-Series/workspace/ros2_ws/install/simple_node_example/share/simple_node_example/package.sh'
[12.217s] INFO:colcon.colcon_core.shell:Creating package script '/home/sagar/Developer/Robotics/Getting-Started-with-ROS2-A-Tutorial-Series/workspace/ros2_ws/install/simple_node_example/share/simple_node_example/package.bash'
[12.219s] INFO:colcon.colcon_core.shell:Creating package script '/home/sagar/Developer/Robotics/Getting-Started-with-ROS2-A-Tutorial-Series/workspace/ros2_ws/install/simple_node_example/share/simple_node_example/package.zsh'
[12.221s] Level 1:colcon.colcon_core.environment:create_file_with_runtime_dependencies(/home/sagar/Developer/Robotics/Getting-Started-with-ROS2-A-Tutorial-Series/workspace/ros2_ws/install/simple_node_example/share/colcon-core/packages/simple_node_example)
[12.223s] DEBUG:colcon.colcon_parallel_executor.executor.parallel:closing loop
[12.224s] DEBUG:colcon.colcon_parallel_executor.executor.parallel:loop closed
[12.225s] DEBUG:colcon.colcon_parallel_executor.executor.parallel:run_until_complete finished with '0'
[12.226s] DEBUG:colcon.colcon_core.event_reactor:joining thread
[12.260s] INFO:colcon.colcon_core.plugin_system:Skipping extension 'colcon_notification.desktop_notification.terminal_notifier': Not used on non-Darwin systems
[12.261s] INFO:colcon.colcon_core.plugin_system:Skipping extension 'colcon_notification.desktop_notification.win32': Not used on non-Windows systems
[12.261s] INFO:colcon.colcon_notification.desktop_notification:Sending desktop notification using 'notify2'
[12.810s] DEBUG:colcon.colcon_core.event_reactor:joined thread
[12.812s] INFO:colcon.colcon_core.shell:Creating prefix script '/home/sagar/Developer/Robotics/Getting-Started-with-ROS2-A-Tutorial-Series/workspace/ros2_ws/install/local_setup.ps1'
[12.817s] INFO:colcon.colcon_core.shell:Creating prefix util module '/home/sagar/Developer/Robotics/Getting-Started-with-ROS2-A-Tutorial-Series/workspace/ros2_ws/install/_local_setup_util_ps1.py'
[12.823s] INFO:colcon.colcon_core.shell:Creating prefix chain script '/home/sagar/Developer/Robotics/Getting-Started-with-ROS2-A-Tutorial-Series/workspace/ros2_ws/install/setup.ps1'
[12.828s] INFO:colcon.colcon_core.shell:Creating prefix script '/home/sagar/Developer/Robotics/Getting-Started-with-ROS2-A-Tutorial-Series/workspace/ros2_ws/install/local_setup.sh'
[12.830s] INFO:colcon.colcon_core.shell:Creating prefix util module '/home/sagar/Developer/Robotics/Getting-Started-with-ROS2-A-Tutorial-Series/workspace/ros2_ws/install/_local_setup_util_sh.py'
[12.833s] INFO:colcon.colcon_core.shell:Creating prefix chain script '/home/sagar/Developer/Robotics/Getting-Started-with-ROS2-A-Tutorial-Series/workspace/ros2_ws/install/setup.sh'
[12.837s] INFO:colcon.colcon_core.shell:Creating prefix script '/home/sagar/Developer/Robotics/Getting-Started-with-ROS2-A-Tutorial-Series/workspace/ros2_ws/install/local_setup.bash'
[12.840s] INFO:colcon.colcon_core.shell:Creating prefix chain script '/home/sagar/Developer/Robotics/Getting-Started-with-ROS2-A-Tutorial-Series/workspace/ros2_ws/install/setup.bash'
[12.844s] INFO:colcon.colcon_core.shell:Creating prefix script '/home/sagar/Developer/Robotics/Getting-Started-with-ROS2-A-Tutorial-Series/workspace/ros2_ws/install/local_setup.zsh'
[12.846s] INFO:colcon.colcon_core.shell:Creating prefix chain script '/home/sagar/Developer/Robotics/Getting-Started-with-ROS2-A-Tutorial-Series/workspace/ros2_ws/install/setup.zsh'
