[2.352s] Invoking command in '/home/sagar/Developer/Robotics/Getting-Started-with-ROS2-A-Tutorial-Series/workspace/ros2_ws/src/my_tutorials': PYTHONPATH=/home/sagar/Developer/Robotics/Getting-Started-with-ROS2-A-Tutorial-Series/workspace/ros2_ws/build/my_tutorials/prefix_override:/home/sagar/Developer/Robotics/Getting-Started-with-ROS2-A-Tutorial-Series/workspace/ros2_ws/install/my_tutorials/lib/python3.10/site-packages:${PYTHONPATH} /usr/bin/python3 -W ignore:setup.py install is deprecated setup.py egg_info --egg-base ../../build/my_tutorials build --build-base /home/sagar/Developer/Robotics/Getting-Started-with-ROS2-A-Tutorial-Series/workspace/ros2_ws/build/my_tutorials/build install --record /home/sagar/Developer/Robotics/Getting-Started-with-ROS2-A-Tutorial-Series/workspace/ros2_ws/build/my_tutorials/install.log --single-version-externally-managed install_data
[3.260s] running egg_info
[3.262s] writing ../../build/my_tutorials/my_tutorials.egg-info/PKG-INFO
[3.263s] writing dependency_links to ../../build/my_tutorials/my_tutorials.egg-info/dependency_links.txt
[3.263s] writing entry points to ../../build/my_tutorials/my_tutorials.egg-info/entry_points.txt
[3.264s] writing requirements to ../../build/my_tutorials/my_tutorials.egg-info/requires.txt
[3.264s] writing top-level names to ../../build/my_tutorials/my_tutorials.egg-info/top_level.txt
[3.277s] reading manifest file '../../build/my_tutorials/my_tutorials.egg-info/SOURCES.txt'
[3.281s] writing manifest file '../../build/my_tutorials/my_tutorials.egg-info/SOURCES.txt'
[3.281s] running build
[3.281s] running build_py
[3.282s] copying my_tutorials/simple_subscriber.py -> /home/sagar/Developer/Robotics/Getting-Started-with-ROS2-A-Tutorial-Series/workspace/ros2_ws/build/my_tutorials/build/lib/my_tutorials
[3.282s] copying my_tutorials/simple_publisher.py -> /home/sagar/Developer/Robotics/Getting-Started-with-ROS2-A-Tutorial-Series/workspace/ros2_ws/build/my_tutorials/build/lib/my_tutorials
[3.283s] running install
[3.284s] running install_lib
[3.286s] copying /home/sagar/Developer/Robotics/Getting-Started-with-ROS2-A-Tutorial-Series/workspace/ros2_ws/build/my_tutorials/build/lib/my_tutorials/simple_subscriber.py -> /home/sagar/Developer/Robotics/Getting-Started-with-ROS2-A-Tutorial-Series/workspace/ros2_ws/install/my_tutorials/lib/python3.10/site-packages/my_tutorials
[3.287s] copying /home/sagar/Developer/Robotics/Getting-Started-with-ROS2-A-Tutorial-Series/workspace/ros2_ws/build/my_tutorials/build/lib/my_tutorials/simple_publisher.py -> /home/sagar/Developer/Robotics/Getting-Started-with-ROS2-A-Tutorial-Series/workspace/ros2_ws/install/my_tutorials/lib/python3.10/site-packages/my_tutorials
[3.288s] byte-compiling /home/sagar/Developer/Robotics/Getting-Started-with-ROS2-A-Tutorial-Series/workspace/ros2_ws/install/my_tutorials/lib/python3.10/site-packages/my_tutorials/simple_subscriber.py to simple_subscriber.cpython-310.pyc
[3.290s] byte-compiling /home/sagar/Developer/Robotics/Getting-Started-with-ROS2-A-Tutorial-Series/workspace/ros2_ws/install/my_tutorials/lib/python3.10/site-packages/my_tutorials/simple_publisher.py to simple_publisher.cpython-310.pyc
[3.291s] running install_data
[3.292s] running install_egg_info
[3.298s] removing '/home/sagar/Developer/Robotics/Getting-Started-with-ROS2-A-Tutorial-Series/workspace/ros2_ws/install/my_tutorials/lib/python3.10/site-packages/my_tutorials-0.0.0-py3.10.egg-info' (and everything under it)
[3.298s] Copying ../../build/my_tutorials/my_tutorials.egg-info to /home/sagar/Developer/Robotics/Getting-Started-with-ROS2-A-Tutorial-Series/workspace/ros2_ws/install/my_tutorials/lib/python3.10/site-packages/my_tutorials-0.0.0-py3.10.egg-info
[3.301s] running install_scripts
[3.367s] Installing publisher script to /home/sagar/Developer/Robotics/Getting-Started-with-ROS2-A-Tutorial-Series/workspace/ros2_ws/install/my_tutorials/lib/my_tutorials
[3.368s] Installing subscriber script to /home/sagar/Developer/Robotics/Getting-Started-with-ROS2-A-Tutorial-Series/workspace/ros2_ws/install/my_tutorials/lib/my_tutorials
[3.369s] writing list of installed files to '/home/sagar/Developer/Robotics/Getting-Started-with-ROS2-A-Tutorial-Series/workspace/ros2_ws/build/my_tutorials/install.log'
[3.463s] Invoked command in '/home/sagar/Developer/Robotics/Getting-Started-with-ROS2-A-Tutorial-Series/workspace/ros2_ws/src/my_tutorials' returned '0': PYTHONPATH=/home/sagar/Developer/Robotics/Getting-Started-with-ROS2-A-Tutorial-Series/workspace/ros2_ws/build/my_tutorials/prefix_override:/home/sagar/Developer/Robotics/Getting-Started-with-ROS2-A-Tutorial-Series/workspace/ros2_ws/install/my_tutorials/lib/python3.10/site-packages:${PYTHONPATH} /usr/bin/python3 -W ignore:setup.py install is deprecated setup.py egg_info --egg-base ../../build/my_tutorials build --build-base /home/sagar/Developer/Robotics/Getting-Started-with-ROS2-A-Tutorial-Series/workspace/ros2_ws/build/my_tutorials/build install --record /home/sagar/Developer/Robotics/Getting-Started-with-ROS2-A-Tutorial-Series/workspace/ros2_ws/build/my_tutorials/install.log --single-version-externally-managed install_data
